     Program EFERMI_ELEC_EEH starting on 11 Nov 2021 at 14:11:29   

     This program is part of Michigan Auger Code (MAC).

        Version: 2.0
        Compiled on: 11 Nov 2021
        From branch: 'parallel_read_direct' with git hash: 47c98f
        By: Kyle Bushick

     We are running in parallel with   272 processors.

     Material Parameters
     -------------------
        prefix            =           Si
        alat              =      10.1645 bohr
        Vcell             =     262.5448 bohr^3
        epsilon infty     =      11.7000
        nbnd              =           34
        ivbm              =            4
        icbm              =            5
        vbm_band_deg      =            3
        cbm_band_deg      =            1
        vbm_valley_deg    =            1
        cbm_valley_deg    =            6
        read CBM energy?  =            T
        input CBM energy  =       6.4786
        read VBM energy?  =            T
        input VBM energy  =       5.2084
        nphonon           =            6
        valence electrons =       8.0000

        crystal axes: (in units of alat)
           -0.50000000,   0.00000000,  -0.50000000, 
            0.00000000,   0.50000000,   0.50000000, 
            0.50000000,   0.50000000,   0.00000000, 
        cartesian axes: (in units of 2*pi/a)
           -1.00000000,   1.00000000,  -1.00000000, 
           -1.00000000,   1.00000000,   1.00000000, 
            1.00000000,   1.00000000,  -1.00000000, 

     Calculation Parameters
     -------------------
        calculation            =   pre_direct
        scratch dir            =            .
        use_interp_eig?        =            T
        verbosity level        =            0
        temperature            =     300.0000 Kelvin
        density                =   0.1000E+20 cm^-3
        nkint_elec             =   96  96  96
        nkint_hole             =   96  96  96
        nq                     =    0   0   0

     Pre Direct Parameters
     -------------------
        cutoff_method          =   density   
        density_conv_thr       =       0.0100
        nkT_thr                =           20

     Wannier Parameters
     -------------------
        nwan                   =           26
        wannier grid           =    8   8   8
        wannier bands          =           34

 electron grid is commensurate with hole grid
 BROADCASTING VARIABLES...
 BROADCASTING ARRAYS...
 SCATTERING klist...
 First pass of BZ. Finding equivalent R-points
 First pass complete
 Second pass: equivalent R-points
 Second pass complete
 Allocating for wannier...
 Reading u matrix opt file: Si_u_dis.mat
 Reading u matrix file: Si_u.mat
 Reading .eig file: Si.eig
 Rotating for local wannier functions...
 Done rotating!
 FFTing...
 Done FFTing!
 Printing hamiltonian...
 Done printing hamiltonian!
 BROADCASTING ndegen, map...
 NKTOT:        3253  on proc 0
 Interpolating...
     300  of     3253 on proc 0
     600  of     3253 on proc 0
     900  of     3253 on proc 0
    1200  of     3253 on proc 0
    1500  of     3253 on proc 0
    1800  of     3253 on proc 0
    2100  of     3253 on proc 0
    2400  of     3253 on proc 0
    2700  of     3253 on proc 0
    3000  of     3253 on proc 0
 Done interpolating (rank 0)!
 GATHERING elda_out after interpolation...
 REFERENCE ENERGY:    6.4785953999999997       eV, read from input
 Writing interpolate eigenvalues to: interpolations/elec.dat
 STARTING: 
  -20.000000000000000        0.0000000000000000        20.000000000000000     
   0.0000000000000000        1.8554408641759642E+019   7.1539179170562212E+023
  
   0.0000000000000000        10.000000000000000        20.000000000000000     
   1.8554408641759642E+019   2.9735550881159079E+023   7.1539179170562212E+023
  
   0.0000000000000000        5.0000000000000000        10.000000000000000     
   1.8554408641759642E+019   1.4177875219205084E+023   2.9735550881159079E+023
  
   0.0000000000000000        2.5000000000000000        5.0000000000000000     
   1.8554408641759642E+019   5.4336954789690148E+022   1.4177875219205084E+023
  
   0.0000000000000000        1.2500000000000000        2.5000000000000000     
   1.8554408641759642E+019   1.4597461329795095E+022   5.4336954789690148E+022
  
   0.0000000000000000       0.62500000000000000        1.2500000000000000     
   1.8554408641759642E+019   4.3352856736800325E+021   1.4597461329795095E+022
  
   0.0000000000000000       0.31250000000000000       0.62500000000000000     
   1.8554408641759642E+019   1.3051906849339214E+021   4.3352856736800325E+021
  
   0.0000000000000000       0.15625000000000000       0.31250000000000000     
   1.8554408641759642E+019   3.7712938721411957E+020   1.3051906849339214E+021
  
   0.0000000000000000        7.8125000000000000E-002  0.15625000000000000     
   1.8554408641759642E+019   1.2757699534707068E+020   3.7712938721411957E+020
  
   0.0000000000000000        3.9062500000000000E-002   7.8125000000000000E-002
   1.8554408641759642E+019   5.6319712432169402E+019   1.2757699534707068E+020
  
   1.9531250000000000E-002   2.9296874999999997E-002   3.9062500000000000E-002
   3.3575903300841001E+019   4.3911681593633366E+019   5.6319712432169402E+019
  
   2.9296874999999997E-002   3.4179687499999993E-002   3.9062500000000000E-002
   4.3911681593633366E+019   4.9850991401998492E+019   5.6319712432169402E+019
  
   3.4179687499999993E-002   3.6621093750000000E-002   3.9062500000000000E-002
   4.9850991401998492E+019   5.3018650844159934E+019   5.6319712432169402E+019
  
   3.4179687499999993E-002   3.5400390625000000E-002   3.6621093750000000E-002
   4.9850991401998492E+019   5.1418203817369207E+019   5.3018650844159934E+019
  
   3.4179687499999993E-002   3.4790039062499993E-002   3.5400390625000000E-002
   4.9850991401998492E+019   5.0630451173341864E+019   5.1418203817369207E+019
  
   3.4179687499999993E-002   3.4484863281249993E-002   3.4790039062499993E-002
   4.9850991401998492E+019   5.0239685706343227E+019   5.0630451173341864E+019
  
   3.4179687499999993E-002   3.4332275390625000E-002   3.4484863281249993E-002
   4.9850991401998492E+019   5.0045079789938319E+019   5.0239685706343227E+019
  
   3.4255981445312500E-002   3.4294128417968750E-002   3.4332275390625000E-002
   4.9947970921462866E+019   4.9996509184998212E+019   5.0045079789938319E+019
  
   3.4294128417968750E-002   3.4313201904296875E-002   3.4332275390625000E-002
   4.9996509184998212E+019   5.0020790444534006E+019   5.0045079789938319E+019
  
   3.4294128417968750E-002   3.4303665161132812E-002   3.4313201904296875E-002
   4.9996509184998212E+019   5.0008648804063937E+019   5.0020790444534006E+019
  
   3.4294128417968750E-002   3.4298896789550781E-002   3.4303665161132812E-002
   4.9996509184998212E+019   5.0002578741860311E+019   5.0008648804063937E+019
  
   3.4296512603759766E-002   3.4297704696655280E-002   3.4298896789550781E-002
   4.9999543900261990E+019   5.0001061305268961E+019   5.0002578741860311E+019
  
   3.4296512603759766E-002   3.4297108650207520E-002   3.4297704696655280E-002
   4.9999543900261990E+019   5.0000302598816866E+019   5.0001061305268961E+019
  
   3.4296810626983643E-002   3.4296959638595588E-002   3.4297108650207520E-002
   4.9999923248552075E+019   5.0000112923438031E+019   5.0000302598816866E+019
  
   3.4296810626983643E-002   3.4296885132789619E-002   3.4296959638595588E-002
   4.9999923248552075E+019   5.0000018085933040E+019   5.0000112923438031E+019
  
 Now finding cutoff for    99.000000000000000      % of charge
  
           0 kT, density =    1.3704428835098620E+019
           1 kT, density =    2.9275847346766819E+019
           2 kT, density =    4.0127240360992555E+019
           3 kT, density =    4.5526485773926023E+019
           4 kT, density =    4.7966383249710383E+019
           5 kT, density =    4.9127370692906770E+019
           6 kT, density =    4.9629836287634317E+019
  
 Finished calculating efermi and nkT cutoff:
   efermi =    1.2603868234717041E-003
   nkT cutoff =            6
 Filename for density:density_efermi_elec.dat                                                                             
 Filename for nkT cutoff:nkT_cutoff_elec.dat                                                                                 
======================================================================
======================================================================
     Program EFERMI_ELEC_EEH ending on 11 Nov 2021 at 14:30: 6   
     Elapsed time:  0:18:37:390 hr
     JOB FINISHED.
======================================================================
======================================================================
