     Program DIRECT_AUGER_HHE starting on  6 May 2021 at 12:32:24   

     This program is part of Michigan Auger Code (MAC).

        Version: 1.5-beta
        Compiled on:  6 May 2021
        From branch: 'indirect' with git hash: 8b5013
        By: Kyle Bushick

     We are running in parallel with   272 processors.

     Material Parameters
     -------------------
        prefix            =           Si
        alat              =      10.1645 bohr
        Vcell             =     262.5448 bohr^3
        epsilon infty     =      11.7000
        nbnd              =           34
        ivbm              =            4
        icbm              =            5
        vbm_band_deg      =            3
        cbm_band_deg      =            1
        vbm_valley_deg    =            1
        cbm_valley_deg    =            6
        read CBM energy?  =            T
        input CBM energy  =       6.4786
        read VBM energy?  =            T
        input VBM energy  =       5.2084
        nphonon           =            6
        valence electrons =       8.0000

        crystal axes: (in units of alat)
           -0.50000000,   0.00000000,  -0.50000000, 
            0.00000000,   0.50000000,   0.50000000, 
            0.50000000,   0.50000000,   0.00000000, 
        cartesian axes: (in units of 2*pi/a)
           -1.00000000,   1.00000000,  -1.00000000, 
           -1.00000000,   1.00000000,   1.00000000, 
            1.00000000,   1.00000000,  -1.00000000, 

     Calculation Parameters
     -------------------
        calculation            =        auger
        scratch dir            =            .
        temperature            =     300.0000 Kelvin
        density                =   0.1000E+20 cm^-3
        nkint_elec             =   25  25  25
        nkint_hole             =   25  25  25
        nq                     =    0   0   0

     Auger Parameters
     -------------------
        screening model        =     combined
        Egap_min               =       1.0202 eV
        Egap_step              =       0.0100 eV
        direct first run?      =            F
        enforce energy cons?   =            T
        delta func. cutoff     =   0.1000E-05
        neta                   =            6
        neta_im                =            8
        eta values             =  0.020 0.050 0.100 0.200 0.300 0.500 (eV)
        eta_im values          =  0.010 0.020 0.030 0.050 0.100 0.200 0.300 0.500 (eV)

 electron grid is commensurate with hole grid
 Will use interpolated eigenvalues, loops bounded by nwan!
     Reading pre_direct data from supplied input file:
        efermi electron:      -0.0030


        efermi hole:       0.0040


        nkT cutoff electron:  10


        nkT cutoff hole:  10


 Screening model = combined
 Lambda =    1.8304411249737158E-002
 Lambda^2 =    3.3505147119950428E-004
 BROADCASTING VARIABLES...
 BROADCASTING ARRAYS...
 Generating G min indices
 Generating G min indices: DONE
 Energy conservation occurs in a window    4.1520993071685552       eV wide
 READING FILE: combinations.dat
 TOTAL COMBINATIONS:       510722
 PROC ZERO ON:         1000 OF:         1878
 Done with calc loop
======================================================================
======================================================================
     Program DIRECT_AUGER_HHE ending on  6 May 2021 at 12:35: 2   
     Elapsed time:  0: 2:37:791 hr
     JOB FINISHED.
======================================================================
======================================================================
