     Program EFERMI_ELEC_EEH starting on  7 Oct 2021 at  8:56:12   

     This program is part of Michigan Auger Code (MAC).

        Version: 1.5-beta
        Compiled on:  7 Oct 2021
        From branch: 'indirect' with git hash: 1d43a7
        By: Kyle Bushick

     We are running in parallel with    68 processors.

     Material Parameters
     -------------------
        prefix            =           Si
        alat              =      10.1645 bohr
        Vcell             =     262.5448 bohr^3
        epsilon infty     =      11.7000
        nbnd              =           34
        ivbm              =            4
        icbm              =            5
        vbm_band_deg      =            3
        cbm_band_deg      =            1
        vbm_valley_deg    =            1
        cbm_valley_deg    =            6
        read CBM energy?  =            T
        input CBM energy  =       6.4786
        read VBM energy?  =            T
        input VBM energy  =       5.2084
        nphonon           =            6
        valence electrons =       8.0000

        crystal axes: (in units of alat)
           -0.50000000,   0.00000000,  -0.50000000, 
            0.00000000,   0.50000000,   0.50000000, 
            0.50000000,   0.50000000,   0.00000000, 
        cartesian axes: (in units of 2*pi/a)
           -1.00000000,   1.00000000,  -1.00000000, 
           -1.00000000,   1.00000000,   1.00000000, 
            1.00000000,   1.00000000,  -1.00000000, 

     Calculation Parameters
     -------------------
        calculation            =   pre_direct
        scratch dir            =            .
        temperature            =     300.0000 Kelvin
        density                =   0.1000E+20 cm^-3
        nkint_elec             =   60  60  60
        nkint_hole             =   60  60  60
        nq                     =    0   0   0

     Pre Direct Parameters
     -------------------
        cutoff_method          =   density   
        density_conv_thr       =       0.0100
        nkT_thr                =           20

     Wannier Parameters
     -------------------
        nwan                   =           26
        wannier grid           =    8   8   8
        wannier bands          =           34

 electron grid is commensurate with hole grid
 BROADCASTING VARIABLES...
 BROADCASTING ARRAYS...
 SCATTERING klist...
 Reading interpolated eigenvalues from: interpolations/elec.dat
 Reading from interpolated eigenvalues. These are already  referenced to the conduction band with energy    6.4785953999999997       eV
 STARTING: 
  -20.000000000000000        0.0000000000000000        20.000000000000000     
   0.0000000000000000        1.8555475001320497E+019   7.1542934400891115E+023
  
  -10.000000000000000       -5.0000000000000000        0.0000000000000000     
   2.3260592056792718E-149   2.3036304004565365E-065   1.8555475001320497E+019
  
  -5.0000000000000000       -2.5000000000000000        0.0000000000000000     
   2.3036304004565365E-065   2.2924972290124450E-023   1.8555475001320497E+019
  
  -2.5000000000000000       -1.2500000000000000        0.0000000000000000     
   2.2924972290124450E-023   2.2869508365565925E-002   1.8555475001320497E+019
  
  -1.2500000000000000      -0.62500000000000000        0.0000000000000000     
   2.2869508365565925E-002   722321984.29220307        1.8555475001320497E+019
  
 -0.62500000000000000      -0.31250000000000000        0.0000000000000000     
   722321984.29220307        128371082273919.19        1.8555475001320497E+019
  
 -0.31250000000000000      -0.15625000000000000        0.0000000000000000     
   128371082273919.19        54084124331012992.        1.8555475001320497E+019
  
 -0.15625000000000000       -7.8125000000000000E-002   0.0000000000000000     
   54084124331012992.        1.0974102658095437E+018   1.8555475001320497E+019
  
  -7.8125000000000000E-002  -3.9062500000000000E-002   0.0000000000000000     
   1.0974102658095437E+018   4.7709107156816159E+018   1.8555475001320497E+019
  
  -7.8125000000000000E-002  -5.8593749999999993E-002  -3.9062500000000000E-002
   1.0974102658095437E+018   2.3043714664835779E+018   4.7709107156816159E+018
  
  -6.8359374999999986E-002  -6.3476562499999986E-002  -5.8593749999999993E-002
   1.5921811037008069E+018   1.9161495876304886E+018   2.3043714664835779E+018
  
  -6.3476562499999986E-002  -6.1035156249999986E-002  -5.8593749999999993E-002
   1.9161495876304886E+018   2.1015204004169684E+018   2.3043714664835779E+018
  
  -6.3476562499999986E-002  -6.2255859374999986E-002  -6.1035156249999986E-002
   1.9161495876304886E+018   2.0067428596271265E+018   2.1015204004169684E+018
  
  -6.2866210937499986E-002  -6.2561035156249986E-002  -6.2255859374999986E-002
   1.9609344121780700E+018   1.9837092973532887E+018   2.0067428596271265E+018
  
  -6.2561035156249986E-002  -6.2408447265624993E-002  -6.2255859374999986E-002
   1.9837092973532887E+018   1.9951935691573478E+018   2.0067428596271265E+018
  
  -6.2408447265624993E-002  -6.2332153320312493E-002  -6.2255859374999986E-002
   1.9951935691573478E+018   2.0009600651287724E+018   2.0067428596271265E+018
  
  -6.2370300292968743E-002  -6.2351226806640625E-002  -6.2332153320312493E-002
   1.9980747825726415E+018   1.9995169148651901E+018   2.0009600651287724E+018
  
  -6.2351226806640625E-002  -6.2341690063476562E-002  -6.2332153320312493E-002
   1.9995169148651901E+018   2.0002383627077161E+018   2.0009600651287724E+018
  
  -6.2346458435058587E-002  -6.2344074249267571E-002  -6.2341690063476562E-002
   1.9998776069694968E+018   2.0000579768836818E+018   2.0002383627077161E+018
  
  -6.2345266342163079E-002  -6.2344670295715325E-002  -6.2344074249267571E-002
   1.9999677899379405E+018   2.0000128829136548E+018   2.0000579768836818E+018
  
  -6.2344968318939209E-002  -6.2344819307327271E-002  -6.2344670295715325E-002
   1.9999903363015076E+018   2.0000016095765018E+018   2.0000128829136548E+018
  
 Now finding cutoff for    99.000000000000000      % of charge
  
           0 kT, density =    0.0000000000000000     
           1 kT, density =    0.0000000000000000     
           2 kT, density =    0.0000000000000000     
           3 kT, density =    1.8948783567341792E+017
           4 kT, density =    1.1197469188396723E+018
           5 kT, density =    1.5676044521525632E+018
           6 kT, density =    1.8165936028494157E+018
           7 kT, density =    1.9044016980010732E+018
           8 kT, density =    1.9632117787013056E+018
           9 kT, density =    1.9830060148954248E+018
  
 Finished calculating efermi and nkT cutoff:
   efermi =   -2.2911290183479181E-003
   nkT cutoff =            9
 Filename for density:density_efermi_elec.dat                                                                             
 Filename for nkT cutoff:nkT_cutoff_elec.dat                                                                                 
======================================================================
======================================================================
     Program EFERMI_ELEC_EEH ending on  7 Oct 2021 at  8:57:33   
     Elapsed time:  0: 1:21:633 hr
     JOB FINISHED.
======================================================================
======================================================================
