     Program EFERMI_ELEC_EEH starting on  7 Oct 2021 at  8:56:12   

     This program is part of Michigan Auger Code (MAC).

        Version: 1.5-beta
        Compiled on:  7 Oct 2021
        From branch: 'indirect' with git hash: 1d43a7
        By: Kyle Bushick

     We are running in parallel with    68 processors.

     Material Parameters
     -------------------
        prefix            =           Si
        alat              =      10.1645 bohr
        Vcell             =     262.5448 bohr^3
        epsilon infty     =      11.7000
        nbnd              =           34
        ivbm              =            4
        icbm              =            5
        vbm_band_deg      =            3
        cbm_band_deg      =            1
        vbm_valley_deg    =            1
        cbm_valley_deg    =            6
        read CBM energy?  =            T
        input CBM energy  =       6.4786
        read VBM energy?  =            T
        input VBM energy  =       5.2084
        nphonon           =            6
        valence electrons =       8.0000

        crystal axes: (in units of alat)
           -0.50000000,   0.00000000,  -0.50000000, 
            0.00000000,   0.50000000,   0.50000000, 
            0.50000000,   0.50000000,   0.00000000, 
        cartesian axes: (in units of 2*pi/a)
           -1.00000000,   1.00000000,  -1.00000000, 
           -1.00000000,   1.00000000,   1.00000000, 
            1.00000000,   1.00000000,  -1.00000000, 

     Calculation Parameters
     -------------------
        calculation            =   pre_direct
        scratch dir            =            .
        temperature            =     300.0000 Kelvin
        density                =   0.1000E+20 cm^-3
        nkint_elec             =   60  60  60
        nkint_hole             =   60  60  60
        nq                     =    0   0   0

     Pre Direct Parameters
     -------------------
        cutoff_method          =   density   
        density_conv_thr       =       0.0100
        nkT_thr                =           20

     Wannier Parameters
     -------------------
        nwan                   =           26
        wannier grid           =    8   8   8
        wannier bands          =           34

 electron grid is commensurate with hole grid
 BROADCASTING VARIABLES...
 BROADCASTING ARRAYS...
 SCATTERING klist...
 Reading interpolated eigenvalues from: interpolations/elec.dat
 Reading from interpolated eigenvalues. These are already  referenced to the conduction band with energy    6.4785953999999997       eV
 STARTING: 
  -20.000000000000000        0.0000000000000000        20.000000000000000     
   0.0000000000000000        1.8555475001320497E+019   7.1542934400891115E+023
  
  -10.000000000000000       -5.0000000000000000        0.0000000000000000     
   2.3260592056792718E-149   2.3036304004565365E-065   1.8555475001320497E+019
  
  -5.0000000000000000       -2.5000000000000000        0.0000000000000000     
   2.3036304004565365E-065   2.2924972290124450E-023   1.8555475001320497E+019
  
  -2.5000000000000000       -1.2500000000000000        0.0000000000000000     
   2.2924972290124450E-023   2.2869508365565925E-002   1.8555475001320497E+019
  
  -1.2500000000000000      -0.62500000000000000        0.0000000000000000     
   2.2869508365565925E-002   722321984.29220307        1.8555475001320497E+019
  
 -0.62500000000000000      -0.31250000000000000        0.0000000000000000     
   722321984.29220307        128371082273919.19        1.8555475001320497E+019
  
 -0.31250000000000000      -0.15625000000000000        0.0000000000000000     
   128371082273919.19        54084124331012992.        1.8555475001320497E+019
  
 -0.15625000000000000       -7.8125000000000000E-002   0.0000000000000000     
   54084124331012992.        1.0974102658095437E+018   1.8555475001320497E+019
  
  -7.8125000000000000E-002  -3.9062500000000000E-002   0.0000000000000000     
   1.0974102658095437E+018   4.7709107156816159E+018   1.8555475001320497E+019
  
  -3.9062500000000000E-002  -1.9531250000000000E-002   0.0000000000000000     
   4.7709107156816159E+018   9.6200536209153372E+018   1.8555475001320497E+019
  
  -1.9531250000000000E-002  -9.7656250000000000E-003   0.0000000000000000     
   9.6200536209153372E+018   1.3452036369260098E+019   1.8555475001320497E+019
  
  -1.9531250000000000E-002  -1.4648437499999998E-002  -9.7656250000000000E-003
   9.6200536209153372E+018   1.1393399115432933E+019   1.3452036369260098E+019
  
  -1.9531250000000000E-002  -1.7089843749999997E-002  -1.4648437499999998E-002
   9.6200536209153372E+018   1.0473074021323393E+019   1.1393399115432933E+019
  
  -1.9531250000000000E-002  -1.8310546875000000E-002  -1.7089843749999997E-002
   9.6200536209153372E+018   1.0038398289933613E+019   1.0473074021323393E+019
  
  -1.8920898437500000E-002  -1.8615722656250000E-002  -1.8310546875000000E-002
   9.8272152396977500E+018   9.9323002658442281E+018   1.0038398289933613E+019
  
  -1.8615722656250000E-002  -1.8463134765625000E-002  -1.8310546875000000E-002
   9.9323002658442281E+018   9.9852221744453509E+018   1.0038398289933613E+019
  
  -1.8463134765625000E-002  -1.8386840820312500E-002  -1.8310546875000000E-002
   9.9852221744453509E+018   1.0011778396417667E+019   1.0038398289933613E+019
  
  -1.8424987792968753E-002  -1.8405914306640628E-002  -1.8386840820312500E-002
   9.9984923339807191E+018   1.0005133376400079E+019   1.0011778396417667E+019
  
  -1.8424987792968753E-002  -1.8415451049804691E-002  -1.8405914306640628E-002
   9.9984923339807191E+018   1.0001812358107730E+019   1.0005133376400079E+019
  
  -1.8424987792968753E-002  -1.8420219421386719E-002  -1.8415451049804691E-002
   9.9984923339807191E+018   1.0000152221788090E+019   1.0001812358107730E+019
  
  -1.8422603607177734E-002  -1.8421411514282230E-002  -1.8420219421386719E-002
   9.9993222468222423E+018   9.9997372265393787E+018   1.0000152221788090E+019
  
  -1.8421411514282230E-002  -1.8420815467834476E-002  -1.8420219421386719E-002
   9.9997372265393787E+018   9.9999447222221599E+018   1.0000152221788090E+019
  
  -1.8420815467834476E-002  -1.8420517444610596E-002  -1.8420219421386719E-002
   9.9999447222221599E+018   1.0000048471519816E+019   1.0000152221788090E+019
  
  -1.8420666456222534E-002  -1.8420591950416565E-002  -1.8420517444610596E-002
   9.9999965967496950E+018   1.0000022534104433E+019   1.0000048471519816E+019
  
 Now finding cutoff for    99.000000000000000      % of charge
  
           0 kT, density =    0.0000000000000000     
           1 kT, density =    1.3789080592382250E+017
           2 kT, density =    3.5457510544248284E+018
           3 kT, density =    6.5595924669064806E+018
           4 kT, density =    8.5125544698369741E+018
           5 kT, density =    9.3502656373943009E+018
           6 kT, density =    9.7003947087827825E+018
           7 kT, density =    9.8847876207053906E+018
           8 kT, density =    9.9469620639791124E+018
  
 Finished calculating efermi and nkT cutoff:
   efermi =   -6.7694676035734999E-004
   nkT cutoff =            8
 Filename for density:density_efermi_elec.dat                                                                             
 Filename for nkT cutoff:nkT_cutoff_elec.dat                                                                                 
======================================================================
======================================================================
     Program EFERMI_ELEC_EEH ending on  7 Oct 2021 at  8:57:35   
     Elapsed time:  0: 1:23:109 hr
     JOB FINISHED.
======================================================================
======================================================================
