     Program EFERMI_ELEC_EEH starting on  6 Oct 2021 at 13:10:58   

     This program is part of Michigan Auger Code (MAC).

        Version: 1.5-beta
        Compiled on:  6 Oct 2021
        From branch: 'indirect' with git hash: 1d43a7
        By: Kyle Bushick

     We are running in parallel with    68 processors.

     Material Parameters
     -------------------
        prefix            =           Si
        alat              =      10.1645 bohr
        Vcell             =     262.5448 bohr^3
        epsilon infty     =      11.7000
        nbnd              =           34
        ivbm              =            4
        icbm              =            5
        vbm_band_deg      =            3
        cbm_band_deg      =            1
        vbm_valley_deg    =            1
        cbm_valley_deg    =            6
        read CBM energy?  =            T
        input CBM energy  =       6.4786
        read VBM energy?  =            T
        input VBM energy  =       5.2084
        nphonon           =            6
        valence electrons =       8.0000

        crystal axes: (in units of alat)
           -0.50000000,   0.00000000,  -0.50000000, 
            0.00000000,   0.50000000,   0.50000000, 
            0.50000000,   0.50000000,   0.00000000, 
        cartesian axes: (in units of 2*pi/a)
           -1.00000000,   1.00000000,  -1.00000000, 
           -1.00000000,   1.00000000,   1.00000000, 
            1.00000000,   1.00000000,  -1.00000000, 

     Calculation Parameters
     -------------------
        calculation            =   pre_direct
        scratch dir            =            .
        temperature            =     200.0000 Kelvin
        density                =   0.1000E+20 cm^-3
        nkint_elec             =   60  60  60
        nkint_hole             =   60  60  60
        nq                     =    0   0   0

     Pre Direct Parameters
     -------------------
        cutoff_method          =   density   
        density_conv_thr       =       0.0100
        nkT_thr                =           20

     Wannier Parameters
     -------------------
        nwan                   =           26
        wannier grid           =    8   8   8
        wannier bands          =           34

 electron grid is commensurate with hole grid
 BROADCASTING VARIABLES...
 BROADCASTING ARRAYS...
 SCATTERING klist...
 First pass of BZ. Finding equivalent R-points
 First pass complete
 Second pass: equivalent R-points
 Second pass complete
 Allocating for wannier...
 Reading u matrix opt file: Si_u_dis.mat
 Reading u matrix file: Si_u.mat
 Reading .eig file: Si.eig
 Rotating for local wannier functions...
 Done rotating!
 FFTing...
 Done FFTing!
 Printing hamiltonian...
 Done printing hamiltonian!
 BROADCASTING ndegen, map...
 NKTOT:        3177  on proc 0
 Interpolating...
     300  of     3177 on proc 0
     600  of     3177 on proc 0
     900  of     3177 on proc 0
    1200  of     3177 on proc 0
    1500  of     3177 on proc 0
    1800  of     3177 on proc 0
    2100  of     3177 on proc 0
    2400  of     3177 on proc 0
    2700  of     3177 on proc 0
    3000  of     3177 on proc 0
 Done interpolating (rank 0)!
 GATHERING elda_out after interpolation...
 REFERENCE ENERGY:    6.4785953999999997       eV, read from input
 Writing interpolate eigenvalues to: interpolations/elec.dat
 STARTING: 
  -20.000000000000000        0.0000000000000000        20.000000000000000     
   0.0000000000000000        8.7399534568587889E+018   7.1544685419539754E+023
  
  -10.000000000000000       -5.0000000000000000        0.0000000000000000     
   1.0856672580906075E-233   1.0700025066968931E-107   8.7399534568587889E+018
  
  -5.0000000000000000       -2.5000000000000000        0.0000000000000000     
   1.0700025066968931E-107   1.0622550940997834E-044   8.7399534568587889E+018
  
  -2.5000000000000000       -1.2500000000000000        0.0000000000000000     
   1.0622550940997834E-044   3.3469624202401801E-013   8.7399534568587889E+018
  
  -1.2500000000000000      -0.62500000000000000        0.0000000000000000     
   3.3469624202401801E-013   1878.7190667083044        8.7399534568587889E+018
  
 -0.62500000000000000      -0.31250000000000000        0.0000000000000000     
   1878.7190667083044        140756138862.29095        8.7399534568587889E+018
  
 -0.31250000000000000      -0.15625000000000000        0.0000000000000000     
   140756138862.29095        1218311722857821.8        8.7399534568587889E+018
  
 -0.15625000000000000       -7.8125000000000000E-002   0.0000000000000000     
   1218311722857821.8        1.1306766286754384E+017   8.7399534568587889E+018
  
  -7.8125000000000000E-002  -3.9062500000000000E-002   0.0000000000000000     
   1.1306766286754384E+017   1.0679556633290765E+018   8.7399534568587889E+018
  
  -5.8593749999999993E-002  -4.8828124999999993E-002  -3.9062500000000000E-002
   3.4933416411521101E+017   6.1208752216681766E+017   1.0679556633290765E+018
  
  -4.8828124999999993E-002  -4.3945312499999993E-002  -3.9062500000000000E-002
   6.1208752216681766E+017   8.0905231389656909E+017   1.0679556633290765E+018
  
  -4.3945312499999993E-002  -4.1503906249999993E-002  -3.9062500000000000E-002
   8.0905231389656909E+017   9.2971115140013197E+017   1.0679556633290765E+018
  
  -4.1503906249999993E-002  -4.0283203124999993E-002  -3.9062500000000000E-002
   9.2971115140013197E+017   9.9648959932082586E+017   1.0679556633290765E+018
  
  -4.0283203124999993E-002  -3.9672851562499993E-002  -3.9062500000000000E-002
   9.9648959932082586E+017   1.0316175209448028E+018   1.0679556633290765E+018
  
  -4.0283203124999993E-002  -3.9978027343749993E-002  -3.9672851562499993E-002
   9.9648959932082586E+017   1.0139047214186115E+018   1.0316175209448028E+018
  
  -4.0283203124999993E-002  -4.0130615234374993E-002  -3.9978027343749993E-002
   9.9648959932082586E+017   1.0051602516545165E+018   1.0139047214186115E+018
  
  -4.0283203124999993E-002  -4.0206909179687500E-002  -4.0130615234374993E-002
   9.9648959932082586E+017   1.0008157356877917E+018   1.0051602516545165E+018
  
  -4.0245056152343750E-002  -4.0225982666015625E-002  -4.0206909179687500E-002
   9.9865037471167488E+017   9.9973248142007462E+017   1.0008157356877917E+018
  
  -4.0225982666015625E-002  -4.0216445922851562E-002  -4.0206909179687500E-002
   9.9973248142007462E+017   1.0002739650362762E+018   1.0008157356877917E+018
  
  -4.0225982666015625E-002  -4.0221214294433587E-002  -4.0216445922851562E-002
   9.9973248142007462E+017   1.0000031873578614E+018   1.0002739650362762E+018
  
  -4.0223598480224609E-002  -4.0222406387329102E-002  -4.0221214294433587E-002
   9.9986782542253094E+017   9.9993550414844352E+017   1.0000031873578614E+018
  
  -4.0222406387329102E-002  -4.0221810340881348E-002  -4.0221214294433587E-002
   9.9993550414844352E+017   9.9996934519269402E+017   1.0000031873578614E+018
  
  -4.0221810340881348E-002  -4.0221512317657471E-002  -4.0221214294433587E-002
   9.9996934519269402E+017   9.9998626613516493E+017   1.0000031873578614E+018
  
  -4.0221512317657471E-002  -4.0221363306045525E-002  -4.0221214294433587E-002
   9.9998626613516493E+017   9.9999472671148134E+017   1.0000031873578614E+018
  
  -4.0221363306045525E-002  -4.0221288800239556E-002  -4.0221214294433587E-002
   9.9999472671148134E+017   9.9999895702591142E+017   1.0000031873578614E+018
  
  -4.0221288800239556E-002  -4.0221251547336571E-002  -4.0221214294433587E-002
   9.9999895702591142E+017   1.0000010721896978E+018   1.0000031873578614E+018
  
  -4.0221288800239556E-002  -4.0221270173788064E-002  -4.0221251547336571E-002
   9.9999895702591142E+017   1.0000000146072641E+018   1.0000010721896978E+018
  
 Now finding cutoff for    99.000000000000000      % of charge
  
           0 kT, density =    0.0000000000000000     
           1 kT, density =    0.0000000000000000     
           2 kT, density =    0.0000000000000000     
           3 kT, density =    1.1881231493209368E+017
           4 kT, density =    4.7735818362309536E+017
           5 kT, density =    8.1218140961671322E+017
           6 kT, density =    9.0591190254949107E+017
           7 kT, density =    9.5358943775374758E+017
           8 kT, density =    9.8701621253520269E+017
           9 kT, density =    9.9230469167599706E+017
  
 Finished calculating efermi and nkT cutoff:
   efermi =   -1.4781038789400578E-003
   nkT cutoff =            9
 Filename for density:density_efermi_elec.dat                                                                             
 Filename for nkT cutoff:nkT_cutoff_elec.dat                                                                                 
======================================================================
======================================================================
     Program EFERMI_ELEC_EEH ending on  6 Oct 2021 at 13:23:26   
     Elapsed time:  0:12:27:445 hr
     JOB FINISHED.
======================================================================
======================================================================
