     Program EFERMI_ELEC_EEH starting on  7 Oct 2021 at  8:56:12   

     This program is part of Michigan Auger Code (MAC).

        Version: 1.5-beta
        Compiled on:  7 Oct 2021
        From branch: 'indirect' with git hash: 1d43a7
        By: Kyle Bushick

     We are running in parallel with    68 processors.

     Material Parameters
     -------------------
        prefix            =           Si
        alat              =      10.1645 bohr
        Vcell             =     262.5448 bohr^3
        epsilon infty     =      11.7000
        nbnd              =           34
        ivbm              =            4
        icbm              =            5
        vbm_band_deg      =            3
        cbm_band_deg      =            1
        vbm_valley_deg    =            1
        cbm_valley_deg    =            6
        read CBM energy?  =            T
        input CBM energy  =       6.4786
        read VBM energy?  =            T
        input VBM energy  =       5.2084
        nphonon           =            6
        valence electrons =       8.0000

        crystal axes: (in units of alat)
           -0.50000000,   0.00000000,  -0.50000000, 
            0.00000000,   0.50000000,   0.50000000, 
            0.50000000,   0.50000000,   0.00000000, 
        cartesian axes: (in units of 2*pi/a)
           -1.00000000,   1.00000000,  -1.00000000, 
           -1.00000000,   1.00000000,   1.00000000, 
            1.00000000,   1.00000000,  -1.00000000, 

     Calculation Parameters
     -------------------
        calculation            =   pre_direct
        scratch dir            =            .
        temperature            =     300.0000 Kelvin
        density                =   0.1000E+20 cm^-3
        nkint_elec             =   60  60  60
        nkint_hole             =   60  60  60
        nq                     =    0   0   0

     Pre Direct Parameters
     -------------------
        cutoff_method          =   density   
        density_conv_thr       =       0.0100
        nkT_thr                =           20

     Wannier Parameters
     -------------------
        nwan                   =           26
        wannier grid           =    8   8   8
        wannier bands          =           34

 electron grid is commensurate with hole grid
 BROADCASTING VARIABLES...
 BROADCASTING ARRAYS...
 SCATTERING klist...
 Reading interpolated eigenvalues from: interpolations/elec.dat
 Reading from interpolated eigenvalues. These are already  referenced to the conduction band with energy    6.4785953999999997       eV
 STARTING: 
  -20.000000000000000        0.0000000000000000        20.000000000000000     
   0.0000000000000000        1.8555475001320497E+019   7.1542934400891115E+023
  
  -10.000000000000000       -5.0000000000000000        0.0000000000000000     
   2.3260592056792718E-149   2.3036304004565365E-065   1.8555475001320497E+019
  
  -5.0000000000000000       -2.5000000000000000        0.0000000000000000     
   2.3036304004565365E-065   2.2924972290124450E-023   1.8555475001320497E+019
  
  -2.5000000000000000       -1.2500000000000000        0.0000000000000000     
   2.2924972290124450E-023   2.2869508365565925E-002   1.8555475001320497E+019
  
  -1.2500000000000000      -0.62500000000000000        0.0000000000000000     
   2.2869508365565925E-002   722321984.29220307        1.8555475001320497E+019
  
 -0.62500000000000000      -0.31250000000000000        0.0000000000000000     
   722321984.29220307        128371082273919.19        1.8555475001320497E+019
  
 -0.31250000000000000      -0.15625000000000000        0.0000000000000000     
   128371082273919.19        54084124331012992.        1.8555475001320497E+019
  
 -0.15625000000000000       -7.8125000000000000E-002   0.0000000000000000     
   54084124331012992.        1.0974102658095437E+018   1.8555475001320497E+019
  
  -7.8125000000000000E-002  -3.9062500000000000E-002   0.0000000000000000     
   1.0974102658095437E+018   4.7709107156816159E+018   1.8555475001320497E+019
  
  -3.9062500000000000E-002  -1.9531250000000000E-002   0.0000000000000000     
   4.7709107156816159E+018   9.6200536209153372E+018   1.8555475001320497E+019
  
  -3.9062500000000000E-002  -2.9296874999999997E-002  -1.9531250000000000E-002
   4.7709107156816159E+018   6.8039626341246300E+018   9.6200536209153372E+018
  
  -3.9062500000000000E-002  -3.4179687499999993E-002  -2.9296874999999997E-002
   4.7709107156816159E+018   5.7028032395062118E+018   6.8039626341246300E+018
  
  -3.9062500000000000E-002  -3.6621093750000000E-002  -3.4179687499999993E-002
   4.7709107156816159E+018   5.2172230607518669E+018   5.7028032395062118E+018
  
  -3.7841796875000000E-002  -3.7231445312500000E-002  -3.6621093750000000E-002
   4.9893403937551626E+018   5.1020777411749140E+018   5.2172230607518669E+018
  
  -3.7841796875000000E-002  -3.7536621093749993E-002  -3.7231445312500000E-002
   4.9893403937551626E+018   5.0454108903914947E+018   5.1020777411749140E+018
  
  -3.7841796875000000E-002  -3.7689208984375000E-002  -3.7536621093749993E-002
   4.9893403937551626E+018   5.0173014481243075E+018   5.0454108903914947E+018
  
  -3.7841796875000000E-002  -3.7765502929687500E-002  -3.7689208984375000E-002
   4.9893403937551626E+018   5.0033024161103790E+018   5.0173014481243075E+018
  
  -3.7803649902343750E-002  -3.7784576416015625E-002  -3.7765502929687500E-002
   4.9963167841744507E+018   4.9998084442721321E+018   5.0033024161103790E+018
  
  -3.7784576416015625E-002  -3.7775039672851562E-002  -3.7765502929687500E-002
   4.9998084442721321E+018   5.0015551411385590E+018   5.0033024161103790E+018
  
  -3.7784576416015625E-002  -3.7779808044433594E-002  -3.7775039672851562E-002
   4.9998084442721321E+018   5.0006817204528292E+018   5.0015551411385590E+018
  
  -3.7784576416015625E-002  -3.7782192230224609E-002  -3.7779808044433594E-002
   4.9998084442721321E+018   5.0002450643006495E+018   5.0006817204528292E+018
  
  -3.7784576416015625E-002  -3.7783384323120124E-002  -3.7782192230224609E-002
   4.9998084442721321E+018   5.0000267497710653E+018   5.0002450643006495E+018
  
  -3.7783980369567878E-002  -3.7783682346344001E-002  -3.7783384323120124E-002
   4.9999175958927718E+018   4.9999721725497344E+018   5.0000267497710653E+018
  
  -3.7783682346344001E-002  -3.7783533334732056E-002  -3.7783384323120124E-002
   4.9999721725497344E+018   4.9999994610898422E+018   5.0000267497710653E+018
  
 Now finding cutoff for    99.000000000000000      % of charge
  
           0 kT, density =    0.0000000000000000     
           1 kT, density =    0.0000000000000000     
           2 kT, density =    4.2171088323831955E+017
           3 kT, density =    2.6490704501305994E+018
           4 kT, density =    3.8408549385494548E+018
           5 kT, density =    4.4986392811490929E+018
           6 kT, density =    4.7460629202740531E+018
           7 kT, density =    4.8994147452310497E+018
           8 kT, density =    4.9538741569497661E+018
  
 Finished calculating efermi and nkT cutoff:
   efermi =   -1.3885187350081299E-003
   nkT cutoff =            8
 Filename for density:density_efermi_elec.dat                                                                             
 Filename for nkT cutoff:nkT_cutoff_elec.dat                                                                                 
======================================================================
======================================================================
     Program EFERMI_ELEC_EEH ending on  7 Oct 2021 at  8:57:35   
     Elapsed time:  0: 1:23:331 hr
     JOB FINISHED.
======================================================================
======================================================================
