     Program EFERMI_ELEC_EEH starting on  6 Oct 2021 at 13:10:58   

     This program is part of Michigan Auger Code (MAC).

        Version: 1.5-beta
        Compiled on:  6 Oct 2021
        From branch: 'indirect' with git hash: 1d43a7
        By: Kyle Bushick

     We are running in parallel with    68 processors.

     Material Parameters
     -------------------
        prefix            =           Si
        alat              =      10.1645 bohr
        Vcell             =     262.5448 bohr^3
        epsilon infty     =      11.7000
        nbnd              =           34
        ivbm              =            4
        icbm              =            5
        vbm_band_deg      =            3
        cbm_band_deg      =            1
        vbm_valley_deg    =            1
        cbm_valley_deg    =            6
        read CBM energy?  =            T
        input CBM energy  =       6.4786
        read VBM energy?  =            T
        input VBM energy  =       5.2084
        nphonon           =            6
        valence electrons =       8.0000

        crystal axes: (in units of alat)
           -0.50000000,   0.00000000,  -0.50000000, 
            0.00000000,   0.50000000,   0.50000000, 
            0.50000000,   0.50000000,   0.00000000, 
        cartesian axes: (in units of 2*pi/a)
           -1.00000000,   1.00000000,  -1.00000000, 
           -1.00000000,   1.00000000,   1.00000000, 
            1.00000000,   1.00000000,  -1.00000000, 

     Calculation Parameters
     -------------------
        calculation            =   pre_direct
        scratch dir            =            .
        temperature            =     500.0000 Kelvin
        density                =   0.1000E+20 cm^-3
        nkint_elec             =   60  60  60
        nkint_hole             =   60  60  60
        nq                     =    0   0   0

     Pre Direct Parameters
     -------------------
        cutoff_method          =   density   
        density_conv_thr       =       0.0100
        nkT_thr                =           20

     Wannier Parameters
     -------------------
        nwan                   =           26
        wannier grid           =    8   8   8
        wannier bands          =           34

 electron grid is commensurate with hole grid
 BROADCASTING VARIABLES...
 BROADCASTING ARRAYS...
 SCATTERING klist...
 First pass of BZ. Finding equivalent R-points
 First pass complete
 Second pass: equivalent R-points
 Second pass complete
 Allocating for wannier...
 Reading u matrix opt file: Si_u_dis.mat
 Reading u matrix file: Si_u.mat
 Reading .eig file: Si.eig
 Rotating for local wannier functions...
 Done rotating!
 FFTing...
 Done FFTing!
 Printing hamiltonian...
 Done printing hamiltonian!
 BROADCASTING ndegen, map...
 NKTOT:        3177  on proc 0
 Interpolating...
     300  of     3177 on proc 0
     600  of     3177 on proc 0
     900  of     3177 on proc 0
    1200  of     3177 on proc 0
    1500  of     3177 on proc 0
    1800  of     3177 on proc 0
    2100  of     3177 on proc 0
    2400  of     3177 on proc 0
    2700  of     3177 on proc 0
    3000  of     3177 on proc 0
 Done interpolating (rank 0)!
 GATHERING elda_out after interpolation...
 REFERENCE ENERGY:    6.4785953999999997       eV, read from input
 Writing interpolate eigenvalues to: interpolations/elec.dat
 STARTING: 
  -20.000000000000000        0.0000000000000000        20.000000000000000     
   1.4969442377115962E-182   4.6826615516761383E+019   7.1541284944807548E+023
  
  -10.000000000000000       -5.0000000000000000        0.0000000000000000     
   9.3358973216872197E-082   2.3314778211849682E-031   4.6826615516761383E+019
  
  -5.0000000000000000       -2.5000000000000000        0.0000000000000000     
   2.3314778211849682E-031   3.6844180343213463E-006   4.6826615516761383E+019
  
  -2.5000000000000000       -1.2500000000000000        0.0000000000000000     
   3.6844180343213463E-006   14646629.805241678        4.6826615516761383E+019
  
  -1.2500000000000000      -0.62500000000000000        0.0000000000000000     
   14646629.805241678        29202635448944.801        4.6826615516761383E+019
  
 -0.62500000000000000      -0.31250000000000000        0.0000000000000000     
   29202635448944.801        41226713407308448.        4.6826615516761383E+019
  
 -0.31250000000000000      -0.15625000000000000        0.0000000000000000     
   41226713407308448.        1.5381361972714883E+018   4.6826615516761383E+019
  
 -0.23437499999999997      -0.19531249999999997      -0.15625000000000000     
   2.5246475595462602E+017   6.2396483197915110E+017   1.5381361972714883E+018
  
 -0.19531249999999997      -0.17578124999999997      -0.15625000000000000     
   6.2396483197915110E+017   9.8013626643861760E+017   1.5381361972714883E+018
  
 -0.17578124999999997      -0.16601562499999997      -0.15625000000000000     
   9.8013626643861760E+017   1.2280188717167598E+018   1.5381361972714883E+018
  
 -0.17578124999999997      -0.17089843749999997      -0.16601562499999997     
   9.8013626643861760E+017   1.0971351424216255E+018   1.2280188717167598E+018
  
 -0.17578124999999997      -0.17333984374999997      -0.17089843749999997     
   9.8013626643861760E+017   1.0369950671543005E+018   1.0971351424216255E+018
  
 -0.17578124999999997      -0.17456054687499997      -0.17333984374999997     
   9.8013626643861760E+017   1.0081668215958508E+018   1.0369950671543005E+018
  
 -0.17517089843749997      -0.17486572265624994      -0.17456054687499997     
   9.9405321351090483E+017   1.0010852637965364E+018   1.0081668215958508E+018
  
 -0.17501831054687494      -0.17494201660156244      -0.17486572265624994     
   9.9756307169694515E+017   9.9932262332795546E+017   1.0010852637965364E+018
  
 -0.17494201660156244      -0.17490386962890622      -0.17486572265624994     
   9.9932262332795546E+017   1.0002035571220982E+018   1.0010852637965364E+018
  
 -0.17492294311523432      -0.17491340637207026      -0.17490386962890622     
   9.9976299365693786E+017   9.9998325124226112E+017   1.0002035571220982E+018
  
 -0.17491340637207026      -0.17490863800048825      -0.17490386962890622     
   9.9998325124226112E+017   1.0000933981447064E+018   1.0002035571220982E+018
  
 -0.17491340637207026      -0.17491102218627927      -0.17490863800048825     
   9.9998325124226112E+017   1.0000383231841884E+018   1.0000933981447064E+018
  
 -0.17491340637207026      -0.17491221427917475      -0.17491102218627927     
   9.9998325124226112E+017   1.0000107868359104E+018   1.0000383231841884E+018
  
 -0.17491281032562250      -0.17491251230239863      -0.17491221427917475     
   9.9999701894476339E+017   1.0000039028667569E+018   1.0000107868359104E+018
  
 -0.17491281032562250      -0.17491266131401056      -0.17491251230239863     
   9.9999701894476339E+017   1.0000004608998720E+018   1.0000039028667569E+018
  
 Now finding cutoff for    99.000000000000000      % of charge
  
           0 kT, density =    0.0000000000000000     
           1 kT, density =    0.0000000000000000     
           2 kT, density =    0.0000000000000000     
           3 kT, density =    0.0000000000000000     
           4 kT, density =    0.0000000000000000     
           5 kT, density =    3.3034405215205254E+017
           6 kT, density =    6.3092561837885670E+017
           7 kT, density =    8.1740989833557747E+017
           8 kT, density =    9.1804209405162534E+017
           9 kT, density =    9.6825589833381658E+017
          10 kT, density =    9.8439930060087309E+017
          11 kT, density =    9.9439219178934515E+017
  
 Finished calculating efermi and nkT cutoff:
   efermi =   -6.4279194079866677E-003
   nkT cutoff =           11
 Filename for density:density_efermi_elec.dat                                                                             
 Filename for nkT cutoff:nkT_cutoff_elec.dat                                                                                 
======================================================================
======================================================================
     Program EFERMI_ELEC_EEH ending on  6 Oct 2021 at 13:23:40   
     Elapsed time:  0:12:41:767 hr
     JOB FINISHED.
======================================================================
======================================================================
