     Program DIRECT_AUGER_EEH starting on 13 Oct 2021 at  6:40:48   

     This program is part of Michigan Auger Code (MAC).

        Version: 2.0
        Compiled on: 13 Oct 2021
        From branch: 'parallel_read_direct' with git hash: fd47b8
        By: Kyle Bushick

     We are running in parallel with  2720 processors.

     Material Parameters
     -------------------
        prefix            =           Si
        alat              =      10.1645 bohr
        Vcell             =     262.5448 bohr^3
        epsilon infty     =      11.7000
        nbnd              =           34
        ivbm              =            4
        icbm              =            5
        vbm_band_deg      =            3
        cbm_band_deg      =            1
        vbm_valley_deg    =            1
        cbm_valley_deg    =            6
        read CBM energy?  =            T
        input CBM energy  =       6.4786
        read VBM energy?  =            T
        input VBM energy  =       5.2084
        nphonon           =            6
        valence electrons =       8.0000

        crystal axes: (in units of alat)
           -0.50000000,   0.00000000,  -0.50000000, 
            0.00000000,   0.50000000,   0.50000000, 
            0.50000000,   0.50000000,   0.00000000, 
        cartesian axes: (in units of 2*pi/a)
           -1.00000000,   1.00000000,  -1.00000000, 
           -1.00000000,   1.00000000,   1.00000000, 
            1.00000000,   1.00000000,  -1.00000000, 

     Calculation Parameters
     -------------------
        calculation            =        auger
        scratch dir            =            .
        use_interp_eig?        =            T
        verbosity level        =            0
        temperature            =     300.0000 Kelvin
        density                =   0.1000E+20 cm^-3
        nkint_elec             =   32  32  32
        nkint_hole             =   32  32  32
        nq                     =    0   0   0

     Auger Parameters
     -------------------
        screening model        =     combined
        Egap_min               =       1.0802 eV
        Egap_step              =       0.0100 eV
        direct first run?      =            F
        enforce energy cons?   =            T
        delta func. cutoff     =   0.1000E-05
        neta                   =            6
        neta_im                =            6
        eta values             =  0.020 0.050 0.100 0.200 0.300 0.500 (eV)
        eta_im values          =  0.001 0.002 0.004 0.010 0.020 0.040 (eV)

 electron grid is commensurate with hole grid
 Will use interpolated eigenvalues, loops bounded by nwan!
     Reading pre_direct data from supplied input file:
        efermi electron:      -0.0023


        efermi hole:       0.0033


        nkT cutoff electron:   9


        nkT cutoff hole:   9


 Screening model = combined
 Lambda =    2.5886346640632944E-002
 Lambda^2 =    6.7010294239900855E-004
 BROADCASTING VARIABLES...
 BROADCASTING ARRAYS...
 Generating G min indices
 Generating G min indices: DONE
 Energy conservation occurs in a window    4.1520993071685552       eV wide
 PROC ZERO ON:         1000 OF:         1345
 Done with calc loop
======================================================================
======================================================================
     Program DIRECT_AUGER_EEH ending on 13 Oct 2021 at  6:43:10   
     Elapsed time:  0: 2:21:752 hr
     JOB FINISHED.
======================================================================
======================================================================
