     Program INDIRECT_AUGER_HHE starting on 18 May 2021 at 12:37:31   

     This program is part of Michigan Auger Code (MAC).

        Version: 1.5-beta
        Compiled on: 18 May 2021
        From branch: 'indirect' with git hash: 8d5988
        By: Kyle Bushick

     We are running in parallel with  1365 processors.

     Material Parameters
     -------------------
        prefix            =           Si
        alat              =      10.1645 bohr
        Vcell             =     262.5448 bohr^3
        epsilon infty     =      11.7000
        nbnd              =           34
        ivbm              =            4
        icbm              =            5
        vbm_band_deg      =            3
        cbm_band_deg      =            1
        vbm_valley_deg    =            1
        cbm_valley_deg    =            6
        read CBM energy?  =            T
        input CBM energy  =       6.4786
        read VBM energy?  =            T
        input VBM energy  =       5.2084
        nphonon           =            6
        valence electrons =       8.0000

        crystal axes: (in units of alat)
           -0.50000000,   0.00000000,  -0.50000000, 
            0.00000000,   0.50000000,   0.50000000, 
            0.50000000,   0.50000000,   0.00000000, 
        cartesian axes: (in units of 2*pi/a)
           -1.00000000,   1.00000000,  -1.00000000, 
           -1.00000000,   1.00000000,   1.00000000, 
            1.00000000,   1.00000000,  -1.00000000, 

     Calculation Parameters
     -------------------
        calculation            = indirect_aug
        scratch dir            =            .
        temperature            =     300.0000 Kelvin
        density                =   0.1000E+20 cm^-3
        nkint_elec             =    0   0   0
        nkint_hole             =    0   0   0
        nq                     =   16  16  16

     Wannier Parameters
     -------------------
        nwan                   =           26
        wannier grid           =    8   8   8
        wannier bands          =           34

     Auger Parameters
     -------------------
        screening model        =     combined
        Egap_min               =       1.0202 eV
        Egap_step              =       0.0100 eV
        direct first run?      =            F
        enforce energy cons?   =            T
        delta func. cutoff     =   0.1000E-05
        neta                   =            6
        neta_im                =            6
        eta values             =  0.020 0.050 0.100 0.200 0.300 0.500 (eV)
        eta_im values          =  0.001 0.002 0.004 0.010 0.020 0.040 (eV)

 Screening model = combined
 Lambda =    1.8304411249737158E-002
 Lambda^2 =    3.3505147119950428E-004
 BROADCASTING VARIABLES...
 Energy conservation occurs in a window    4.1520993071685552       eV wide
 Generating G min indices
 Generating G min indices: DONE
 rank 0: now working on iq =            2
 Reading interpolated eigenvalues from: ./phonon_2/hhe_interpolated_points.eig
rank 0: q point progress: 3/6
rank 0: q point progress: 6/6
 rank 0: now working on iq =            3
 Reading interpolated eigenvalues from: ./phonon_3/hhe_interpolated_points.eig
rank 0: q point progress: 3/6
rank 0: q point progress: 6/6
 rank 0: now working on iq =            4
 Reading interpolated eigenvalues from: ./phonon_4/hhe_interpolated_points.eig
rank 0: q point progress: 3/6
rank 0: q point progress: 6/6
 Completed calculation loop, reducing sum
 Completed reduction operation
Writing data to output file: indirect_auger_coef_hhe_vs_gap_eta_0001.dat
Writing data to output file: indirect_auger_coef_hhe_vs_gap_eta_0002.dat
Writing data to output file: indirect_auger_coef_hhe_vs_gap_eta_0003.dat
Writing data to output file: indirect_auger_coef_hhe_vs_gap_eta_0004.dat
Writing data to output file: indirect_auger_coef_hhe_vs_gap_eta_0005.dat
Writing data to output file: indirect_auger_coef_hhe_vs_gap_eta_0006.dat
======================================================================
======================================================================
     Program INDIRECT_AUGER_HHE ending on 18 May 2021 at 13:37:41   
     Elapsed time:  1: 0:10:422 hr
     JOB FINISHED.
======================================================================
======================================================================
