     Program EFERMI_ELEC_EEH starting on  9 Nov 2021 at 12: 0:59   

     This program is part of Michigan Auger Code (MAC).

        Version: 2.0
        Compiled on:  9 Nov 2021
        From branch: 'parallel_read_direct' with git hash: 47c98f
        By: Kyle Bushick

     We are running in parallel with    68 processors.

     Material Parameters
     -------------------
        prefix            =           Si
        alat              =      10.1645 bohr
        Vcell             =     262.5448 bohr^3
        epsilon infty     =      11.7000
        nbnd              =           34
        ivbm              =            4
        icbm              =            5
        vbm_band_deg      =            3
        cbm_band_deg      =            1
        vbm_valley_deg    =            1
        cbm_valley_deg    =            6
        read CBM energy?  =            T
        input CBM energy  =       6.4786
        read VBM energy?  =            T
        input VBM energy  =       5.2084
        nphonon           =            6
        valence electrons =       8.0000

        crystal axes: (in units of alat)
           -0.50000000,   0.00000000,  -0.50000000, 
            0.00000000,   0.50000000,   0.50000000, 
            0.50000000,   0.50000000,   0.00000000, 
        cartesian axes: (in units of 2*pi/a)
           -1.00000000,   1.00000000,  -1.00000000, 
           -1.00000000,   1.00000000,   1.00000000, 
            1.00000000,   1.00000000,  -1.00000000, 

     Calculation Parameters
     -------------------
        calculation            =   pre_direct
        scratch dir            =            .
        use_interp_eig?        =            T
        verbosity level        =            0
        temperature            =     300.0000 Kelvin
        density                =   0.1000E+20 cm^-3
        nkint_elec             =   60  60  60
        nkint_hole             =   60  60  60
        nq                     =    0   0   0

     Pre Direct Parameters
     -------------------
        cutoff_method          =   density   
        density_conv_thr       =       0.0100
        nkT_thr                =           20

     Wannier Parameters
     -------------------
        nwan                   =           26
        wannier grid           =    8   8   8
        wannier bands          =           34

 electron grid is commensurate with hole grid
 BROADCASTING VARIABLES...
 BROADCASTING ARRAYS...
 SCATTERING klist...
 Reading interpolated eigenvalues from: interpolations/elec.dat
 Reading from interpolated eigenvalues. These are already  referenced to the conduction band with energy    6.4785953999999997       eV
 STARTING: 
  -20.000000000000000        0.0000000000000000        20.000000000000000     
   0.0000000000000000        1.8555475001320497E+019   7.1542934400891115E+023
  
  -10.000000000000000       -5.0000000000000000        0.0000000000000000     
   2.3260592056792718E-149   2.3036304004565365E-065   1.8555475001320497E+019
  
  -5.0000000000000000       -2.5000000000000000        0.0000000000000000     
   2.3036304004565365E-065   2.2924972290124450E-023   1.8555475001320497E+019
  
  -2.5000000000000000       -1.2500000000000000        0.0000000000000000     
   2.2924972290124450E-023   2.2869508365565925E-002   1.8555475001320497E+019
  
  -1.2500000000000000      -0.62500000000000000        0.0000000000000000     
   2.2869508365565925E-002   722321984.29220307        1.8555475001320497E+019
  
 -0.62500000000000000      -0.31250000000000000        0.0000000000000000     
   722321984.29220307        128371082273919.19        1.8555475001320497E+019
  
 -0.31250000000000000      -0.15625000000000000        0.0000000000000000     
   128371082273919.19        54084124331012992.        1.8555475001320497E+019
  
 -0.15625000000000000       -7.8125000000000000E-002   0.0000000000000000     
   54084124331012992.        1.0974102658095437E+018   1.8555475001320497E+019
  
 -0.15625000000000000      -0.11718749999999999       -7.8125000000000000E-002
   54084124331012992.        2.4453926947423814E+017   1.0974102658095437E+018
  
 -0.15625000000000000      -0.13671874999999997      -0.11718749999999999     
   54084124331012992.        1.1504770752750802E+017   2.4453926947423814E+017
  
 -0.14648437500000000      -0.14160156250000000      -0.13671874999999997     
   78886350792888096.        95268271634357424.        1.1504770752750802E+017
  
 -0.14160156250000000      -0.13916015624999997      -0.13671874999999997     
   95268271634357424.        1.0469246390903693E+017   1.1504770752750802E+017
  
 -0.14038085937500000      -0.13977050781250000      -0.13916015624999997     
   99869390705209456.        1.0225252719714165E+017   1.0469246390903693E+017
  
 -0.14038085937500000      -0.14007568359375000      -0.13977050781250000     
   99869390705209456.        1.0105394210411856E+017   1.0225252719714165E+017
  
 -0.14038085937500000      -0.14022827148437500      -0.14007568359375000     
   99869390705209456.        1.0045992248435781E+017   1.0105394210411856E+017
  
 -0.14038085937500000      -0.14030456542968750      -0.14022827148437500     
   99869390705209456.        1.0016422189456656E+017   1.0045992248435781E+017
  
 -0.14038085937500000      -0.14034271240234372      -0.14030456542968750     
   99869390705209456.        1.0001669778440674E+017   1.0016422189456656E+017
  
 -0.14036178588867188      -0.14035224914550781      -0.14034271240234372     
   99943017135858160.        99979850680406096.        1.0001669778440674E+017
  
 -0.14035224914550781      -0.14034748077392578      -0.14034271240234372     
   99979850680406096.        99998272537163488.        1.0001669778440674E+017
  
 -0.14034748077392578      -0.14034509658813474      -0.14034271240234372     
   99998272537163488.        1.0000748473693517E+017   1.0001669778440674E+017
  
 -0.14034748077392578      -0.14034628868103027      -0.14034509658813474     
   99998272537163488.        1.0000287853109165E+017   1.0000748473693517E+017
  
 -0.14034748077392578      -0.14034688472747803      -0.14034628868103027     
   99998272537163488.        1.0000057550763848E+017   1.0000287853109165E+017
  
 -0.14034718275070190      -0.14034703373908997      -0.14034688472747803     
   99999424015778400.        99999999760052960.        1.0000057550763848E+017
  
 Now finding cutoff for    99.000000000000000      % of charge
  
           0 kT, density =    0.0000000000000000     
           1 kT, density =    0.0000000000000000     
           2 kT, density =    0.0000000000000000     
           3 kT, density =    0.0000000000000000     
           4 kT, density =    0.0000000000000000     
           5 kT, density =    0.0000000000000000     
           6 kT, density =    9227925773283350.0     
           7 kT, density =    56203295992548192.     
           8 kT, density =    78387856183129152.     
           9 kT, density =    90782822308909904.     
          10 kT, density =    95287813908133472.     
          11 kT, density =    98152106000172336.     
          12 kT, density =    99156663174519648.     
  
 Finished calculating efermi and nkT cutoff:
   efermi =   -5.1576564855147760E-003
   nkT cutoff =           12
 Filename for density:density_efermi_elec.dat                                                                             
 Filename for nkT cutoff:nkT_cutoff_elec.dat                                                                                 
======================================================================
======================================================================
     Program EFERMI_ELEC_EEH ending on  9 Nov 2021 at 12: 2:23   
     Elapsed time:  0: 1:24:186 hr
     JOB FINISHED.
======================================================================
======================================================================
