     Program EFERMI_ELEC_EEH starting on 11 Nov 2021 at 14:53:10   

     This program is part of Michigan Auger Code (MAC).

        Version: 2.0
        Compiled on: 11 Nov 2021
        From branch: 'parallel_read_direct' with git hash: 47c98f
        By: Kyle Bushick

     We are running in parallel with   272 processors.

     Material Parameters
     -------------------
        prefix            =           Si
        alat              =      10.1645 bohr
        Vcell             =     262.5448 bohr^3
        epsilon infty     =      11.7000
        nbnd              =           34
        ivbm              =            4
        icbm              =            5
        vbm_band_deg      =            3
        cbm_band_deg      =            1
        vbm_valley_deg    =            1
        cbm_valley_deg    =            6
        read CBM energy?  =            T
        input CBM energy  =       6.4786
        read VBM energy?  =            T
        input VBM energy  =       5.2084
        nphonon           =            6
        valence electrons =       8.0000

        crystal axes: (in units of alat)
           -0.50000000,   0.00000000,  -0.50000000, 
            0.00000000,   0.50000000,   0.50000000, 
            0.50000000,   0.50000000,   0.00000000, 
        cartesian axes: (in units of 2*pi/a)
           -1.00000000,   1.00000000,  -1.00000000, 
           -1.00000000,   1.00000000,   1.00000000, 
            1.00000000,   1.00000000,  -1.00000000, 

     Calculation Parameters
     -------------------
        calculation            =   pre_direct
        scratch dir            =            .
        use_interp_eig?        =            T
        verbosity level        =            0
        temperature            =     300.0000 Kelvin
        density                =   0.1000E+20 cm^-3
        nkint_elec             =   96  96  96
        nkint_hole             =   96  96  96
        nq                     =    0   0   0

     Pre Direct Parameters
     -------------------
        cutoff_method          =   density   
        density_conv_thr       =       0.0100
        nkT_thr                =           20

     Wannier Parameters
     -------------------
        nwan                   =           26
        wannier grid           =    8   8   8
        wannier bands          =           34

 electron grid is commensurate with hole grid
 BROADCASTING VARIABLES...
 BROADCASTING ARRAYS...
 SCATTERING klist...
 First pass of BZ. Finding equivalent R-points
 First pass complete
 Second pass: equivalent R-points
 Second pass complete
 Allocating for wannier...
 Reading u matrix opt file: Si_u_dis.mat
 Reading u matrix file: Si_u.mat
 Reading .eig file: Si.eig
 Rotating for local wannier functions...
 Done rotating!
 FFTing...
 Done FFTing!
 Printing hamiltonian...
 Done printing hamiltonian!
 BROADCASTING ndegen, map...
 NKTOT:        3253  on proc 0
 Interpolating...
     300  of     3253 on proc 0
     600  of     3253 on proc 0
     900  of     3253 on proc 0
    1200  of     3253 on proc 0
    1500  of     3253 on proc 0
    1800  of     3253 on proc 0
    2100  of     3253 on proc 0
    2400  of     3253 on proc 0
    2700  of     3253 on proc 0
    3000  of     3253 on proc 0
 Done interpolating (rank 0)!
 GATHERING elda_out after interpolation...
 REFERENCE ENERGY:    6.4785953999999997       eV, read from input
 Writing interpolate eigenvalues to: interpolations/elec.dat
 STARTING: 
  -20.000000000000000        0.0000000000000000        20.000000000000000     
   0.0000000000000000        1.8554408641759642E+019   7.1539179170562212E+023
  
   0.0000000000000000        10.000000000000000        20.000000000000000     
   1.8554408641759642E+019   2.9735550881159079E+023   7.1539179170562212E+023
  
   0.0000000000000000        5.0000000000000000        10.000000000000000     
   1.8554408641759642E+019   1.4177875219205084E+023   2.9735550881159079E+023
  
   0.0000000000000000        2.5000000000000000        5.0000000000000000     
   1.8554408641759642E+019   5.4336954789690148E+022   1.4177875219205084E+023
  
   0.0000000000000000        1.2500000000000000        2.5000000000000000     
   1.8554408641759642E+019   1.4597461329795095E+022   5.4336954789690148E+022
  
   0.0000000000000000       0.62500000000000000        1.2500000000000000     
   1.8554408641759642E+019   4.3352856736800325E+021   1.4597461329795095E+022
  
   0.0000000000000000       0.31250000000000000       0.62500000000000000     
   1.8554408641759642E+019   1.3051906849339214E+021   4.3352856736800325E+021
  
   0.0000000000000000       0.15625000000000000       0.31250000000000000     
   1.8554408641759642E+019   3.7712938721411957E+020   1.3051906849339214E+021
  
   0.0000000000000000        7.8125000000000000E-002  0.15625000000000000     
   1.8554408641759642E+019   1.2757699534707068E+020   3.7712938721411957E+020
  
   3.9062500000000000E-002   5.8593749999999993E-002   7.8125000000000000E-002
   5.6319712432169402E+019   8.7597460012924092E+019   1.2757699534707068E+020
  
   5.8593749999999993E-002   6.8359374999999986E-002   7.8125000000000000E-002
   8.7597460012924092E+019   1.0650067019809733E+020   1.2757699534707068E+020
  
   6.3476562499999986E-002   6.5917968749999986E-002   6.8359374999999986E-002
   9.6777116774552273E+019   1.0157095299249748E+020   1.0650067019809733E+020
  
   6.4697265624999986E-002   6.5307617187499972E-002   6.5917968749999986E-002
   9.9157043953825284E+019   1.0035975148410456E+020   1.0157095299249748E+020
  
   6.5002441406249986E-002   6.5155029296874986E-002   6.5307617187499972E-002
   9.9757335879386104E+019   1.0005827823344391E+020   1.0035975148410456E+020
  
   6.5078735351562486E-002   6.5116882324218736E-002   6.5155029296874986E-002
   9.9907740692892893E+019   9.9982992872467775E+019   1.0005827823344391E+020
  
   6.5116882324218736E-002   6.5135955810546847E-002   6.5155029296874986E-002
   9.9982992872467775E+019   1.0002063140530561E+020   1.0005827823344391E+020
  
   6.5116882324218736E-002   6.5126419067382799E-002   6.5135955810546847E-002
   9.9982992872467775E+019   1.0000181110196969E+020   1.0002063140530561E+020
  
   6.5121650695800753E-002   6.5124034881591783E-002   6.5126419067382799E-002
   9.9992401727989514E+019   9.9997106350172324E+019   1.0000181110196969E+020
  
   6.5124034881591783E-002   6.5125226974487291E-002   6.5126419067382799E-002
   9.9997106350172324E+019   9.9999458709868790E+019   1.0000181110196969E+020
  
   6.5125226974487291E-002   6.5125823020935045E-002   6.5126419067382799E-002
   9.9999458709868790E+019   1.0000063490186933E+020   1.0000181110196969E+020
  
   6.5125226974487291E-002   6.5125524997711154E-002   6.5125823020935045E-002
   9.9999458709868790E+019   1.0000004680485623E+020   1.0000063490186933E+020
  
 Now finding cutoff for    99.000000000000000      % of charge
  
           0 kT, density =    5.3229457289972449E+019
           1 kT, density =    7.4635362269412393E+019
           2 kT, density =    8.7860303781188714E+019
           3 kT, density =    9.4335797134810939E+019
           4 kT, density =    9.7552265241704333E+019
           5 kT, density =    9.8984231043021586E+019
           6 kT, density =    9.9593751553519239E+019
  
 Finished calculating efermi and nkT cutoff:
   efermi =    2.3933180305145624E-003
   nkT cutoff =            6
 Filename for density:density_efermi_elec.dat                                                                             
 Filename for nkT cutoff:nkT_cutoff_elec.dat                                                                                 
======================================================================
======================================================================
     Program EFERMI_ELEC_EEH ending on 11 Nov 2021 at 15:11:54   
     Elapsed time:  0:18:43:579 hr
     JOB FINISHED.
======================================================================
======================================================================
