     Program EFERMI_ELEC_EEH starting on  5 May 2021 at  9:24: 2   

     This program is part of Michigan Auger Code (MAC).

        Version: 1.5-beta
        Compiled on:  5 May 2021
        From branch: 'indirect' with git hash: a2311c
        By: Kyle Bushick

     We are running in parallel with    68 processors.

     Material Parameters
     -------------------
        prefix            =           Si
        alat              =      10.1645 bohr
        Vcell             =     262.5448 bohr^3
        epsilon infty     =      11.7000
        nbnd              =           34
        ivbm              =            4
        icbm              =            5
        vbm_band_deg      =            3
        cbm_band_deg      =            1
        vbm_valley_deg    =            1
        cbm_valley_deg    =            6
        read CBM energy?  =            T
        input CBM energy  =       6.4786
        read VBM energy?  =            T
        input VBM energy  =       5.2084
        nphonon           =            6
        valence electrons =       8.0000

        crystal axes: (in units of alat)
           -0.50000000,   0.00000000,  -0.50000000, 
            0.00000000,   0.50000000,   0.50000000, 
            0.50000000,   0.50000000,   0.00000000, 
        cartesian axes: (in units of 2*pi/a)
           -1.00000000,   1.00000000,  -1.00000000, 
           -1.00000000,   1.00000000,   1.00000000, 
            1.00000000,   1.00000000,  -1.00000000, 

     Calculation Parameters
     -------------------
        calculation            =   pre_direct
        scratch dir            =            .
        temperature            =     300.0000 Kelvin
        density                =   0.1000E+20 cm^-3
        nkint_elec             =   60  60  60
        nkint_hole             =   60  60  60
        nq                     =    0   0   0

     Pre Direct Parameters
     -------------------
        cutoff_method          =   density   
        density_conv_thr       =       0.0100
        nkT_thr                =           20

     Wannier Parameters
     -------------------
        nwan                   =           26
        wannier grid           =    8   8   8
        wannier bands          =           34

 electron grid is commensurate with hole grid
 BROADCASTING VARIABLES...
 BROADCASTING ARRAYS...
 SCATTERING klist...
 First pass of BZ. Finding equivalent R-points
 First pass complete
 Second pass: equivalent R-points
 Second pass complete
 Allocating for wannier...
 Reading u matrix opt file: Si_u_dis.mat
 Reading u matrix file: Si_u.mat
 Reading .eig file: Si.eig
 Rotating for local wannier functions...
 Done rotating!
 FFTing...
 Done FFTing!
 Printing hamiltonian...
 Done printing hamiltonian!
 BROADCASTING ndegen, map...
 NKTOT:        3177  on proc 0
 Interpolating...
     300  of     3177 on proc 0
     600  of     3177 on proc 0
     900  of     3177 on proc 0
    1200  of     3177 on proc 0
    1500  of     3177 on proc 0
    1800  of     3177 on proc 0
    2100  of     3177 on proc 0
    2400  of     3177 on proc 0
    2700  of     3177 on proc 0
    3000  of     3177 on proc 0
 Done interpolating (rank 0)!
 GATHERING elda_out after interpolation...
 REFERENCE ENERGY:    6.4785953999999997       eV, read from input
 Writing interpolate eigenvalues to: interpolations/elec.dat
 STARTING: 
  -20.000000000000000        0.0000000000000000        20.000000000000000     
   0.0000000000000000        1.8555475001320497E+019   7.1542934400891115E+023
  
  -10.000000000000000       -5.0000000000000000        0.0000000000000000     
   2.3260592056792718E-149   2.3036304004565365E-065   1.8555475001320497E+019
  
  -5.0000000000000000       -2.5000000000000000        0.0000000000000000     
   2.3036304004565365E-065   2.2924972290124450E-023   1.8555475001320497E+019
  
  -2.5000000000000000       -1.2500000000000000        0.0000000000000000     
   2.2924972290124450E-023   2.2869508365565925E-002   1.8555475001320497E+019
  
  -1.2500000000000000      -0.62500000000000000        0.0000000000000000     
   2.2869508365565925E-002   722321984.29220307        1.8555475001320497E+019
  
 -0.62500000000000000      -0.31250000000000000        0.0000000000000000     
   722321984.29220307        128371082273919.19        1.8555475001320497E+019
  
 -0.31250000000000000      -0.15625000000000000        0.0000000000000000     
   128371082273919.19        54084124331012992.        1.8555475001320497E+019
  
 -0.15625000000000000       -7.8125000000000000E-002   0.0000000000000000     
   54084124331012992.        1.0974102658095437E+018   1.8555475001320497E+019
  
 -0.11718749999999999       -9.7656249999999986E-002  -7.8125000000000000E-002
   2.4453926947423814E+017   5.1892678215938406E+017   1.0974102658095437E+018
  
  -9.7656249999999986E-002  -8.7890624999999986E-002  -7.8125000000000000E-002
   5.1892678215938406E+017   7.5508908919695795E+017   1.0974102658095437E+018
  
  -8.7890624999999986E-002  -8.3007812499999986E-002  -7.8125000000000000E-002
   7.5508908919695795E+017   9.1046045942030554E+017   1.0974102658095437E+018
  
  -8.3007812499999986E-002  -8.0566406249999986E-002  -7.8125000000000000E-002
   9.1046045942030554E+017   9.9962292693300736E+017   1.0974102658095437E+018
  
  -8.0566406249999986E-002  -7.9345703124999986E-002  -7.8125000000000000E-002
   9.9962292693300736E+017   1.0473893220649693E+018   1.0974102658095437E+018
  
  -8.0566406249999986E-002  -7.9956054687499986E-002  -7.9345703124999986E-002
   9.9962292693300736E+017   1.0232306169343217E+018   1.0473893220649693E+018
  
  -8.0566406249999986E-002  -8.0261230468749986E-002  -7.9956054687499986E-002
   9.9962292693300736E+017   1.0113586692017692E+018   1.0232306169343217E+018
  
  -8.0566406249999986E-002  -8.0413818359375000E-002  -8.0261230468749986E-002
   9.9962292693300736E+017   1.0054738682476457E+018   1.0113586692017692E+018
  
  -8.0566406249999986E-002  -8.0490112304687500E-002  -8.0413818359375000E-002
   9.9962292693300736E+017   1.0025441770620383E+018   1.0054738682476457E+018
  
  -8.0566406249999986E-002  -8.0528259277343736E-002  -8.0490112304687500E-002
   9.9962292693300736E+017   1.0010824983527686E+018   1.0025441770620383E+018
  
  -8.0566406249999986E-002  -8.0547332763671861E-002  -8.0528259277343736E-002
   9.9962292693300736E+017   1.0003524494173884E+018   1.0010824983527686E+018
  
  -8.0556869506835924E-002  -8.0552101135253906E-002  -8.0547332763671861E-002
   9.9998762239202944E+017   1.0001700194560093E+018   1.0003524494173884E+018
  
  -8.0556869506835924E-002  -8.0554485321044922E-002  -8.0552101135253906E-002
   9.9998762239202944E+017   1.0000788168122049E+018   1.0001700194560093E+018
  
  -8.0556869506835924E-002  -8.0555677413940430E-002  -8.0554485321044922E-002
   9.9998762239202944E+017   1.0000332185742061E+018   1.0000788168122049E+018
  
  -8.0556869506835924E-002  -8.0556273460388170E-002  -8.0555677413940430E-002
   9.9998762239202944E+017   1.0000104202261390E+018   1.0000332185742061E+018
  
  -8.0556571483612047E-002  -8.0556422472000108E-002  -8.0556273460388170E-002
   9.9999902124484122E+017   1.0000047207194276E+018   1.0000104202261390E+018
  
 Now finding cutoff for    99.000000000000000      % of charge
  
           0 kT, density =    0.0000000000000000     
           1 kT, density =    0.0000000000000000     
           2 kT, density =    0.0000000000000000     
           3 kT, density =    0.0000000000000000     
           4 kT, density =    2.0209306651120624E+017
           5 kT, density =    6.3291465472852634E+017
           6 kT, density =    8.1802144901297011E+017
           7 kT, density =    9.3253174720587507E+017
           8 kT, density =    9.6242309153612506E+017
           9 kT, density =    9.8641433127407757E+017
          10 kT, density =    9.9338752903226048E+017
  
 Finished calculating efermi and nkT cutoff:
   efermi =   -2.9603983233139359E-003
   nkT cutoff =           10
 Now generating klists with these values
 Filename for density:density_efermi_elec.dat                                                                             
 Filename for nkT cutoff:nkT_cutoff_elec.dat                                                                                 
======================================================================
======================================================================
     Program EFERMI_ELEC_EEH ending on  5 May 2021 at  9:36:47   
     Elapsed time:  0:12:44:619 hr
     JOB FINISHED.
======================================================================
======================================================================
