     Program EFERMI_ELEC_EEH starting on  7 Oct 2021 at  8:42:34   

     This program is part of Michigan Auger Code (MAC).

        Version: 1.5-beta
        Compiled on:  7 Oct 2021
        From branch: 'indirect' with git hash: 1d43a7
        By: Kyle Bushick

     We are running in parallel with    68 processors.

     Material Parameters
     -------------------
        prefix            =           Si
        alat              =      10.1645 bohr
        Vcell             =     262.5448 bohr^3
        epsilon infty     =      11.7000
        nbnd              =           34
        ivbm              =            4
        icbm              =            5
        vbm_band_deg      =            3
        cbm_band_deg      =            1
        vbm_valley_deg    =            1
        cbm_valley_deg    =            6
        read CBM energy?  =            T
        input CBM energy  =       6.4786
        read VBM energy?  =            T
        input VBM energy  =       5.2084
        nphonon           =            6
        valence electrons =       8.0000

        crystal axes: (in units of alat)
           -0.50000000,   0.00000000,  -0.50000000, 
            0.00000000,   0.50000000,   0.50000000, 
            0.50000000,   0.50000000,   0.00000000, 
        cartesian axes: (in units of 2*pi/a)
           -1.00000000,   1.00000000,  -1.00000000, 
           -1.00000000,   1.00000000,   1.00000000, 
            1.00000000,   1.00000000,  -1.00000000, 

     Calculation Parameters
     -------------------
        calculation            =   pre_direct
        scratch dir            =            .
        temperature            =     100.0000 Kelvin
        density                =   0.1000E+20 cm^-3
        nkint_elec             =   70  70  70
        nkint_hole             =   70  70  70
        nq                     =    0   0   0

     Pre Direct Parameters
     -------------------
        cutoff_method          =   density   
        density_conv_thr       =       0.0100
        nkT_thr                =           20

     Wannier Parameters
     -------------------
        nwan                   =           26
        wannier grid           =    8   8   8
        wannier bands          =           34

 electron grid is commensurate with hole grid
 BROADCASTING VARIABLES...
 BROADCASTING ARRAYS...
 SCATTERING klist...
 First pass of BZ. Finding equivalent R-points
 First pass complete
 Second pass: equivalent R-points
 Second pass complete
 Allocating for wannier...
 Reading u matrix opt file: Si_u_dis.mat
 Reading u matrix file: Si_u.mat
 Reading .eig file: Si.eig
 Rotating for local wannier functions...
 Done rotating!
 FFTing...
 Done FFTing!
 Printing hamiltonian...
 Done printing hamiltonian!
 BROADCASTING ndegen, map...
 NKTOT:        5045  on proc 0
 Interpolating...
     300  of     5045 on proc 0
     600  of     5045 on proc 0
     900  of     5045 on proc 0
    1200  of     5045 on proc 0
    1500  of     5045 on proc 0
    1800  of     5045 on proc 0
    2100  of     5045 on proc 0
    2400  of     5045 on proc 0
    2700  of     5045 on proc 0
    3000  of     5045 on proc 0
    3300  of     5045 on proc 0
    3600  of     5045 on proc 0
    3900  of     5045 on proc 0
    4200  of     5045 on proc 0
    4500  of     5045 on proc 0
    4800  of     5045 on proc 0
 Done interpolating (rank 0)!
 GATHERING elda_out after interpolation...
 REFERENCE ENERGY:    6.4785953999999997       eV, read from input
 Writing interpolate eigenvalues to: interpolations/elec.dat
 STARTING: 
  -20.000000000000000        0.0000000000000000        20.000000000000000     
   0.0000000000000000        2.1015943342101898E+018   7.1538210705477924E+023
  
  -10.000000000000000       -5.0000000000000000        0.0000000000000000     
   0.0000000000000000        2.4982391454813613E-234   2.1015943342101898E+018
  
  -5.0000000000000000       -2.5000000000000000        0.0000000000000000     
   2.4982391454813613E-234   2.4621928386185685E-108   2.1015943342101898E+018
  
  -2.5000000000000000       -1.2500000000000000        0.0000000000000000     
   2.4621928386185685E-108   2.4443651945756657E-045   2.1015943342101898E+018
  
  -1.2500000000000000      -0.62500000000000000        0.0000000000000000     
   2.4443651945756657E-045   7.7017267255573669E-014   2.1015943342101898E+018
  
 -0.62500000000000000      -0.31250000000000000        0.0000000000000000     
   7.7017267255573669E-014   432.31381261948030        2.1015943342101898E+018
  
 -0.31250000000000000      -0.15625000000000000        0.0000000000000000     
   432.31381261948030        32389527613.450420        2.1015943342101898E+018
  
 -0.15625000000000000       -7.8125000000000000E-002   0.0000000000000000     
   32389527613.450420        280348767662076.84        2.1015943342101898E+018
  
  -7.8125000000000000E-002  -3.9062500000000000E-002   0.0000000000000000     
   280348767662076.84        26034539927802496.        2.1015943342101898E+018
  
  -3.9062500000000000E-002  -1.9531250000000000E-002   0.0000000000000000     
   26034539927802496.        2.4719849436870256E+017   2.1015943342101898E+018
  
  -1.9531250000000000E-002  -9.7656250000000000E-003   0.0000000000000000     
   2.4719849436870256E+017   7.4163544607511718E+017   2.1015943342101898E+018
  
  -9.7656250000000000E-003  -4.8828125000000000E-003   0.0000000000000000     
   7.4163544607511718E+017   1.2613128378635256E+018   2.1015943342101898E+018
  
  -7.3242187499999991E-003  -6.1035156249999991E-003  -4.8828125000000000E-003
   9.6922698390046208E+017   1.1063102881749791E+018   1.2613128378635256E+018
  
  -7.3242187499999991E-003  -6.7138671874999991E-003  -6.1035156249999991E-003
   9.6922698390046208E+017   1.0356462655110728E+018   1.1063102881749791E+018
  
  -7.3242187499999991E-003  -7.0190429687499991E-003  -6.7138671874999991E-003
   9.6922698390046208E+017   1.0019202638101901E+018   1.0356462655110728E+018
  
  -7.1716308593749991E-003  -7.0953369140625000E-003  -7.0190429687499991E-003
   9.8544628353308877E+017   9.9365122115527322E+017   1.0019202638101901E+018
  
  -7.0953369140625000E-003  -7.0571899414062491E-003  -7.0190429687499991E-003
   9.9365122115527322E+017   9.9777770206013248E+017   1.0019202638101901E+018
  
  -7.0571899414062491E-003  -7.0381164550781233E-003  -7.0190429687499991E-003
   9.9777770206013248E+017   9.9984696941070054E+017   1.0019202638101901E+018
  
  -7.0381164550781233E-003  -7.0285797119140616E-003  -7.0190429687499991E-003
   9.9984696941070054E+017   1.0008831128015323E+018   1.0019202638101901E+018
  
  -7.0381164550781233E-003  -7.0333480834960920E-003  -7.0285797119140616E-003
   9.9984696941070054E+017   1.0003649152073885E+018   1.0008831128015323E+018
  
  -7.0381164550781233E-003  -7.0357322692871068E-003  -7.0333480834960920E-003
   9.9984696941070054E+017   1.0001059108410495E+018   1.0003649152073885E+018
  
  -7.0369243621826155E-003  -7.0363283157348615E-003  -7.0357322692871068E-003
   9.9997643225970854E+017   1.0000411695837320E+018   1.0001059108410495E+018
  
  -7.0369243621826155E-003  -7.0366263389587394E-003  -7.0363283157348615E-003
   9.9997643225970854E+017   1.0000088004300710E+018   1.0000411695837320E+018
  
  -7.0367753505706778E-003  -7.0367008447647086E-003  -7.0366263389587394E-003
   9.9999261622198003E+017   1.0000007082952995E+018   1.0000088004300710E+018
  
 Now finding cutoff for    99.000000000000000      % of charge
  
           0 kT, density =    0.0000000000000000     
           1 kT, density =    0.0000000000000000     
           2 kT, density =    1.6739390755145283E+017
           3 kT, density =    4.8409835788537965E+017
           4 kT, density =    7.7527883008865408E+017
           5 kT, density =    9.2896232240490957E+017
           6 kT, density =    9.5649044146593434E+017
           7 kT, density =    9.8488963412455245E+017
           8 kT, density =    9.9276774492795302E+017
  
 Finished calculating efermi and nkT cutoff:
   efermi =   -2.5859389245160496E-004
   nkT cutoff =            8
 Filename for density:density_efermi_elec.dat                                                                             
 Filename for nkT cutoff:nkT_cutoff_elec.dat                                                                                 
======================================================================
======================================================================
     Program EFERMI_ELEC_EEH ending on  7 Oct 2021 at  9: 2:17   
     Elapsed time:  0:19:43: 42 hr
     JOB FINISHED.
======================================================================
======================================================================
