
 BerkeleyGW version 2.1
 Sigma code, Real version, run on 28-Feb-2021 at 08:46:47 -0800

                                                                 ..o.          
                                                                .oxxo.         
                                                               .oxxxxo...      
                                                               oxxxxxxo.       
                                                              .oxxxxxxx.       
                                                              .ooooooxxo..     
                                                              .oooooooxo..     
                                                              .oooooxxo...     
                                                       .........oxooo......    
                                                 ............................  
                                             ................................. 
                                          .................................... 
           .          ..oo. ....  .................................oooxxxxxxxo.
     .............oxxxx@ox@@@x@x.....................o...........ooooooooooxx. 
    .o.........oox@x.oo........xxx@@............ooxxxxo..........ooooxxxxxoxo  
    .x........x@xxo...............o@xxo........oxxx@@@xoooooooooooooooxxxo...  
    .o......ox@@o..................oox@o.....ooxxx@xoooxxxxxxxoooooooooooo.... 
    o..ooooo@@xoooo....ooo...........x@o.....ooxxxxo   .oxxxxxxxxxxooooooo.... 
    . .oooo@@@@@@@@@@@@@@@@@@@@@@@@@@@@@@....ooooox.     .oxx@@@@@xxoo........ 
      .ooooxxxxxxxooooooxooooooooooooooxo...oooooxx.        ..ox@xxxoo.........
      .ooooooxxxx@xoooooooooooooxxoooooooooooxxxxx.            .oxxooooooooxxo.
     .oooooxxxxx@@@xxxxxxxxxxxxxxxxxxxxxxxxoxxxxo.                .oxxxxxxxxo. 
   ....oooxxxxx@@@xo..oxxx@@@@@@xxxxoxxoooooooxx.                  .oxxxoo..   
  .....ooxxxx@@xo.       ........    .ooooooooxxo                              
  ..oooxxxx@@@o                       .oooooooxoo.                             
  ....oxooxxxxx.                       .ooo..oooo.                             
  .....o.ooxxxxxo.                     .oooooooxo.                             
 ......ooooxxxxxxo.                     .ooooooxoo..                           
........ooxxxxxxxo..                     .o....oxoo...                         
.......ooooxxxxxxxo.                     ........oooo.                         
.ooooooo..ooxxxxoooo.                    .........ooo...                       
..oxo...ooooxxxoooo..                    .ooo......oooo...                     
  .ooooo....o.                            .oxxxoo....ooo....                   
    .oooooo...                              ...ooooo...ooo..                   
       ...                                     .oo.......                      
                                               ....ooo...                      
                      __              __                                       
 ______              [  |            [  |                 ._____  _          _ 
|_   _ \              | |  _          | |                /  ___ \| |        | |
  | |_) | .---.  _. _.| | / |  .---.  | | .---.  _    _ / /    \_|\ \  /\  / / 
  |  __'./ /__\\[ /`\_| '' <  / /__\\ | |/ /__\\| \  | | |   _____ \ \/  \/ /  
 _| |__| | \__. | |   | |`\ \ | \___. | || \___. \ \/ / \ \.___| |  \  /\  /   
|_______/ \.__./[_]  [__|  \_] \.__./[___]\.__./  \  /   \.____./    \/  \/    
                                                  / /                          
                                                 /_/                           
--------------------------------------------------------------------------------
 Please cite the following papers when using results from BerkeleyGW:

 Jack Deslippe, Georgy Samsonidze, David A. Strubbe, Manish Jain, Marvin L.
 Cohen, and Steven G. Louie, "BerkeleyGW: A Massively Parallel Computer Package
 for the Calculation of the Quasiparticle and Optical Properties of Materials
 and Nanostructures," Comput. Phys. Commun. 183, 1269 (2012)

 Mark S. Hybertsen and Steven G. Louie, "Electron correlation in semiconductors
 and insulators: Band gaps and quasiparticle energies," Phys. Rev. B 34, 5390
 (1986)

 Michael Rohlfing and Steven G. Louie, "Electron-hole excitations and optical
 spectra from first principles," Phys. Rev. B 62, 4927 (2000)
--------------------------------------------------------------------------------

 Running MPI version (parallel)
 Running with 174 MPI task(s)
 Using OpenMP. Number of threads per MPI task: 1

 Compilation flags:
 - Compiler: INTEL
 - Para. flags: MPI, OMP
 - Math  flags: USESCALAPACK, UNPACKED, USEFFTW3, HDF5
 - Debug flags: 

 Running with verbosity level 1 (default).


 NOTE: `screened_coulomb_cutoff` and `bare_coulomb_cutoff` are now optional flags.

 Using the Generalized Plasmon Pole model

 We are communicating via MPI

 Computing CH as a partial sum over empty bands with the static remainder

 Running with semiconductor screening

 We are using no truncation
 Cutoff for Monte-Carlo average of Coulomb potential: 1.000E+012 Ry

 Reading exchange-correlation matrix elements from vxc.dat file

 Treating W within the Hybertsen-Louie Generalized Plasmon Pole model
 
 Memory available: 1575.3 MB per PE
 
 Read from eps0mat.h5:
 - Number of G-vectors in the charge-density grid: 25509
 - Max. number of G-vectors for dielectric matrices: 941
 - Cutoff of the dielectric matrix (Ry): 35.000
 - Number of imaginary frequencies: 0
 - Total number of frequencies: 1
 - Frequency dependence: 0
 - Number of q-points: 1
 - Q grid: 8 8 8
 
 Read from epsmat.h5:
 - Number of G-vectors in the charge-density grid: 25509
 - Max. number of G-vectors for dielectric matrices: 941
 - Cutoff of the dielectric matrix: 35.000
 - Number of imaginary frequencies: 0
 - Total number of frequencies: 1
 - Frequency dependence: 0
 - Number of q-points: 28
 - Q grid: 8 8 8
 
 Reading header of WFN_inner
 Highest occupied band (unshifted grid) = 4
 Valence max    (unshifted grid) = 6.291635 eV
 Conduction min (unshifted grid) = 6.800236 eV
 Middle energy  (unshifted grid) = 6.545936 eV
 Fermi  energy  (unshifted grid) = 6.545936 eV

 
 Calculation parameters:
 - Cutoff of the bare Coulomb interaction (Ry): 80.00
 - Cutoff of the screened Coulomb interaction (Ry): 30.00
 - Number of G-vectors up to the bare int. cutoff: 3143
 - Number of G-vectors up to the screened int. cutoff: 725
 - Total number of bands in the calculation: 660
 - Number of fully occupied valence bands: 4
 - Number of partially occ. conduction bands: 0
 
 Memory required for execution: 216.7 MB per PE
 Memory required for vcoul: 114.4 MB per PE
 
 Number of electrons per unit cell (from ifmax) = 8.000000
 Number of electrons per unit cell (from occupations) = 8.000000
 Plasma Frequency = 1.237594 Ry

 Q-grid symmetries are being used.
 
 Parallelization report:
 - Using 174 processor(s), 58 pool(s), 3 processor(s) per pool.
 - Each pool is computing 1 diagonal sigma matrix element(s).
 - Each pool is computing 0 off-diagonal sigma matrix element(s).
 - Each processor is holding 220 band(s).
 
 
 Started reading wavefunctions (WFN_inner) with 19140 state(s) at 08:46:48.
 [ 08:46:48 |   0% ] state     1 / 19140.
 [ 08:46:48 |   0% ] state     3 / 19140, remaining: 0 s.
 [ 08:46:49 |  10% ] state  1914 / 19140, remaining: 6 s.
 [ 08:46:49 |  20% ] state  3828 / 19140, remaining: 5 s.
 [ 08:46:50 |  30% ] state  5742 / 19140, remaining: 5 s.
 [ 08:46:51 |  40% ] state  7656 / 19140, remaining: 4 s.
 [ 08:46:51 |  50% ] state  9570 / 19140, remaining: 3 s.
 [ 08:46:52 |  60% ] state 11484 / 19140, remaining: 3 s.
 [ 08:46:52 |  70% ] state 13398 / 19140, remaining: 2 s.
 [ 08:46:53 |  80% ] state 15312 / 19140, remaining: 1 s.
 [ 08:46:54 |  90% ] state 17226 / 19140, remaining: 1 s.
 [ 08:46:54 | 100% ] state 19140 / 19140, remaining: 0 s.
 Finished reading wavefunctions (WFN_inner) at 08:46:54.
 Elapsed time: 7 s.
 

 Scissors parameters:
 - Valence:    es =   0.0000 eV, e0 =   0.0000 eV, edel =   0.0000
 - Conduction: es =   0.0000 eV, e0 =   0.0000 eV, edel =   0.0000

 Scissors parameters (outer):
 - Valence:    es =   0.0000 eV, e0 =   0.0000 eV, edel =   0.0000
 - Conduction: es =   0.0000 eV, e0 =   0.0000 eV, edel =   0.0000


 Data for sum rule:
 - rho(0,1) = 8.000000 electrons
 - wp = 16.838324 eV

 Number of bands to compute diagonal self-energy matrix elements: 58
 Bands:
 - 1
 - 2
 - 3
 - 4
 - 5
 - 6
 - 7
 - 8
 - 9
 - 10
 - 11
 - 12
 - 13
 - 14
 - 15
 - 16
 - 17
 - 18
 - 19
 - 20
 - 21
 - 22
 - 23
 - 24
 - 25
 - 26
 - 27
 - 28
 - 29
 - 30
 - 31
 - 32
 - 33
 - 34
 - 35
 - 36
 - 37
 - 38
 - 39
 - 40
 - 41
 - 42
 - 43
 - 44
 - 45
 - 46
 - 47
 - 48
 - 49
 - 50
 - 51
 - 52
 - 53
 - 54
 - 55
 - 56
 - 57
 - 58
 Number of off-diagonal bands to compute self-energy matrix elements: 0
 

 Total number of frequencies in the dielectric matrix: 1
 Number of imag. frequencies in the dielectric matrix: 0

 
 Started reading eps0mat.h5 with 1 q-point(s) at 08:46:55.
 [ 08:46:55 |   0% ] q-point 1 / 1.
 Finished reading eps0mat.h5 at 08:46:56.
 Elapsed time: 1 s.
 
 
 Started reading epsmat.h5 with 28 q-point(s) at 08:46:56.
 [ 08:46:56 |   0% ] q-point  1 / 28.
 [ 08:46:59 |   7% ] q-point  3 / 28, remaining: 36 s.
 [ 08:47:03 |  18% ] q-point  6 / 28, remaining: 32 s.
 [ 08:47:07 |  29% ] q-point  9 / 28, remaining: 28 s.
 [ 08:47:11 |  39% ] q-point 12 / 28, remaining: 23 s.
 [ 08:47:14 |  46% ] q-point 14 / 28, remaining: 21 s.
 [ 08:47:18 |  57% ] q-point 17 / 28, remaining: 17 s.
 [ 08:47:22 |  68% ] q-point 20 / 28, remaining: 12 s.
 [ 08:47:27 |  79% ] q-point 23 / 28, remaining: 8 s.
 [ 08:47:31 |  89% ] q-point 26 / 28, remaining: 4 s.
 [ 08:47:34 |  96% ] q-point 28 / 28, remaining: 1 s.
 Finished reading epsmat.h5 at 08:47:35.
 Elapsed time: 39 s.
 
 Number of k-points in WFN_inner: 29
 Number of k-points in the full BZ of WFN_inner: 512
 
================================================================================
 08:47:35   Dealing with k =  0.125000  0.375000  0.625000                 1 / 4
================================================================================

 Reading vxc.dat
 Number of q-points in the irreducible BZ(k) (nrq): 512
 
 Started calculating Sigma with 512 block(s) at 08:47:35.
 [ 08:47:37 |   0% ] block   1 / 512.
 [ 08:47:51 |   0% ] block   3 / 512, remaining: 3514 s.
 [ 08:53:32 |  10% ] block  52 / 512, remaining: 3206 s.
 [ 08:59:28 |  20% ] block 103 / 512, remaining: 2855 s.
 [ 09:05:25 |  30% ] block 154 / 512, remaining: 2504 s.
 [ 09:11:20 |  40% ] block 205 / 512, remaining: 2148 s.
 [ 09:17:30 |  50% ] block 257 / 512, remaining: 1793 s.
 [ 09:23:25 |  60% ] block 308 / 512, remaining: 1434 s.
 [ 09:29:23 |  70% ] block 359 / 512, remaining: 1078 s.
 [ 09:35:15 |  80% ] block 410 / 512, remaining: 720 s.
 [ 09:41:07 |  90% ] block 461 / 512, remaining: 363 s.
 Finished calculating Sigma at 09:47:06.
 Elapsed time: 3571 s.
 
 Unsymmetrized values for ik =  26 spin = 1
 
     n      Emf       Eo      Vxc        X     SX-X       CH      Cor      Sig
     1   -2.300   -2.300  -10.899  -16.543   12.456   -8.259    4.197  -12.346
     2   -0.718   -0.718  -10.913  -15.777   11.770   -8.381    3.389  -12.388
     3    2.096    2.096  -10.071  -13.197    9.775   -7.959    1.816  -11.381
     4    3.240    3.240  -10.379  -12.966    9.514   -8.251    1.263  -11.703
     5    8.619    8.619   -9.630   -5.441    3.686   -8.216   -4.530   -9.971
     6   10.535   10.535   -9.798   -4.989    3.341   -8.480   -5.139  -10.129
     7   11.601   11.601  -10.162   -4.847    3.397   -9.024   -5.626  -10.473
     8   13.778   13.778  -10.160   -4.239    3.016   -9.260   -6.244  -10.483
     9   14.759   14.759  -10.532   -4.405    3.184   -9.664   -6.480  -10.886
    10   17.457   17.457  -10.506   -3.753    2.880  -10.042   -7.162  -10.915
    11   18.620   18.620  -10.402   -3.577    3.122  -10.407   -7.285  -10.862
    12   20.656   20.656   -8.918   -2.385    2.214   -9.337   -7.123   -9.508
    13   21.778   21.778  -10.322   -3.013    3.065  -11.047   -7.983  -10.996
    14   22.383   22.383  -10.669   -3.202    3.454  -11.684   -8.231  -11.433
    15   23.911   23.911   -9.295   -2.260    2.140  -10.052   -7.912  -10.172
    16   24.759   24.759   -8.854   -1.978    1.392   -9.345   -7.952   -9.931
    17   25.106   25.106  -10.630   -2.774    3.139  -12.139   -9.000  -11.773
    18   25.796   25.796  -10.702   -2.768    3.046  -12.246   -9.200  -11.968
    19   27.452   27.452   -9.064   -1.871    0.926   -9.795   -8.869  -10.740
    20   28.167   28.167  -10.143   -2.300    1.393  -11.209   -9.816  -12.116
    21   29.179   29.179   -9.848   -2.051    0.600  -10.702  -10.103  -12.153
    22   30.780   30.780   -9.110   -1.774    0.312   -9.982   -9.671  -11.445
    23   31.386   31.386   -9.236   -1.723    0.222   -9.937   -9.715  -11.438
    24   34.182   34.182   -9.007   -1.561    0.019   -9.096   -9.077  -10.639
    25   34.813   34.813   -9.164   -1.626   -0.081   -8.840   -8.921  -10.547
    26   35.513   35.513   -9.206   -1.607   -0.142   -8.796   -8.938  -10.545
    27   37.079   37.079   -9.469   -1.541   -0.074   -9.637   -9.711  -11.252
    28   37.857   37.857   -9.305   -1.499   -0.121   -9.069   -9.190  -10.689
    29   38.590   38.590   -9.381   -1.466   -0.156   -9.218   -9.374  -10.839
    30   38.979   38.979   -9.400   -1.495   -0.154   -8.967   -9.121  -10.616
    31   41.238   41.238   -8.915   -1.319   -0.201   -8.027   -8.228   -9.547
    32   42.994   42.994   -9.417   -1.397   -0.219   -8.474   -8.693  -10.090
    33   45.229   45.229  -10.077   -1.571   -0.256   -8.151   -8.407   -9.978
    34   45.800   45.800   -9.071   -1.149   -0.118   -8.209   -8.327   -9.475
    35   46.489   46.489   -9.033   -1.176   -0.143   -7.954   -8.097   -9.274
    36   47.578   47.578   -9.266   -1.158   -0.106   -8.190   -8.296   -9.454
    37   49.454   49.454   -9.476   -1.297   -0.161   -7.009   -7.170   -8.466
    38   49.733   49.733   -9.613   -1.252   -0.120   -7.522   -7.642   -8.894
    39   49.784   49.784   -9.738   -1.374   -0.169   -7.214   -7.383   -8.757
    40   52.094   52.094   -9.998   -1.314   -0.118   -7.538   -7.656   -8.970
    41   52.792   52.792   -9.660   -1.272   -0.129   -7.360   -7.488   -8.760
    42   53.506   53.506   -9.323   -1.129   -0.100   -7.589   -7.689   -8.819
    43   55.125   55.125   -9.736   -1.236   -0.108   -7.391   -7.499   -8.735
    44   56.020   56.020   -9.483   -1.139   -0.098   -7.316   -7.414   -8.554
    45   56.463   56.463   -9.315   -1.128   -0.097   -6.579   -6.676   -7.804
    46   57.921   57.921   -9.259   -1.053   -0.082   -7.130   -7.213   -8.265
    47   58.389   58.389   -9.302   -1.044   -0.079   -7.002   -7.081   -8.125
    48   59.373   59.373   -9.442   -1.051   -0.072   -7.041   -7.113   -8.164
    49   60.530   60.530   -9.020   -0.963   -0.067   -5.709   -5.776   -6.739
    50   61.571   61.571   -9.628   -1.152   -0.090   -6.151   -6.241   -7.393
    51   62.532   62.532   -9.537   -1.089   -0.078   -6.628   -6.706   -7.795
    52   62.925   62.925   -9.690   -1.122   -0.078   -6.325   -6.403   -7.525
    53   63.510   63.510   -9.594   -1.073   -0.076   -6.416   -6.493   -7.566
    54   64.780   64.780   -9.744   -1.104   -0.076   -6.454   -6.530   -7.633
    55   65.349   65.349   -9.141   -0.926   -0.058   -6.702   -6.760   -7.686
    56   66.093   66.093   -9.909   -1.118   -0.072   -6.524   -6.595   -7.713
    57   67.290   67.290   -9.243   -0.929   -0.052   -6.540   -6.593   -7.521
    58   68.172   68.172   -9.757   -1.035   -0.055   -6.422   -6.477   -7.513

 Symmetrized values from band-averaging:

       k =  0.125000  0.375000  0.625000 ik =  26 spin = 1

     n      Emf       Eo      Vxc        X      Cor     Eqp0     Eqp1      Znk
     1   -2.300   -2.300  -10.899  -16.543    4.197   -3.748   -3.339    0.718
     2   -0.718   -0.718  -10.913  -15.777    3.389   -2.194   -1.804    0.736
     3    2.096    2.096  -10.071  -13.197    1.816    0.787    1.090    0.769
     4    3.240    3.240  -10.379  -12.966    1.263    1.916    2.212    0.776
     5    8.619    8.619   -9.630   -5.441   -4.530    8.278    8.351    0.787
     6   10.535   10.535   -9.798   -4.989   -5.139   10.205   10.278    0.778
     7   11.601   11.601  -10.162   -4.847   -5.626   11.290   11.362    0.767
     8   13.778   13.778  -10.160   -4.239   -6.244   13.456   13.536    0.752
     9   14.759   14.759  -10.532   -4.405   -6.480   14.405   14.496    0.744
    10   17.457   17.457  -10.506   -3.753   -7.162   17.048   17.162    0.720
    11   18.620   18.620  -10.402   -3.577   -7.285   18.160   18.291    0.715
    12   20.656   20.656   -8.918   -2.385   -7.123   20.065   20.241    0.702
    13   21.778   21.778  -10.322   -3.013   -7.983   21.104   21.323    0.675
    14   22.383   22.383  -10.669   -3.202   -8.231   21.619   21.876    0.663
    15   23.911   23.911   -9.295   -2.260   -7.912   23.035   23.354    0.636
    16   24.759   24.759   -8.854   -1.978   -7.952   23.683   24.113    0.600
    17   25.106   25.106  -10.630   -2.774   -9.000   23.963   24.409    0.610
    18   25.796   25.796  -10.702   -2.768   -9.200   24.530   25.055    0.586
    19   27.452   27.452   -9.064   -1.871   -8.869   25.775   26.521    0.555
    20   28.167   28.167  -10.143   -2.300   -9.816   26.195   27.111    0.536
    21   29.179   29.179   -9.848   -2.051  -10.103   26.874   27.698    0.642
    22   30.780   30.780   -9.110   -1.774   -9.671   28.445   28.710    0.887
    23   31.386   31.386   -9.236   -1.723   -9.715   29.184   29.410    0.897
    24   34.182   34.182   -9.007   -1.561   -9.077   32.550   32.828    0.830
    25   34.813   34.813   -9.164   -1.626   -8.921   33.430   33.629    0.856
    26   35.513   35.513   -9.206   -1.607   -8.938   34.174   34.409    0.824
    27   37.079   37.079   -9.469   -1.541   -9.711   35.296   35.527    0.870
    28   37.857   37.857   -9.305   -1.499   -9.190   36.473   36.693    0.842
    29   38.590   38.590   -9.381   -1.466   -9.374   37.132   37.408    0.811
    30   38.979   38.979   -9.400   -1.495   -9.121   37.763   37.910    0.879
    31   41.238   41.238   -8.915   -1.319   -8.228   40.606   40.649    0.932
    32   42.994   42.994   -9.417   -1.397   -8.693   42.322   42.503    0.731
    33   45.229   45.229  -10.077   -1.571   -8.407   45.328   45.359    1.308
    34   45.800   45.800   -9.071   -1.149   -8.327   45.396   45.463    0.833
    35   46.489   46.489   -9.033   -1.176   -8.097   46.249   46.212    1.154
    36   47.578   47.578   -9.266   -1.158   -8.296   47.390   47.396    0.969
    37   49.454   49.454   -9.476   -1.297   -7.170   50.464   50.255    0.793
    38   49.733   49.733   -9.613   -1.252   -7.642   50.452   50.388    0.911
    39   49.784   49.784   -9.738   -1.374   -7.383   50.764   50.843    1.081
    40   52.094   52.094   -9.998   -1.314   -7.656   53.123   52.927    0.810
    41   52.792   52.792   -9.660   -1.272   -7.488   53.692   53.485    0.770
    42   53.506   53.506   -9.323   -1.129   -7.689   54.010   53.942    0.864
    43   55.125   55.125   -9.736   -1.236   -7.499   56.125   55.931    0.806
    44   56.020   56.020   -9.483   -1.139   -7.414   56.950   56.867    0.911
    45   56.463   56.463   -9.315   -1.128   -6.676   57.974   57.867    0.930
    46   57.921   57.921   -9.259   -1.053   -7.213   58.915   59.005    1.090
    47   58.389   58.389   -9.302   -1.044   -7.081   59.566   59.716    1.127
    48   59.373   59.373   -9.442   -1.051   -7.113   60.651   60.843    1.150
    49   60.530   60.530   -9.020   -0.963   -5.776   62.811   62.606    0.911
    50   61.571   61.571   -9.628   -1.152   -6.241   63.807   63.534    0.878
    51   62.532   62.532   -9.537   -1.089   -6.706   64.274   64.162    0.936
    52   62.925   62.925   -9.690   -1.122   -6.403   65.091   64.747    0.841
    53   63.510   63.510   -9.594   -1.073   -6.493   65.538   65.189    0.828
    54   64.780   64.780   -9.744   -1.104   -6.530   66.891   66.758    0.937
    55   65.349   65.349   -9.141   -0.926   -6.760   66.804   66.639    0.887
    56   66.093   66.093   -9.909   -1.118   -6.595   68.289   67.979    0.859
    57   67.290   67.290   -9.243   -0.929   -6.593   69.011   68.781    0.866
    58   68.172   68.172   -9.757   -1.035   -6.477   70.417   70.297    0.947
 
================================================================================
 09:47:07   Dealing with k =  0.125000  0.375000  0.750000                 2 / 4
================================================================================

 Reading vxc.dat
 Number of q-points in the irreducible BZ(k) (nrq): 288
 
 Started calculating Sigma with 288 block(s) at 09:47:07.
 [ 09:47:07 |   0% ] block   1 / 288.
 [ 09:47:21 |   1% ] block   3 / 288, remaining: 1956 s.
 [ 09:50:22 |  10% ] block  29 / 288, remaining: 1811 s.
 [ 09:53:45 |  20% ] block  58 / 288, remaining: 1611 s.
 [ 09:57:09 |  30% ] block  87 / 288, remaining: 1414 s.
 [ 10:00:30 |  40% ] block 116 / 288, remaining: 1208 s.
 [ 10:03:52 |  50% ] block 145 / 288, remaining: 1005 s.
 [ 10:07:08 |  60% ] block 173 / 288, remaining: 810 s.
 [ 10:10:32 |  70% ] block 202 / 288, remaining: 608 s.
 [ 10:13:52 |  80% ] block 231 / 288, remaining: 405 s.
 [ 10:17:13 |  90% ] block 260 / 288, remaining: 202 s.
 Finished calculating Sigma at 10:20:34.
 Elapsed time: 2006 s.
 
 Unsymmetrized values for ik =  27 spin = 1
 
     n      Emf       Eo      Vxc        X     SX-X       CH      Cor      Sig
     1   -2.660   -2.660  -10.859  -16.665   12.583   -8.207    4.377  -12.288
     2   -0.349   -0.349  -10.932  -15.615   11.625   -8.424    3.202  -12.413
     3    1.921    1.921  -10.015  -13.232    9.819   -7.907    1.911  -11.320
     4    3.630    3.630  -10.485  -12.898    9.448   -8.359    1.089  -11.809
     5    9.114    9.114   -9.716   -5.390    3.672   -8.332   -4.661  -10.051
     6   10.828   10.828  -10.035   -5.097    3.458   -8.740   -5.282  -10.379
     7   11.513   11.513   -9.923   -4.687    3.256   -8.781   -5.525  -10.212
     8   13.349   13.349  -10.072   -4.321    3.022   -9.083   -6.061  -10.381
     9   14.233   14.233  -10.570   -4.486    3.212   -9.674   -6.462  -10.947
    10   15.610   15.610  -10.274   -4.018    3.041   -9.613   -6.572  -10.590
    11   20.477   20.477  -10.005   -2.965    2.739  -10.304   -7.565  -10.530
    12   20.631   20.631   -9.566   -2.755    2.614  -10.067   -7.453  -10.208
    13   20.959   20.959   -8.950   -2.382    2.177   -9.358   -7.181   -9.563
    14   22.693   22.693  -10.850   -3.245    3.586  -11.968   -8.383  -11.628
    15   22.966   22.966  -10.200   -2.843    3.008  -11.161   -8.153  -10.996
    16   24.758   24.758  -10.787   -2.911    3.284  -12.233   -8.949  -11.860
    17   25.507   25.507   -9.454   -2.127    1.801  -10.298   -8.497  -10.624
    18   26.323   26.323  -10.612   -2.718    3.110  -12.411   -9.300  -12.019
    19   27.596   27.596   -9.813   -2.181    1.264  -10.620   -9.356  -11.537
    20   28.500   28.500   -8.738   -1.647    0.399   -9.578   -9.179  -10.826
    21   29.741   29.741  -10.130   -2.184    0.669  -11.078  -10.409  -12.593
    22   31.168   31.168   -9.188   -1.776    0.224   -9.813   -9.589  -11.365
    23   32.293   32.293   -9.166   -1.658    0.111   -9.644   -9.533  -11.191
    24   34.011   34.011   -9.235   -1.736   -0.152   -8.870   -9.022  -10.759
    25   34.688   34.688   -9.200   -1.578    0.084   -9.409   -9.325  -10.903
    26   35.705   35.705   -8.938   -1.461   -0.120   -8.818   -8.939  -10.400
    27   35.748   35.748   -8.652   -1.308   -0.004   -8.883   -8.887  -10.194
    28   37.664   37.664   -9.921   -1.702   -0.086   -9.529   -9.616  -11.318
    29   38.076   38.076   -9.464   -1.525   -0.167   -9.110   -9.278  -10.803
    30   39.387   39.387   -9.085   -1.449   -0.189   -8.376   -8.565  -10.014
    31   41.546   41.546   -9.745   -1.484   -0.200   -9.057   -9.258  -10.741
    32   44.204   44.204   -8.935   -1.204   -0.163   -8.153   -8.317   -9.521
    33   44.284   44.284   -8.902   -1.225   -0.180   -7.991   -8.171   -9.396
    34   45.483   45.483  -10.148   -1.601   -0.251   -8.021   -8.272   -9.873
    35   45.863   45.863   -9.617   -1.347   -0.192   -7.995   -8.187   -9.534
    36   47.071   47.071   -9.004   -1.104   -0.098   -8.028   -8.126   -9.231
    37   49.840   49.840  -10.374   -1.592   -0.210   -6.685   -6.895   -8.488
    38   50.166   50.166   -9.815   -1.271   -0.124   -8.004   -8.128   -9.399
    39   50.582   50.582   -9.801   -1.322   -0.143   -7.281   -7.424   -8.746
    40   51.400   51.400   -8.709   -1.012   -0.102   -7.048   -7.150   -8.163
    41   52.328   52.328   -9.424   -1.207   -0.124   -7.135   -7.259   -8.467
    42   53.865   53.865   -9.701   -1.180   -0.086   -7.821   -7.907   -9.087
    43   55.428   55.428   -9.274   -1.119   -0.103   -7.090   -7.193   -8.312
    44   55.457   55.457   -9.233   -1.130   -0.111   -6.547   -6.659   -7.789
    45   56.700   56.700   -9.848   -1.195   -0.090   -7.709   -7.799   -8.994
    46   57.819   57.819   -9.516   -1.134   -0.096   -6.798   -6.894   -8.028
    47   59.067   59.067   -9.284   -0.995   -0.064   -7.045   -7.109   -8.104
    48   60.113   60.113   -9.197   -0.959   -0.055   -6.643   -6.698   -7.657
    49   60.605   60.605   -9.190   -1.018   -0.074   -6.592   -6.666   -7.684
    50   61.709   61.709   -9.451   -1.066   -0.076   -6.280   -6.357   -7.423
    51   61.783   61.783   -9.538   -1.113   -0.080   -5.818   -5.898   -7.011
    52   63.194   63.194   -9.678   -1.156   -0.093   -6.024   -6.117   -7.273
    53   63.787   63.787   -9.328   -0.986   -0.065   -6.934   -6.999   -7.985
    54   64.891   64.891   -9.219   -0.962   -0.065   -6.475   -6.540   -7.502
    55   64.955   64.955   -9.417   -1.009   -0.070   -6.563   -6.632   -7.641
    56   65.737   65.737   -9.163   -0.949   -0.062   -6.375   -6.437   -7.386
    57   65.993   65.993  -10.037   -1.201   -0.086   -6.236   -6.322   -7.523
    58   67.164   67.164   -9.439   -0.967   -0.059   -6.441   -6.500   -7.467

 Symmetrized values from band-averaging:

       k =  0.125000  0.375000  0.750000 ik =  27 spin = 1

     n      Emf       Eo      Vxc        X      Cor     Eqp0     Eqp1      Znk
     1   -2.660   -2.660  -10.859  -16.665    4.377   -4.090   -3.680    0.713
     2   -0.349   -0.349  -10.932  -15.615    3.202   -1.829   -1.444    0.740
     3    1.921    1.921  -10.015  -13.232    1.911    0.616    0.920    0.767
     4    3.630    3.630  -10.485  -12.898    1.089    2.305    2.599    0.778
     5    9.114    9.114   -9.716   -5.390   -4.661    8.779    8.851    0.785
     6   10.828   10.828  -10.035   -5.097   -5.282   10.484   10.562    0.774
     7   11.513   11.513   -9.923   -4.687   -5.525   11.224   11.290    0.771
     8   13.349   13.349  -10.072   -4.321   -6.061   13.040   13.115    0.757
     9   14.233   14.233  -10.570   -4.486   -6.462   13.856   13.952    0.745
    10   15.610   15.610  -10.274   -4.018   -6.572   15.294   15.375    0.743
    11   20.477   20.477  -10.005   -2.965   -7.565   19.952   20.112    0.696
    12   20.631   20.631   -9.566   -2.755   -7.453   19.989   20.183    0.697
    13   20.959   20.959   -8.950   -2.382   -7.181   20.346   20.531    0.697
    14   22.693   22.693  -10.850   -3.245   -8.383   21.915   22.184    0.653
    15   22.966   22.966  -10.200   -2.843   -8.153   22.169   22.451    0.647
    16   24.758   24.758  -10.787   -2.911   -8.949   23.684   24.097    0.616
    17   25.507   25.507   -9.454   -2.127   -8.497   24.337   24.807    0.598
    18   26.323   26.323  -10.612   -2.718   -9.300   24.917   25.527    0.566
    19   27.596   27.596   -9.813   -2.181   -9.356   25.873   26.665    0.541
    20   28.500   28.500   -8.738   -1.647   -9.179   26.412   27.136    0.653
    21   29.741   29.741  -10.130   -2.184  -10.409   27.278   27.983    0.714
    22   31.168   31.168   -9.188   -1.776   -9.589   28.991   29.130    0.936
    23   32.293   32.293   -9.166   -1.658   -9.533   30.268   30.392    0.939
    24   34.011   34.011   -9.235   -1.736   -9.022   32.487   32.703    0.859
    25   34.688   34.688   -9.200   -1.578   -9.325   32.985   33.272    0.831
    26   35.705   35.705   -8.938   -1.461   -8.939   34.242   34.517    0.812
    27   35.748   35.748   -8.652   -1.308   -8.887   34.206   34.527    0.791
    28   37.664   37.664   -9.921   -1.702   -9.616   36.267   36.602    0.761
    29   38.076   38.076   -9.464   -1.525   -9.278   36.738   37.098    0.731
    30   39.387   39.387   -9.085   -1.449   -8.565   38.457   38.358    1.107
    31   41.546   41.546   -9.745   -1.484   -9.258   40.549   40.745    0.803
    32   44.204   44.204   -8.935   -1.204   -8.317   43.618   43.623    0.992
    33   44.284   44.284   -8.902   -1.225   -8.171   43.790   43.724    1.133
    34   45.483   45.483  -10.148   -1.601   -8.272   45.759   45.825    1.242
    35   45.863   45.863   -9.617   -1.347   -8.187   45.946   45.941    0.943
    36   47.071   47.071   -9.004   -1.104   -8.126   46.844   46.851    0.972
    37   49.840   49.840  -10.374   -1.592   -6.895   51.726   51.235    0.740
    38   50.166   50.166   -9.815   -1.271   -8.128   50.582   50.551    0.927
    39   50.582   50.582   -9.801   -1.322   -7.424   51.636   51.541    0.910
    40   51.400   51.400   -8.709   -1.012   -7.150   51.947   51.839    0.802
    41   52.328   52.328   -9.424   -1.207   -7.259   53.285   53.107    0.814
    42   53.865   53.865   -9.701   -1.180   -7.907   54.479   54.494    1.025
    43   55.428   55.428   -9.274   -1.119   -7.193   56.390   56.249    0.854
    44   55.457   55.457   -9.233   -1.130   -6.659   56.901   56.713    0.870
    45   56.700   56.700   -9.848   -1.195   -7.799   57.555   57.576    1.026
    46   57.819   57.819   -9.516   -1.134   -6.894   59.307   59.149    0.894
    47   59.067   59.067   -9.284   -0.995   -7.109   60.246   61.882    2.386
    48   60.113   60.113   -9.197   -0.959   -6.698   61.653   61.608    0.971
    49   60.605   60.605   -9.190   -1.018   -6.666   62.111   61.737    0.752
    50   61.709   61.709   -9.451   -1.066   -6.357   63.737   63.387    0.827
    51   61.783   61.783   -9.538   -1.113   -5.898   64.310   63.468    0.667
    52   63.194   63.194   -9.678   -1.156   -6.117   65.599   65.565    0.986
    53   63.787   63.787   -9.328   -0.986   -6.999   65.131   64.929    0.850
    54   64.891   64.891   -9.219   -0.962   -6.540   66.608   66.540    0.960
    55   64.955   64.955   -9.417   -1.009   -6.632   66.732   66.637    0.947
    56   65.737   65.737   -9.163   -0.949   -6.437   67.514   67.655    1.080
    57   65.993   65.993  -10.037   -1.201   -6.322   68.507   68.161    0.862
    58   67.164   67.164   -9.439   -0.967   -6.500   69.136   68.737    0.798
 
================================================================================
 10:20:34   Dealing with k =  0.125000  0.500000  0.625000                 3 / 4
================================================================================

 Reading vxc.dat
 Number of q-points in the irreducible BZ(k) (nrq): 164
 
 Started calculating Sigma with 164 block(s) at 10:20:35.
 [ 10:20:35 |   0% ] block   1 / 164.
 [ 10:20:48 |   1% ] block   3 / 164, remaining: 1108 s.
 [ 10:22:26 |  10% ] block  17 / 164, remaining: 1030 s.
 [ 10:24:18 |  20% ] block  33 / 164, remaining: 921 s.
 [ 10:26:18 |  30% ] block  50 / 164, remaining: 806 s.
 [ 10:28:08 |  40% ] block  66 / 164, remaining: 691 s.
 [ 10:30:00 |  49% ] block  82 / 164, remaining: 580 s.
 [ 10:31:59 |  60% ] block  99 / 164, remaining: 461 s.
 [ 10:33:52 |  70% ] block 115 / 164, remaining: 350 s.
 [ 10:35:49 |  80% ] block 132 / 164, remaining: 230 s.
 [ 10:37:40 |  90% ] block 148 / 164, remaining: 119 s.
 [ 10:39:31 |  99% ] block 164 / 164, remaining: 7 s.
 Finished calculating Sigma at 10:39:38.
 Elapsed time: 1143 s.
 
 Unsymmetrized values for ik =  28 spin = 1
 
     n      Emf       Eo      Vxc        X     SX-X       CH      Cor      Sig
     1   -1.535   -1.535  -10.908  -16.392   12.336   -8.307    4.029  -12.363
     2   -1.535   -1.535  -10.908  -15.977   11.941   -8.338    3.602  -12.375
     3    2.768    2.768  -10.281  -13.207    9.678   -8.122    1.556  -11.651
     4    2.768    2.768  -10.281  -12.956    9.574   -8.182    1.392  -11.565
     5    8.188    8.188   -9.558   -5.491    3.749   -8.159   -4.410   -9.901
     6    8.188    8.188   -9.558   -5.497    3.660   -8.074   -4.414   -9.910
     7   14.194   14.194  -10.279   -4.491    3.311   -9.500   -6.189  -10.680
     8   14.194   14.194  -10.279   -4.031    2.818   -9.340   -6.523  -10.553
     9   16.944   16.944  -10.643   -4.002    3.040  -10.085   -7.045  -11.047
    10   16.944   16.944  -10.643   -3.942    2.885  -10.016   -7.131  -11.073
    11   19.285   19.285  -10.359   -3.502    3.156  -10.488   -7.332  -10.834
    12   19.285   19.285  -10.359   -3.405    3.321  -10.744   -7.423  -10.828
    13   21.954   21.954  -10.525   -3.242    3.618  -11.386   -7.768  -11.010
    14   21.954   21.954  -10.525   -3.090    2.978  -11.393   -8.415  -11.505
    15   23.783   23.783   -9.209   -2.216    2.183  -10.086   -7.903  -10.118
    16   23.783   23.783   -9.209   -2.211    2.203   -9.971   -7.767   -9.978
    17   25.464   25.464   -8.708   -1.809    0.749   -8.885   -8.136   -9.945
    18   25.464   25.464   -8.708   -1.846    0.961   -9.123   -8.162  -10.008
    19   28.112   28.112  -10.188   -2.301    1.650  -11.243   -9.592  -11.894
    20   28.112   28.112  -10.188   -2.338    1.316  -11.272   -9.956  -12.295
    21   29.396   29.396   -9.357   -1.796    0.449  -10.253   -9.804  -11.600
    22   29.396   29.396   -9.357   -1.817    0.265  -10.028   -9.763  -11.581
    23   30.686   30.686   -9.471   -1.974    0.321  -10.281   -9.960  -11.934
    24   30.686   30.686   -9.471   -1.947    0.416  -10.572  -10.155  -12.102
    25   36.848   36.848  -10.008   -1.861   -0.184   -9.514   -9.697  -11.558
    26   36.848   36.848  -10.008   -1.853   -0.145   -9.480   -9.625  -11.478
    27   38.427   38.427   -9.230   -1.396   -0.128   -9.345   -9.474  -10.870
    28   38.427   38.427   -9.230   -1.425   -0.108   -9.141   -9.249  -10.674
    29   39.200   39.200   -9.371   -1.453   -0.187   -9.160   -9.347  -10.800
    30   39.200   39.200   -9.371   -1.463   -0.188   -8.999   -9.187  -10.651
    31   42.966   42.966   -8.745   -1.173   -0.177   -8.351   -8.528   -9.701
    32   42.966   42.966   -8.745   -1.198   -0.163   -8.198   -8.362   -9.560
    33   44.780   44.780   -8.813   -1.147   -0.163   -7.784   -7.946   -9.093
    34   44.780   44.780   -8.813   -1.155   -0.155   -7.995   -8.150   -9.304
    35   46.680   46.680   -9.555   -1.375   -0.171   -8.218   -8.389   -9.765
    36   46.680   46.680   -9.555   -1.356   -0.192   -7.314   -7.505   -8.861
    37   48.880   48.880   -9.530   -1.261   -0.132   -8.169   -8.301   -9.563
    38   48.880   48.880   -9.530   -1.230   -0.118   -7.376   -7.494   -8.724
    39   49.842   49.842   -9.830   -1.350   -0.151   -7.166   -7.318   -8.668
    40   49.842   49.842   -9.830   -1.349   -0.144   -7.852   -7.997   -9.345
    41   53.964   53.964   -9.119   -1.066   -0.093   -7.581   -7.675   -8.741
    42   53.964   53.964   -9.119   -1.083   -0.095   -6.913   -7.008   -8.091
    43   55.024   55.024   -9.857   -1.273   -0.104   -7.588   -7.692   -8.964
    44   55.024   55.024   -9.857   -1.264   -0.101   -7.424   -7.524   -8.788
    45   57.668   57.668   -9.576   -1.140   -0.100   -7.093   -7.194   -8.333
    46   57.668   57.668   -9.576   -1.143   -0.090   -8.023   -8.112   -9.256
    47   59.130   59.130   -9.189   -0.992   -0.056   -7.147   -7.203   -8.195
    48   59.130   59.130   -9.189   -0.972   -0.068   -7.212   -7.280   -8.252
    49   61.785   61.785  -10.041   -1.276   -0.110   -6.139   -6.249   -7.525
    50   61.785   61.785  -10.041   -1.269   -0.099   -6.158   -6.258   -7.527
    51   62.018   62.018   -9.648   -1.110   -0.083   -6.424   -6.507   -7.617
    52   62.018   62.018   -9.648   -1.137   -0.099   -6.394   -6.493   -7.630
    53   64.651   64.651   -9.923   -1.116   -0.066   -6.260   -6.325   -7.442
    54   64.651   64.651   -9.923   -1.153   -0.079   -6.436   -6.515   -7.668
    55   65.980   65.980   -9.312   -0.983   -0.068   -6.636   -6.704   -7.687
    56   65.980   65.980   -9.312   -0.973   -0.052   -6.721   -6.773   -7.746
    57   66.780   66.780   -9.550   -1.016   -0.066   -6.031   -6.097   -7.112
    58   66.780   66.780   -9.550   -1.009   -0.058   -6.740   -6.798   -7.807

 Symmetrized values from band-averaging:

       k =  0.125000  0.500000  0.625000 ik =  28 spin = 1

     n      Emf       Eo      Vxc        X      Cor     Eqp0     Eqp1      Znk
     1   -1.535   -1.535  -10.908  -16.184    3.816   -2.996   -2.597    0.726
     2   -1.535   -1.535  -10.908  -16.184    3.816   -2.996   -2.597    0.726
     3    2.768    2.768  -10.281  -13.082    1.474    1.441    1.742    0.773
     4    2.768    2.768  -10.281  -13.082    1.474    1.441    1.742    0.773
     5    8.188    8.188   -9.558   -5.494   -4.412    7.840    7.913    0.789
     6    8.188    8.188   -9.558   -5.494   -4.412    7.840    7.913    0.789
     7   14.194   14.194  -10.279   -4.261   -6.356   13.857   13.941    0.749
     8   14.194   14.194  -10.279   -4.261   -6.356   13.857   13.941    0.749
     9   16.944   16.944  -10.643   -3.972   -7.088   16.526   16.642    0.723
    10   16.944   16.944  -10.643   -3.972   -7.088   16.526   16.642    0.723
    11   19.285   19.285  -10.359   -3.453   -7.377   18.813   18.951    0.709
    12   19.285   19.285  -10.359   -3.453   -7.377   18.813   18.951    0.709
    13   21.954   21.954  -10.525   -3.166   -8.091   21.222   21.461    0.673
    14   21.954   21.954  -10.525   -3.166   -8.091   21.222   21.461    0.673
    15   23.783   23.783   -9.209   -2.213   -7.835   22.944   23.244    0.643
    16   23.783   23.783   -9.209   -2.213   -7.835   22.944   23.244    0.643
    17   25.464   25.464   -8.708   -1.828   -8.149   24.196   24.743    0.569
    18   25.464   25.464   -8.708   -1.828   -8.149   24.196   24.743    0.569
    19   28.112   28.112  -10.188   -2.320   -9.774   26.206   27.083    0.540
    20   28.112   28.112  -10.188   -2.320   -9.774   26.206   27.083    0.540
    21   29.396   29.396   -9.357   -1.807   -9.784   27.162   27.772    0.727
    22   29.396   29.396   -9.357   -1.807   -9.784   27.162   27.772    0.727
    23   30.686   30.686   -9.471   -1.961  -10.058   28.138   28.797    0.741
    24   30.686   30.686   -9.471   -1.961  -10.058   28.138   28.797    0.741
    25   36.848   36.848  -10.008   -1.857   -9.661   35.339   35.144    1.129
    26   36.848   36.848  -10.008   -1.857   -9.661   35.339   35.144    1.129
    27   38.427   38.427   -9.230   -1.410   -9.361   36.885   37.069    0.881
    28   38.427   38.427   -9.230   -1.410   -9.361   36.885   37.069    0.881
    29   39.200   39.200   -9.371   -1.458   -9.267   37.845   37.911    0.951
    30   39.200   39.200   -9.371   -1.458   -9.267   37.845   37.911    0.951
    31   42.966   42.966   -8.745   -1.186   -8.445   42.080   42.243    0.816
    32   42.966   42.966   -8.745   -1.186   -8.445   42.080   42.243    0.816
    33   44.780   44.780   -8.813   -1.151   -8.048   44.395   44.348    1.121
    34   44.780   44.780   -8.813   -1.151   -8.048   44.395   44.348    1.121
    35   46.680   46.680   -9.555   -1.366   -7.947   46.923   46.922    0.995
    36   46.680   46.680   -9.555   -1.366   -7.947   46.923   46.922    0.995
    37   48.880   48.880   -9.530   -1.246   -7.898   49.267   49.276    1.025
    38   48.880   48.880   -9.530   -1.246   -7.898   49.267   49.276    1.025
    39   49.842   49.842   -9.830   -1.350   -7.657   50.666   50.664    0.998
    40   49.842   49.842   -9.830   -1.350   -7.657   50.666   50.664    0.998
    41   53.964   53.964   -9.119   -1.074   -7.341   54.667   54.902    1.334
    42   53.964   53.964   -9.119   -1.074   -7.341   54.667   54.902    1.334
    43   55.024   55.024   -9.857   -1.268   -7.608   56.005   55.726    0.716
    44   55.024   55.024   -9.857   -1.268   -7.608   56.005   55.726    0.716
    45   57.668   57.668   -9.576   -1.142   -7.653   58.449   58.538    1.113
    46   57.668   57.668   -9.576   -1.142   -7.653   58.449   58.538    1.113
    47   59.130   59.130   -9.189   -0.982   -7.242   60.095   64.860    5.936
    48   59.130   59.130   -9.189   -0.982   -7.242   60.095   64.860    5.936
    49   61.785   61.785  -10.041   -1.273   -6.253   64.300   64.069    0.908
    50   61.785   61.785  -10.041   -1.273   -6.253   64.300   64.069    0.908
    51   62.018   62.018   -9.648   -1.124   -6.500   64.043   63.753    0.857
    52   62.018   62.018   -9.648   -1.124   -6.500   64.043   63.753    0.857
    53   64.651   64.651   -9.923   -1.135   -6.420   67.019   67.942    1.390
    54   64.651   64.651   -9.923   -1.135   -6.420   67.019   67.942    1.390
    55   65.980   65.980   -9.312   -0.978   -6.738   67.576   67.342    0.853
    56   65.980   65.980   -9.312   -0.978   -6.738   67.576   67.342    0.853
    57   66.780   66.780   -9.550   -1.012   -6.448   68.870   68.601    0.871
    58   66.780   66.780   -9.550   -1.012   -6.448   68.870   68.601    0.871
 
================================================================================
 10:39:38   Dealing with k =  0.250000  0.500000  0.750000                 4 / 4
================================================================================

 Reading vxc.dat
 Number of q-points in the irreducible BZ(k) (nrq): 87
 
 Started calculating Sigma with 87 block(s) at 10:39:39.
 [ 10:39:39 |   0% ] block  1 / 87.
 [ 10:39:52 |   2% ] block  3 / 87, remaining: 586 s.
 [ 10:40:34 |   9% ] block  9 / 87, remaining: 550 s.
 [ 10:41:37 |  20% ] block 18 / 87, remaining: 489 s.
 [ 10:42:41 |  30% ] block 27 / 87, remaining: 428 s.
 [ 10:43:36 |  39% ] block 35 / 87, remaining: 371 s.
 [ 10:44:39 |  49% ] block 44 / 87, remaining: 308 s.
 [ 10:45:43 |  60% ] block 53 / 87, remaining: 245 s.
 [ 10:46:39 |  69% ] block 61 / 87, remaining: 189 s.
 [ 10:47:41 |  79% ] block 70 / 87, remaining: 126 s.
 [ 10:48:43 |  90% ] block 79 / 87, remaining: 63 s.
 [ 10:49:39 |  99% ] block 87 / 87, remaining: 7 s.
 Finished calculating Sigma at 10:49:46.
 Elapsed time: 607 s.
 
 Unsymmetrized values for ik =  29 spin = 1
 
     n      Emf       Eo      Vxc        X     SX-X       CH      Cor      Sig
     1   -1.441   -1.441  -10.974  -16.554   12.482   -8.348    4.134  -12.421
     2   -1.441   -1.441  -10.974  -15.874   11.799   -8.401    3.398  -12.476
     3    2.306    2.306  -10.069  -12.912    9.539   -8.010    1.529  -11.383
     4    2.306    2.306  -10.069  -13.247    9.819   -7.933    1.886  -11.362
     5   10.509   10.509   -9.762   -5.442    3.732   -8.488   -4.756  -10.199
     6   10.509   10.509   -9.762   -4.671    2.990   -8.335   -5.345  -10.017
     7   11.335   11.335  -10.129   -5.153    3.798   -9.102   -5.303  -10.456
     8   11.335   11.335  -10.129   -4.419    2.975   -8.953   -5.978  -10.397
     9   16.949   16.949  -10.674   -4.122    3.105  -10.105   -7.000  -11.122
    10   16.949   16.949  -10.674   -3.824    2.828  -10.087   -7.259  -11.083
    11   19.444   19.444  -10.416   -3.639    3.491  -10.851   -7.360  -11.000
    12   19.444   19.444  -10.416   -3.294    3.019  -10.564   -7.545  -10.839
    13   22.815   22.815   -9.008   -2.245    2.279   -9.852   -7.574   -9.819
    14   22.815   22.815   -9.008   -2.156    1.935   -9.463   -7.528   -9.684
    15   24.985   24.985   -8.577   -1.868    1.038   -8.842   -7.804   -9.672
    16   24.985   24.985   -8.577   -1.819    0.953   -8.920   -7.967   -9.786
    17   25.254   25.254  -10.851   -2.791    3.329  -12.677   -9.348  -12.139
    18   25.254   25.254  -10.851   -2.865    3.608  -12.666   -9.058  -11.923
    19   26.247   26.247  -10.970   -2.871    3.262  -12.798   -9.536  -12.407
    20   26.247   26.247  -10.970   -2.964    3.090  -12.318   -9.228  -12.192
    21   30.069   30.069   -9.433   -1.818    0.562  -10.663  -10.102  -11.920
    22   30.069   30.069   -9.433   -1.837    0.595  -10.667  -10.072  -11.910
    23   34.132   34.132   -8.785   -1.449    0.068   -9.241   -9.172  -10.621
    24   34.132   34.132   -8.785   -1.488    0.037   -9.083   -9.046  -10.534
    25   34.301   34.301   -8.963   -1.495    0.000   -9.032   -9.032  -10.527
    26   34.301   34.301   -8.963   -1.568   -0.079   -8.969   -9.048  -10.616
    27   35.990   35.990   -9.061   -1.586   -0.162   -8.704   -8.867  -10.453
    28   35.990   35.990   -9.061   -1.630   -0.161   -8.161   -8.321   -9.951
    29   39.013   39.013   -9.973   -1.538   -0.090  -10.099  -10.189  -11.727
    30   39.013   39.013   -9.973   -1.588   -0.129  -10.338  -10.467  -12.056
    31   43.542   43.542   -9.031   -1.264   -0.187   -7.763   -7.950   -9.214
    32   43.542   43.542   -9.031   -1.274   -0.194   -8.033   -8.228   -9.502
    33   44.589   44.589   -8.982   -1.241   -0.174   -7.932   -8.106   -9.348
    34   44.589   44.589   -8.982   -1.236   -0.176   -8.674   -8.851  -10.087
    35   46.930   46.930   -9.717   -1.365   -0.174   -8.044   -8.219   -9.583
    36   46.930   46.930   -9.717   -1.349   -0.172   -8.088   -8.261   -9.610
    37   49.904   49.904   -9.687   -1.257   -0.121   -7.535   -7.656   -8.913
    38   49.904   49.904   -9.687   -1.245   -0.127   -7.531   -7.659   -8.903
    39   51.356   51.356   -9.914   -1.320   -0.142   -7.460   -7.602   -8.922
    40   51.356   51.356   -9.914   -1.311   -0.135   -7.360   -7.496   -8.807
    41   54.199   54.199   -9.487   -1.174   -0.110   -7.514   -7.623   -8.797
    42   54.199   54.199   -9.487   -1.179   -0.126   -7.478   -7.604   -8.783
    43   55.500   55.500   -9.729   -1.218   -0.083   -8.239   -8.323   -9.541
    44   55.500   55.500   -9.729   -1.229   -0.118   -7.561   -7.680   -8.908
    45   55.978   55.978   -9.270   -1.179   -0.106   -6.915   -7.021   -8.200
    46   55.978   55.978   -9.270   -1.173   -0.097   -6.891   -6.988   -8.161
    47   58.340   58.340   -9.583   -1.145   -0.106   -6.026   -6.132   -7.277
    48   58.340   58.340   -9.583   -1.190   -0.100   -5.792   -5.891   -7.081
    49   62.018   62.018   -9.335   -0.961   -0.057   -6.946   -7.003   -7.964
    50   62.018   62.018   -9.335   -0.957   -0.058   -6.671   -6.729   -7.686
    51   63.462   63.462   -9.301   -1.002   -0.060   -6.350   -6.410   -7.412
    52   63.462   63.462   -9.301   -1.004   -0.071   -6.550   -6.621   -7.625
    53   64.132   64.132   -8.771   -0.833   -0.063   -6.313   -6.376   -7.210
    54   64.132   64.132   -8.771   -0.839   -0.044   -5.664   -5.708   -6.547
    55   66.921   66.921   -9.922   -1.088   -0.059   -7.099   -7.158   -8.246
    56   66.921   66.921   -9.922   -1.090   -0.056   -6.634   -6.690   -7.780
    57   66.983   66.983   -9.641   -1.072   -0.057   -6.189   -6.247   -7.319
    58   66.983   66.983   -9.641   -1.061   -0.067   -6.322   -6.389   -7.450

 Symmetrized values from band-averaging:

       k =  0.250000  0.500000  0.750000 ik =  29 spin = 1

     n      Emf       Eo      Vxc        X      Cor     Eqp0     Eqp1      Znk
     1   -1.441   -1.441  -10.974  -16.214    3.766   -2.915   -2.514    0.727
     2   -1.441   -1.441  -10.974  -16.214    3.766   -2.915   -2.514    0.727
     3    2.306    2.306  -10.069  -13.080    1.707    1.003    1.302    0.770
     4    2.306    2.306  -10.069  -13.080    1.707    1.003    1.302    0.770
     5   10.509   10.509   -9.762   -5.057   -5.051   10.163   10.240    0.779
     6   10.509   10.509   -9.762   -5.057   -5.051   10.163   10.240    0.779
     7   11.335   11.335  -10.129   -4.786   -5.641   11.037   11.106    0.768
     8   11.335   11.335  -10.129   -4.786   -5.641   11.037   11.106    0.768
     9   16.949   16.949  -10.674   -3.973   -7.129   16.521   16.640    0.720
    10   16.949   16.949  -10.674   -3.973   -7.129   16.521   16.640    0.720
    11   19.444   19.444  -10.416   -3.467   -7.453   18.940   19.087    0.708
    12   19.444   19.444  -10.416   -3.467   -7.453   18.940   19.087    0.708
    13   22.815   22.815   -9.008   -2.200   -7.551   22.072   22.320    0.666
    14   22.815   22.815   -9.008   -2.200   -7.551   22.072   22.320    0.666
    15   24.985   24.985   -8.577   -1.844   -7.885   23.833   24.305    0.590
    16   24.985   24.985   -8.577   -1.844   -7.885   23.833   24.305    0.590
    17   25.254   25.254  -10.851   -2.828   -9.203   24.074   24.540    0.605
    18   25.254   25.254  -10.851   -2.828   -9.203   24.074   24.540    0.605
    19   26.247   26.247  -10.970   -2.917   -9.382   24.918   25.485    0.573
    20   26.247   26.247  -10.970   -2.917   -9.382   24.918   25.485    0.573
    21   30.069   30.069   -9.433   -1.828  -10.087   27.588   28.073    0.804
    22   30.069   30.069   -9.433   -1.828  -10.087   27.588   28.073    0.804
    23   34.132   34.132   -8.785   -1.469   -9.109   32.338   32.426    0.951
    24   34.132   34.132   -8.785   -1.469   -9.109   32.338   32.426    0.951
    25   34.301   34.301   -8.963   -1.531   -9.040   32.693   32.896    0.874
    26   34.301   34.301   -8.963   -1.531   -9.040   32.693   32.896    0.874
    27   35.990   35.990   -9.061   -1.608   -8.594   34.850   35.037    0.836
    28   35.990   35.990   -9.061   -1.608   -8.594   34.850   35.037    0.836
    29   39.013   39.013   -9.973   -1.563  -10.328   37.095   37.268    0.909
    30   39.013   39.013   -9.973   -1.563  -10.328   37.095   37.268    0.909
    31   43.542   43.542   -9.031   -1.269   -8.089   43.215   43.204    1.034
    32   43.542   43.542   -9.031   -1.269   -8.089   43.215   43.204    1.034
    33   44.589   44.589   -8.982   -1.239   -8.478   43.855   43.964    0.851
    34   44.589   44.589   -8.982   -1.239   -8.478   43.855   43.964    0.851
    35   46.930   46.930   -9.717   -1.357   -8.240   47.051   47.041    0.921
    36   46.930   46.930   -9.717   -1.357   -8.240   47.051   47.041    0.921
    37   49.904   49.904   -9.687   -1.251   -7.658   50.682   50.634    0.938
    38   49.904   49.904   -9.687   -1.251   -7.658   50.682   50.634    0.938
    39   51.356   51.356   -9.914   -1.315   -7.549   52.406   52.486    1.077
    40   51.356   51.356   -9.914   -1.315   -7.549   52.406   52.486    1.077
    41   54.199   54.199   -9.487   -1.177   -7.614   54.896   54.788    0.845
    42   54.199   54.199   -9.487   -1.177   -7.614   54.896   54.788    0.845
    43   55.500   55.500   -9.729   -1.223   -8.001   56.005   55.886    0.765
    44   55.500   55.500   -9.729   -1.223   -8.001   56.005   55.886    0.765
    45   55.978   55.978   -9.270   -1.176   -7.004   57.068   57.077    1.008
    46   55.978   55.978   -9.270   -1.176   -7.004   57.068   57.077    1.008
    47   58.340   58.340   -9.583   -1.167   -6.012   60.744   60.950    1.086
    48   58.340   58.340   -9.583   -1.167   -6.012   60.744   60.950    1.086
    49   62.018   62.018   -9.335   -0.959   -6.866   63.528   63.225    0.799
    50   62.018   62.018   -9.335   -0.959   -6.866   63.528   63.225    0.799
    51   63.462   63.462   -9.301   -1.003   -6.516   65.245   64.868    0.789
    52   63.462   63.462   -9.301   -1.003   -6.516   65.245   64.868    0.789
    53   64.132   64.132   -8.771   -0.836   -6.042   66.024   65.395    0.667
    54   64.132   64.132   -8.771   -0.836   -6.042   66.024   65.395    0.667
    55   66.921   66.921   -9.922   -1.089   -6.924   68.830   68.335    0.741
    56   66.921   66.921   -9.922   -1.089   -6.924   68.830   68.335    0.741
    57   66.983   66.983   -9.641   -1.067   -6.318   69.240   68.977    0.884
    58   66.983   66.983   -9.641   -1.067   -6.318   69.240   68.977    0.884

================================================================================

    n = band index.
  Emf = "inner" mean-field energy eigenvalue used to construct Sigma(E),
        read from WFN_inner.
   Eo = "outer" mean-field energy eigenvalue where we center the evaluation
        frequency grid {E} of Sigma(E). Defaults to Emf, unless
        you use WFN_outer and eqp_outer.dat / scissors_outer.
  Vxc = exchange-correlation pot., calculated from VXC or read from vxc.dat.
    X = bare exchange.
   SX = screened exchange contrib. to Sigma(E) at energy E=Eo
   CH = Coulomb hole contrib. to Sigma(E) at energy E=Eo
  Cor = SX-X + CH = correlation portion of Sigma(E) at energy E=Eo.
  Sig = X + Cor = self energy, Sigma(E), at energy E=Eo.
 Eqp0 = on-shell QP energy = Emf - Vxc + Sig(Eo)
        Eqp0 is *not* the recommended quantity to use for QP properties.
 Eqp1 = off-shell solution to the linearized  Dyson`s equation
      = Eqp0 + (dSig/dE) / (1 - dSig/dE) * (Eqp0 - Eo),
        or a full linear interpolation if more freq. points where computed.
        Eqp1 is the recommended quantity to use for QP properties.
  Znk = quasiparticle renormalization factor

 Notes on the static remainder:
 - Unprimed values, such as Eqp0, are evaluated WITH the static remainder
 - Primed values, such as Eqp0`, are evaluated WITHOUT the static remainder

 Notes on the finite_difference_form from sigma.inp file:
   none    : -2 => dSig/dE = 0 (skip the expansion)
   backward: -1 => dSig/dE = (Sig(Eo) - Sig(Eo-dE)) / dE
   central :  0 => dSig/dE = (Sig(Eo+dE) - Sig(Eo-dE)) / (2*dE)
   forward :  1 => dSig/dE = (Sig(Eo+dE) - Sig(Eo)) / dE
   default :  2 => forward for diagonal and none for off-diagonal
   dE is finite_difference_spacing from Sigma.inp file.
   We are using the form #2 with dE = 1.000 eV.

 General notes:
 - All energies are reported here in eV.
 - Both Emf and Vxc contain the average pot. Vxc0, so Vxc0 doesn`t affect Sigma.
 - Eqp1 and Eqp0 are Eqs. (36-37) from Hybertsen & Louie PRB 34 5390.
 - We recommend you use Eqp1 for QP properties of materials.

================================================================================

 
 Timing information
 
                                CPU time (s)          WALL time (s)       Number
 Routine                       min        max        min        max     of calls
 -------------------------  ---------  ---------  ---------  ---------  --------
 - Input I/O                     0.29       1.50       0.24       1.52     21782
 - Input Comm                    2.25       4.52       2.43       4.68     21782
 - FFT Zero                    108.42     113.51     109.33     115.26    232279
 - FFT Put                      59.02      59.89      57.90      60.73    232279
 - FFT Plan                     72.87      76.99      74.02      78.57    463503
 - FFT Exec                   1062.87    1070.95    1065.80    1074.58    463503
 - FFT Mltply                  187.70     190.63     189.40     191.80    231224
 - FFT Conjg                     0.69       0.71       0.66       0.74      1055
 - FFT Get                      79.30      81.82      78.84      83.25    231224
 - INPUT                         7.23       7.46       7.44       7.48         1
 - EPSCOPY                      39.55      40.32      40.66      40.67         1
 - FULLBZ                        0.03       0.04       0.03       0.08         2
 - VXC                           0.06       0.07       0.12       0.17         8
 - SUBGRP                        0.04       0.04       0.04       0.05         8
 - IRRBZ                         0.18       0.18       0.18       0.19         4
 - GMAP                          0.62       0.68       0.59       0.66      1051
 - GENWF                        19.22      21.07      19.25      21.11      1051
 - MTXEL                      1638.47    1643.54    1638.58    1643.64      1051
 - MTXEL_COR TOT              5582.54    5604.41    5582.81    5604.64      1051
 - VCOUL                        43.78      68.58      43.80      68.60      1051
 - EPSREAD                       7.49       7.72       7.48       7.73      1051
 - INPUT_OUTER                   0.00       0.01       0.00       0.01         1
 - MTXEL COMM                    0.01       0.01       0.00       0.02      1051
 - BARE X                        0.01       0.04       0.01       0.05      1055
 - WF COMM                       0.03       4.78       0.03       4.78         4
 - INPUT (READ)                  5.39       5.65       5.53       5.76     21780
 - INPUT (WRITE)                 0.46       0.53       0.37       0.55     19144
 - SUB-TRANSF TOT                0.01       0.01       0.00       0.03      1051
 - M.COR INIT                    6.03       7.07       6.05       7.07      1051
 - M.COR EPSINIT                96.36      98.15      96.35      98.14      1051
 - M.COR COMM                    7.12      25.98       7.13      25.94      3153
 - M.COR PP PREP                14.38      14.68      14.01      14.65    255604
 - M.COR SX+CH                5229.82    5255.00    5229.25    5264.03    693660
 - M.COR REMAIN                186.99     197.42     185.69     209.23    693660
 - READ NEPS                     0.02       0.06       0.02       0.06         1
 - EPSCOPY IO                   39.33      39.87      40.19      40.28        29
 - TOTAL                      7376.97    7378.70    7379.50    7379.78         1
 
 Job Done
 
