k-points are in crystal coordinates
nk(3) =     8    8    8
dk(3) =   0.000000000  0.000000000  0.000000000

direct lattice vectors
a1 =  -5.082270948  0.000000000  5.082270948
a2 =   0.000000000  5.082270948  5.082270948
a3 =  -5.082270948  5.082270948  0.000000000

unit cell volume =  0.262544811E+03

reciprocal lattice vectors
b1 =  -0.618147416 -0.618147416  0.618147416
b2 =   0.618147416  0.618147416  0.618147416
b3 =  -0.618147416  0.618147416 -0.618147416

symmetries of the Bravais lattice
 48
Space group 225, symbol Fm-3m                
r01 =     1   0   0     0   1   0     0   0   1      0.000000    0.000000    0.000000
r02 =     1   0   0     0   1   0    -1  -1  -1      0.000000    0.000000    0.000000
r03 =     0  -1   0    -1   0   0     0   0  -1      0.000000    0.000000    0.000000
r04 =     0  -1   0    -1   0   0     1   1   1      0.000000    0.000000    0.000000
r05 =     1   1   1     0  -1   0     0   0  -1      0.000000    0.000000    0.000000
r06 =     0   1   0    -1  -1  -1     1   0   0      0.000000    0.000000    0.000000
r07 =     1   1   1     0  -1   0    -1   0   0      0.000000    0.000000    0.000000
r08 =     0   1   0    -1  -1  -1     0   0   1      0.000000    0.000000    0.000000
r09 =     0   0  -1     1   1   1    -1   0   0      0.000000    0.000000    0.000000
r10 =     0   0  -1     1   1   1     0  -1   0      0.000000    0.000000    0.000000
r11 =    -1  -1  -1     0   0   1     1   0   0      0.000000    0.000000    0.000000
r12 =    -1  -1  -1     0   0   1     0   1   0      0.000000    0.000000    0.000000
r13 =    -1   0   0     0  -1   0     0   0  -1      0.000000    0.000000    0.000000
r14 =     0   1   0     1   0   0     0   0   1      0.000000    0.000000    0.000000
r15 =    -1   0   0     0  -1   0     1   1   1      0.000000    0.000000    0.000000
r16 =     0   1   0     1   0   0    -1  -1  -1      0.000000    0.000000    0.000000
r17 =    -1  -1  -1     0   1   0     0   0   1      0.000000    0.000000    0.000000
r18 =     0  -1   0     1   1   1    -1   0   0      0.000000    0.000000    0.000000
r19 =    -1  -1  -1     0   1   0     1   0   0      0.000000    0.000000    0.000000
r20 =     0  -1   0     1   1   1     0   0  -1      0.000000    0.000000    0.000000
r21 =     0   0   1    -1  -1  -1     1   0   0      0.000000    0.000000    0.000000
r22 =     1   1   1     0   0  -1    -1   0   0      0.000000    0.000000    0.000000
r23 =     0   0   1    -1  -1  -1     0   1   0      0.000000    0.000000    0.000000
r24 =     1   1   1     0   0  -1     0  -1   0      0.000000    0.000000    0.000000
r25 =     0   0  -1     0  -1   0     1   1   1      0.000000    0.000000    0.000000
r26 =     0   0  -1     0  -1   0    -1   0   0      0.000000    0.000000    0.000000
r27 =     0   1   0     0   0   1     1   0   0      0.000000    0.000000    0.000000
r28 =     0   1   0     0   0   1    -1  -1  -1      0.000000    0.000000    0.000000
r29 =     1   0   0    -1  -1  -1     0   1   0      0.000000    0.000000    0.000000
r30 =     1   1   1    -1   0   0     0   0  -1      0.000000    0.000000    0.000000
r31 =     1   0   0    -1  -1  -1     0   0   1      0.000000    0.000000    0.000000
r32 =     1   1   1    -1   0   0     0  -1   0      0.000000    0.000000    0.000000
r33 =     0   0   1     0   1   0     1   0   0      0.000000    0.000000    0.000000
r34 =     0  -1   0     0   0  -1    -1   0   0      0.000000    0.000000    0.000000
r35 =     0   0   1     0   1   0    -1  -1  -1      0.000000    0.000000    0.000000
r36 =     0  -1   0     0   0  -1     1   1   1      0.000000    0.000000    0.000000
r37 =    -1  -1  -1     1   0   0     0   0   1      0.000000    0.000000    0.000000
r38 =    -1   0   0     1   1   1     0   0  -1      0.000000    0.000000    0.000000
r39 =    -1   0   0     1   1   1     0  -1   0      0.000000    0.000000    0.000000
r40 =    -1  -1  -1     1   0   0     0   1   0      0.000000    0.000000    0.000000
r41 =     0   0  -1    -1   0   0     1   1   1      0.000000    0.000000    0.000000
r42 =     1   0   0     0   0   1     0   1   0      0.000000    0.000000    0.000000
r43 =     1   0   0     0   0   1    -1  -1  -1      0.000000    0.000000    0.000000
r44 =     0   0  -1    -1   0   0     0  -1   0      0.000000    0.000000    0.000000
r45 =     0   0   1     1   0   0    -1  -1  -1      0.000000    0.000000    0.000000
r46 =    -1   0   0     0   0  -1     0  -1   0      0.000000    0.000000    0.000000
r47 =    -1   0   0     0   0  -1     1   1   1      0.000000    0.000000    0.000000
r48 =     0   0   1     1   0   0     0   1   0      0.000000    0.000000    0.000000

symmetries of the crystal without FFT grid
 48
Space group 227, symbol Fd-3m                
r01 =     1   0   0     0   1   0     0   0   1      0.000000    0.000000    0.000000
r02 =     1   0   0     0   1   0    -1  -1  -1      0.000000    0.000000    3.141593
r03 =     0  -1   0    -1   0   0     0   0  -1      0.000000    0.000000    0.000000
r04 =     0  -1   0    -1   0   0     1   1   1      0.000000    0.000000    3.141593
r05 =     1   1   1     0  -1   0     0   0  -1      3.141593    0.000000    0.000000
r06 =     0   1   0    -1  -1  -1     1   0   0      0.000000    0.000000    3.141593
r07 =     1   1   1     0  -1   0    -1   0   0      0.000000    0.000000    3.141593
r08 =     0   1   0    -1  -1  -1     0   0   1      3.141593    0.000000    0.000000
r09 =     0   0  -1     1   1   1    -1   0   0      0.000000    3.141593    0.000000
r10 =     0   0  -1     1   1   1     0  -1   0      3.141593    0.000000    0.000000
r11 =    -1  -1  -1     0   0   1     1   0   0      0.000000    3.141593    0.000000
r12 =    -1  -1  -1     0   0   1     0   1   0      3.141593    0.000000    0.000000
r13 =    -1   0   0     0  -1   0     0   0  -1      0.000000    0.000000    0.000000
r14 =     0   1   0     1   0   0     0   0   1      0.000000    0.000000    0.000000
r15 =    -1   0   0     0  -1   0     1   1   1      0.000000    0.000000    3.141593
r16 =     0   1   0     1   0   0    -1  -1  -1      0.000000    0.000000    3.141593
r17 =    -1  -1  -1     0   1   0     0   0   1      3.141593    0.000000    0.000000
r18 =     0  -1   0     1   1   1    -1   0   0      0.000000    0.000000    3.141593
r19 =    -1  -1  -1     0   1   0     1   0   0      0.000000    0.000000    3.141593
r20 =     0  -1   0     1   1   1     0   0  -1      3.141593    0.000000    0.000000
r21 =     0   0   1    -1  -1  -1     1   0   0      0.000000    3.141593    0.000000
r22 =     1   1   1     0   0  -1    -1   0   0      0.000000    3.141593    0.000000
r23 =     0   0   1    -1  -1  -1     0   1   0      3.141593    0.000000    0.000000
r24 =     1   1   1     0   0  -1     0  -1   0      3.141593    0.000000    0.000000
r25 =     0   0  -1     0  -1   0     1   1   1      3.141593    0.000000    0.000000
r26 =     0   0  -1     0  -1   0    -1   0   0      0.000000    0.000000    0.000000
r27 =     0   1   0     0   0   1     1   0   0      0.000000    0.000000    0.000000
r28 =     0   1   0     0   0   1    -1  -1  -1      3.141593    0.000000    0.000000
r29 =     1   0   0    -1  -1  -1     0   1   0      0.000000    0.000000    3.141593
r30 =     1   1   1    -1   0   0     0   0  -1      0.000000    3.141593    0.000000
r31 =     1   0   0    -1  -1  -1     0   0   1      0.000000    3.141593    0.000000
r32 =     1   1   1    -1   0   0     0  -1   0      0.000000    0.000000    3.141593
r33 =     0   0   1     0   1   0     1   0   0      0.000000    0.000000    0.000000
r34 =     0  -1   0     0   0  -1    -1   0   0      0.000000    0.000000    0.000000
r35 =     0   0   1     0   1   0    -1  -1  -1      3.141593    0.000000    0.000000
r36 =     0  -1   0     0   0  -1     1   1   1      3.141593    0.000000    0.000000
r37 =    -1  -1  -1     1   0   0     0   0   1      0.000000    3.141593    0.000000
r38 =    -1   0   0     1   1   1     0   0  -1      0.000000    3.141593    0.000000
r39 =    -1   0   0     1   1   1     0  -1   0      0.000000    0.000000    3.141593
r40 =    -1  -1  -1     1   0   0     0   1   0      0.000000    0.000000    3.141593
r41 =     0   0  -1    -1   0   0     1   1   1      0.000000    3.141593    0.000000
r42 =     1   0   0     0   0   1     0   1   0      0.000000    0.000000    0.000000
r43 =     1   0   0     0   0   1    -1  -1  -1      0.000000    3.141593    0.000000
r44 =     0   0  -1    -1   0   0     0  -1   0      0.000000    0.000000    0.000000
r45 =     0   0   1     1   0   0    -1  -1  -1      0.000000    3.141593    0.000000
r46 =    -1   0   0     0   0  -1     0  -1   0      0.000000    0.000000    0.000000
r47 =    -1   0   0     0   0  -1     1   1   1      0.000000    3.141593    0.000000
r48 =     0   0   1     1   0   0     0   1   0      0.000000    0.000000    0.000000

FFT grid:     30    30    30

symmetries of the crystal with FFT grid
 48
Space group 227, symbol Fd-3m                
r01 =     1   0   0     0   1   0     0   0   1      0.000000    0.000000    0.000000
r02 =     1   0   0     0   1   0    -1  -1  -1      0.000000    0.000000    3.141593
r03 =     0  -1   0    -1   0   0     0   0  -1      0.000000    0.000000    0.000000
r04 =     0  -1   0    -1   0   0     1   1   1      0.000000    0.000000    3.141593
r05 =     1   1   1     0  -1   0     0   0  -1      3.141593    0.000000    0.000000
r06 =     0   1   0    -1  -1  -1     1   0   0      0.000000    0.000000    3.141593
r07 =     1   1   1     0  -1   0    -1   0   0      0.000000    0.000000    3.141593
r08 =     0   1   0    -1  -1  -1     0   0   1      3.141593    0.000000    0.000000
r09 =     0   0  -1     1   1   1    -1   0   0      0.000000    3.141593    0.000000
r10 =     0   0  -1     1   1   1     0  -1   0      3.141593    0.000000    0.000000
r11 =    -1  -1  -1     0   0   1     1   0   0      0.000000    3.141593    0.000000
r12 =    -1  -1  -1     0   0   1     0   1   0      3.141593    0.000000    0.000000
r13 =    -1   0   0     0  -1   0     0   0  -1      0.000000    0.000000    0.000000
r14 =     0   1   0     1   0   0     0   0   1      0.000000    0.000000    0.000000
r15 =    -1   0   0     0  -1   0     1   1   1      0.000000    0.000000    3.141593
r16 =     0   1   0     1   0   0    -1  -1  -1      0.000000    0.000000    3.141593
r17 =    -1  -1  -1     0   1   0     0   0   1      3.141593    0.000000    0.000000
r18 =     0  -1   0     1   1   1    -1   0   0      0.000000    0.000000    3.141593
r19 =    -1  -1  -1     0   1   0     1   0   0      0.000000    0.000000    3.141593
r20 =     0  -1   0     1   1   1     0   0  -1      3.141593    0.000000    0.000000
r21 =     0   0   1    -1  -1  -1     1   0   0      0.000000    3.141593    0.000000
r22 =     1   1   1     0   0  -1    -1   0   0      0.000000    3.141593    0.000000
r23 =     0   0   1    -1  -1  -1     0   1   0      3.141593    0.000000    0.000000
r24 =     1   1   1     0   0  -1     0  -1   0      3.141593    0.000000    0.000000
r25 =     0   0  -1     0  -1   0     1   1   1      3.141593    0.000000    0.000000
r26 =     0   0  -1     0  -1   0    -1   0   0      0.000000    0.000000    0.000000
r27 =     0   1   0     0   0   1     1   0   0      0.000000    0.000000    0.000000
r28 =     0   1   0     0   0   1    -1  -1  -1      3.141593    0.000000    0.000000
r29 =     1   0   0    -1  -1  -1     0   1   0      0.000000    0.000000    3.141593
r30 =     1   1   1    -1   0   0     0   0  -1      0.000000    3.141593    0.000000
r31 =     1   0   0    -1  -1  -1     0   0   1      0.000000    3.141593    0.000000
r32 =     1   1   1    -1   0   0     0  -1   0      0.000000    0.000000    3.141593
r33 =     0   0   1     0   1   0     1   0   0      0.000000    0.000000    0.000000
r34 =     0  -1   0     0   0  -1    -1   0   0      0.000000    0.000000    0.000000
r35 =     0   0   1     0   1   0    -1  -1  -1      3.141593    0.000000    0.000000
r36 =     0  -1   0     0   0  -1     1   1   1      3.141593    0.000000    0.000000
r37 =    -1  -1  -1     1   0   0     0   0   1      0.000000    3.141593    0.000000
r38 =    -1   0   0     1   1   1     0   0  -1      0.000000    3.141593    0.000000
r39 =    -1   0   0     1   1   1     0  -1   0      0.000000    0.000000    3.141593
r40 =    -1  -1  -1     1   0   0     0   1   0      0.000000    0.000000    3.141593
r41 =     0   0  -1    -1   0   0     1   1   1      0.000000    3.141593    0.000000
r42 =     1   0   0     0   0   1     0   1   0      0.000000    0.000000    0.000000
r43 =     1   0   0     0   0   1    -1  -1  -1      0.000000    3.141593    0.000000
r44 =     0   0  -1    -1   0   0     0  -1   0      0.000000    0.000000    0.000000
r45 =     0   0   1     1   0   0    -1  -1  -1      0.000000    3.141593    0.000000
r46 =    -1   0   0     0   0  -1     0  -1   0      0.000000    0.000000    0.000000
r47 =    -1   0   0     0   0  -1     1   1   1      0.000000    3.141593    0.000000
r48 =     0   0   1     1   0   0     0   1   0      0.000000    0.000000    0.000000

symmetries that reduce the k-points
r02 =     1   0   0     0   1   0    -1  -1  -1
r03 =     0  -1   0    -1   0   0     0   0  -1
r04 =     0  -1   0    -1   0   0     1   1   1
r05 =     1   1   1     0  -1   0     0   0  -1
r09 =     0   0  -1     1   1   1    -1   0   0
r10 =     0   0  -1     1   1   1     0  -1   0
r11 =    -1  -1  -1     0   0   1     1   0   0
r12 =    -1  -1  -1     0   0   1     0   1   0
r18 =     0  -1   0     1   1   1    -1   0   0
r19 =    -1  -1  -1     0   1   0     1   0   0
r21 =     0   0   1    -1  -1  -1     1   0   0
r22 =     1   1   1     0   0  -1    -1   0   0
r24 =     1   1   1     0   0  -1     0  -1   0
r26 =     0   0  -1     0  -1   0    -1   0   0
r28 =     0   1   0     0   0   1    -1  -1  -1
r37 =    -1  -1  -1     1   0   0     0   0   1
r38 =    -1   0   0     1   1   1     0   0  -1

k-points in the original uniform grid
    512
      1  0.000000000  0.000000000  0.000000000   1.0       0  ---
      2  0.000000000  0.000000000  0.125000000   8.0       0  ---
      3  0.000000000  0.000000000  0.250000000   8.0       0  ---
      4  0.000000000  0.000000000  0.375000000   8.0       0  ---
      5  0.000000000  0.000000000  0.500000000   4.0       0  ---
      6  0.000000000  0.000000000  0.625000000   0.0       4  r03
      7  0.000000000  0.000000000  0.750000000   0.0       3  r03
      8  0.000000000  0.000000000  0.875000000   0.0       2  r03
      9  0.000000000  0.125000000  0.000000000   0.0       2  r11
     10  0.000000000  0.125000000  0.125000000   6.0       0  ---
     11  0.000000000  0.125000000  0.250000000  24.0       0  ---
     12  0.000000000  0.125000000  0.375000000  24.0       0  ---
     13  0.000000000  0.125000000  0.500000000  24.0       0  ---
     14  0.000000000  0.125000000  0.625000000  24.0       0  ---
     15  0.000000000  0.125000000  0.750000000  24.0       0  ---
     16  0.000000000  0.125000000  0.875000000  12.0       0  ---
     17  0.000000000  0.250000000  0.000000000   0.0       3  r11
     18  0.000000000  0.250000000  0.125000000   0.0      11  r12
     19  0.000000000  0.250000000  0.250000000   6.0       0  ---
     20  0.000000000  0.250000000  0.375000000  24.0       0  ---
     21  0.000000000  0.250000000  0.500000000  24.0       0  ---
     22  0.000000000  0.250000000  0.625000000  24.0       0  ---
     23  0.000000000  0.250000000  0.750000000  12.0       0  ---
     24  0.000000000  0.250000000  0.875000000   0.0      15  r24
     25  0.000000000  0.375000000  0.000000000   0.0       4  r11
     26  0.000000000  0.375000000  0.125000000   0.0      12  r12
     27  0.000000000  0.375000000  0.250000000   0.0      20  r12
     28  0.000000000  0.375000000  0.375000000   6.0       0  ---
     29  0.000000000  0.375000000  0.500000000  24.0       0  ---
     30  0.000000000  0.375000000  0.625000000  12.0       0  ---
     31  0.000000000  0.375000000  0.750000000   0.0      22  r24
     32  0.000000000  0.375000000  0.875000000   0.0      14  r24
     33  0.000000000  0.500000000  0.000000000   0.0       5  r11
     34  0.000000000  0.500000000  0.125000000   0.0      13  r12
     35  0.000000000  0.500000000  0.250000000   0.0      21  r12
     36  0.000000000  0.500000000  0.375000000   0.0      29  r12
     37  0.000000000  0.500000000  0.500000000   3.0       0  ---
     38  0.000000000  0.500000000  0.625000000   0.0      29  r05
     39  0.000000000  0.500000000  0.750000000   0.0      21  r05
     40  0.000000000  0.500000000  0.875000000   0.0      13  r05
     41  0.000000000  0.625000000  0.000000000   0.0       4  r05
     42  0.000000000  0.625000000  0.125000000   0.0      14  r05
     43  0.000000000  0.625000000  0.250000000   0.0      22  r05
     44  0.000000000  0.625000000  0.375000000   0.0      30  r05
     45  0.000000000  0.625000000  0.500000000   0.0      29  r05
     46  0.000000000  0.625000000  0.625000000   0.0      28  r05
     47  0.000000000  0.625000000  0.750000000   0.0      20  r05
     48  0.000000000  0.625000000  0.875000000   0.0      12  r05
     49  0.000000000  0.750000000  0.000000000   0.0       3  r05
     50  0.000000000  0.750000000  0.125000000   0.0      15  r05
     51  0.000000000  0.750000000  0.250000000   0.0      23  r05
     52  0.000000000  0.750000000  0.375000000   0.0      22  r05
     53  0.000000000  0.750000000  0.500000000   0.0      21  r05
     54  0.000000000  0.750000000  0.625000000   0.0      20  r05
     55  0.000000000  0.750000000  0.750000000   0.0      19  r05
     56  0.000000000  0.750000000  0.875000000   0.0      11  r05
     57  0.000000000  0.875000000  0.000000000   0.0       2  r05
     58  0.000000000  0.875000000  0.125000000   0.0      16  r05
     59  0.000000000  0.875000000  0.250000000   0.0      15  r05
     60  0.000000000  0.875000000  0.375000000   0.0      14  r05
     61  0.000000000  0.875000000  0.500000000   0.0      13  r05
     62  0.000000000  0.875000000  0.625000000   0.0      12  r05
     63  0.000000000  0.875000000  0.750000000   0.0      11  r05
     64  0.000000000  0.875000000  0.875000000   0.0      10  r05
     65  0.125000000  0.000000000  0.000000000   0.0       2  r03
     66  0.125000000  0.000000000  0.125000000   0.0      10  r02
     67  0.125000000  0.000000000  0.250000000   0.0      11  r03
     68  0.125000000  0.000000000  0.375000000   0.0      12  r03
     69  0.125000000  0.000000000  0.500000000   0.0      13  r03
     70  0.125000000  0.000000000  0.625000000   0.0      14  r03
     71  0.125000000  0.000000000  0.750000000   0.0      15  r03
     72  0.125000000  0.000000000  0.875000000   0.0      16  r03
     73  0.125000000  0.125000000  0.000000000   0.0      10  r05
     74  0.125000000  0.125000000  0.125000000   0.0       2  r02
     75  0.125000000  0.125000000  0.250000000   0.0      16  r05
     76  0.125000000  0.125000000  0.375000000   0.0      15  r05
     77  0.125000000  0.125000000  0.500000000   0.0      14  r05
     78  0.125000000  0.125000000  0.625000000   0.0      13  r05
     79  0.125000000  0.125000000  0.750000000   0.0      12  r05
     80  0.125000000  0.125000000  0.875000000   0.0      11  r05
     81  0.125000000  0.250000000  0.000000000   0.0      11  r22
     82  0.125000000  0.250000000  0.125000000   0.0      16  r02
     83  0.125000000  0.250000000  0.250000000   0.0      11  r04
     84  0.125000000  0.250000000  0.375000000  24.0       0  ---
     85  0.125000000  0.250000000  0.500000000  48.0       0  ---
     86  0.125000000  0.250000000  0.625000000  24.0       0  ---
     87  0.125000000  0.250000000  0.750000000   0.0      85  r38
     88  0.125000000  0.250000000  0.875000000   0.0      84  r28
     89  0.125000000  0.375000000  0.000000000   0.0      12  r22
     90  0.125000000  0.375000000  0.125000000   0.0      15  r02
     91  0.125000000  0.375000000  0.250000000   0.0      84  r18
     92  0.125000000  0.375000000  0.375000000   0.0      20  r04
     93  0.125000000  0.375000000  0.500000000  24.0       0  ---
     94  0.125000000  0.375000000  0.625000000  48.0       0  ---
     95  0.125000000  0.375000000  0.750000000  24.0       0  ---
     96  0.125000000  0.375000000  0.875000000   0.0      85  r24
     97  0.125000000  0.500000000  0.000000000   0.0      13  r22
     98  0.125000000  0.500000000  0.125000000   0.0      14  r02
     99  0.125000000  0.500000000  0.250000000   0.0      85  r19
    100  0.125000000  0.500000000  0.375000000   0.0      93  r18
    101  0.125000000  0.500000000  0.500000000   0.0      29  r04
    102  0.125000000  0.500000000  0.625000000  12.0       0  ---
    103  0.125000000  0.500000000  0.750000000   0.0      94  r24
    104  0.125000000  0.500000000  0.875000000   0.0      86  r24
    105  0.125000000  0.625000000  0.000000000   0.0      14  r05
    106  0.125000000  0.625000000  0.125000000   0.0      13  r02
    107  0.125000000  0.625000000  0.250000000   0.0      86  r05
    108  0.125000000  0.625000000  0.375000000   0.0      94  r05
    109  0.125000000  0.625000000  0.500000000   0.0     102  r05
    110  0.125000000  0.625000000  0.625000000   0.0      29  r04
    111  0.125000000  0.625000000  0.750000000   0.0      93  r05
    112  0.125000000  0.625000000  0.875000000   0.0      85  r05
    113  0.125000000  0.750000000  0.000000000   0.0      15  r05
    114  0.125000000  0.750000000  0.125000000   0.0      12  r02
    115  0.125000000  0.750000000  0.250000000   0.0      85  r05
    116  0.125000000  0.750000000  0.375000000   0.0      95  r05
    117  0.125000000  0.750000000  0.500000000   0.0      94  r05
    118  0.125000000  0.750000000  0.625000000   0.0      93  r05
    119  0.125000000  0.750000000  0.750000000   0.0      20  r04
    120  0.125000000  0.750000000  0.875000000   0.0      84  r05
    121  0.125000000  0.875000000  0.000000000   0.0      16  r05
    122  0.125000000  0.875000000  0.125000000   0.0      11  r02
    123  0.125000000  0.875000000  0.250000000   0.0      84  r05
    124  0.125000000  0.875000000  0.375000000   0.0      85  r05
    125  0.125000000  0.875000000  0.500000000   0.0      86  r05
    126  0.125000000  0.875000000  0.625000000   0.0      85  r03
    127  0.125000000  0.875000000  0.750000000   0.0      84  r03
    128  0.125000000  0.875000000  0.875000000   0.0      11  r03
    129  0.250000000  0.000000000  0.000000000   0.0       3  r03
    130  0.250000000  0.000000000  0.125000000   0.0      11  r02
    131  0.250000000  0.000000000  0.250000000   0.0      19  r02
    132  0.250000000  0.000000000  0.375000000   0.0      20  r03
    133  0.250000000  0.000000000  0.500000000   0.0      21  r03
    134  0.250000000  0.000000000  0.625000000   0.0      22  r03
    135  0.250000000  0.000000000  0.750000000   0.0      23  r03
    136  0.250000000  0.000000000  0.875000000   0.0      15  r03
    137  0.250000000  0.125000000  0.000000000   0.0      11  r09
    138  0.250000000  0.125000000  0.125000000   0.0      16  r02
    139  0.250000000  0.125000000  0.250000000   0.0      11  r02
    140  0.250000000  0.125000000  0.375000000   0.0      84  r10
    141  0.250000000  0.125000000  0.500000000   0.0      85  r10
    142  0.250000000  0.125000000  0.625000000   0.0      86  r10
    143  0.250000000  0.125000000  0.750000000   0.0      85  r05
    144  0.250000000  0.125000000  0.875000000   0.0      84  r05
    145  0.250000000  0.250000000  0.000000000   0.0      19  r05
    146  0.250000000  0.250000000  0.125000000   0.0      11  r02
    147  0.250000000  0.250000000  0.250000000   0.0       3  r02
    148  0.250000000  0.250000000  0.375000000   0.0      15  r04
    149  0.250000000  0.250000000  0.500000000   0.0      23  r05
    150  0.250000000  0.250000000  0.625000000   0.0      22  r05
    151  0.250000000  0.250000000  0.750000000   0.0      21  r05
    152  0.250000000  0.250000000  0.875000000   0.0      20  r05
    153  0.250000000  0.375000000  0.000000000   0.0      20  r22
    154  0.250000000  0.375000000  0.125000000   0.0      84  r02
    155  0.250000000  0.375000000  0.250000000   0.0      15  r02
    156  0.250000000  0.375000000  0.375000000   0.0      12  r04
    157  0.250000000  0.375000000  0.500000000   0.0      85  r04
    158  0.250000000  0.375000000  0.625000000   0.0      95  r37
    159  0.250000000  0.375000000  0.750000000   0.0      94  r37
    160  0.250000000  0.375000000  0.875000000   0.0      93  r26
    161  0.250000000  0.500000000  0.000000000   0.0      21  r22
    162  0.250000000  0.500000000  0.125000000   0.0      85  r02
    163  0.250000000  0.500000000  0.250000000   0.0      23  r02
    164  0.250000000  0.500000000  0.375000000   0.0      85  r09
    165  0.250000000  0.500000000  0.500000000   0.0      21  r04
    166  0.250000000  0.500000000  0.625000000   0.0      94  r04
    167  0.250000000  0.500000000  0.750000000   6.0       0  ---
    168  0.250000000  0.500000000  0.875000000   0.0      94  r24
    169  0.250000000  0.625000000  0.000000000   0.0      22  r22
    170  0.250000000  0.625000000  0.125000000   0.0      86  r02
    171  0.250000000  0.625000000  0.250000000   0.0      22  r02
    172  0.250000000  0.625000000  0.375000000   0.0      95  r11
    173  0.250000000  0.625000000  0.500000000   0.0      94  r09
    174  0.250000000  0.625000000  0.625000000   0.0      30  r04
    175  0.250000000  0.625000000  0.750000000   0.0      94  r04
    176  0.250000000  0.625000000  0.875000000   0.0      95  r05
    177  0.250000000  0.750000000  0.000000000   0.0      23  r05
    178  0.250000000  0.750000000  0.125000000   0.0      85  r02
    179  0.250000000  0.750000000  0.250000000   0.0      21  r02
    180  0.250000000  0.750000000  0.375000000   0.0      94  r05
    181  0.250000000  0.750000000  0.500000000   0.0     167  r05
    182  0.250000000  0.750000000  0.625000000   0.0      94  r03
    183  0.250000000  0.750000000  0.750000000   0.0      21  r03
    184  0.250000000  0.750000000  0.875000000   0.0      85  r03
    185  0.250000000  0.875000000  0.000000000   0.0      15  r03
    186  0.250000000  0.875000000  0.125000000   0.0      84  r02
    187  0.250000000  0.875000000  0.250000000   0.0      20  r02
    188  0.250000000  0.875000000  0.375000000   0.0      93  r03
    189  0.250000000  0.875000000  0.500000000   0.0      94  r03
    190  0.250000000  0.875000000  0.625000000   0.0      95  r03
    191  0.250000000  0.875000000  0.750000000   0.0      85  r03
    192  0.250000000  0.875000000  0.875000000   0.0      12  r03
    193  0.375000000  0.000000000  0.000000000   0.0       4  r03
    194  0.375000000  0.000000000  0.125000000   0.0      12  r02
    195  0.375000000  0.000000000  0.250000000   0.0      20  r02
    196  0.375000000  0.000000000  0.375000000   0.0      28  r02
    197  0.375000000  0.000000000  0.500000000   0.0      29  r03
    198  0.375000000  0.000000000  0.625000000   0.0      30  r03
    199  0.375000000  0.000000000  0.750000000   0.0      22  r03
    200  0.375000000  0.000000000  0.875000000   0.0      14  r03
    201  0.375000000  0.125000000  0.000000000   0.0      12  r09
    202  0.375000000  0.125000000  0.125000000   0.0      15  r02
    203  0.375000000  0.125000000  0.250000000   0.0      84  r02
    204  0.375000000  0.125000000  0.375000000   0.0      20  r02
    205  0.375000000  0.125000000  0.500000000   0.0      93  r10
    206  0.375000000  0.125000000  0.625000000   0.0      94  r10
    207  0.375000000  0.125000000  0.750000000   0.0      95  r10
    208  0.375000000  0.125000000  0.875000000   0.0      85  r09
    209  0.375000000  0.250000000  0.000000000   0.0      20  r05
    210  0.375000000  0.250000000  0.125000000   0.0      84  r02
    211  0.375000000  0.250000000  0.250000000   0.0      15  r02
    212  0.375000000  0.250000000  0.375000000   0.0      12  r02
    213  0.375000000  0.250000000  0.500000000   0.0      85  r04
    214  0.375000000  0.250000000  0.625000000   0.0      95  r05
    215  0.375000000  0.250000000  0.750000000   0.0      94  r05
    216  0.375000000  0.250000000  0.875000000   0.0      93  r05
    217  0.375000000  0.375000000  0.000000000   0.0      28  r05
    218  0.375000000  0.375000000  0.125000000   0.0      20  r02
    219  0.375000000  0.375000000  0.250000000   0.0      12  r02
    220  0.375000000  0.375000000  0.375000000   0.0       4  r02
    221  0.375000000  0.375000000  0.500000000   0.0      14  r04
    222  0.375000000  0.375000000  0.625000000   0.0      22  r04
    223  0.375000000  0.375000000  0.750000000   0.0      30  r05
    224  0.375000000  0.375000000  0.875000000   0.0      29  r05
    225  0.375000000  0.500000000  0.000000000   0.0      29  r22
    226  0.375000000  0.500000000  0.125000000   0.0      93  r02
    227  0.375000000  0.500000000  0.250000000   0.0      85  r02
    228  0.375000000  0.500000000  0.375000000   0.0      14  r02
    229  0.375000000  0.500000000  0.500000000   0.0      13  r04
    230  0.375000000  0.500000000  0.625000000   0.0      86  r04
    231  0.375000000  0.500000000  0.750000000   0.0      94  r04
    232  0.375000000  0.500000000  0.875000000   0.0     102  r26
    233  0.375000000  0.625000000  0.000000000   0.0      30  r21
    234  0.375000000  0.625000000  0.125000000   0.0      94  r02
    235  0.375000000  0.625000000  0.250000000   0.0      95  r02
    236  0.375000000  0.625000000  0.375000000   0.0      22  r02
    237  0.375000000  0.625000000  0.500000000   0.0      86  r09
    238  0.375000000  0.625000000  0.625000000   0.0      22  r03
    239  0.375000000  0.625000000  0.750000000   0.0      95  r03
    240  0.375000000  0.625000000  0.875000000   0.0      94  r03
    241  0.375000000  0.750000000  0.000000000   0.0      22  r03
    242  0.375000000  0.750000000  0.125000000   0.0      95  r02
    243  0.375000000  0.750000000  0.250000000   0.0      94  r02
    244  0.375000000  0.750000000  0.375000000   0.0      30  r02
    245  0.375000000  0.750000000  0.500000000   0.0      94  r03
    246  0.375000000  0.750000000  0.625000000   0.0      95  r03
    247  0.375000000  0.750000000  0.750000000   0.0      22  r03
    248  0.375000000  0.750000000  0.875000000   0.0      86  r03
    249  0.375000000  0.875000000  0.000000000   0.0      14  r03
    250  0.375000000  0.875000000  0.125000000   0.0      85  r02
    251  0.375000000  0.875000000  0.250000000   0.0      93  r02
    252  0.375000000  0.875000000  0.375000000   0.0      29  r02
    253  0.375000000  0.875000000  0.500000000   0.0     102  r03
    254  0.375000000  0.875000000  0.625000000   0.0      94  r03
    255  0.375000000  0.875000000  0.750000000   0.0      86  r03
    256  0.375000000  0.875000000  0.875000000   0.0      13  r03
    257  0.500000000  0.000000000  0.000000000   0.0       5  r03
    258  0.500000000  0.000000000  0.125000000   0.0      13  r02
    259  0.500000000  0.000000000  0.250000000   0.0      21  r02
    260  0.500000000  0.000000000  0.375000000   0.0      29  r02
    261  0.500000000  0.000000000  0.500000000   0.0      37  r02
    262  0.500000000  0.000000000  0.625000000   0.0      29  r03
    263  0.500000000  0.000000000  0.750000000   0.0      21  r03
    264  0.500000000  0.000000000  0.875000000   0.0      13  r03
    265  0.500000000  0.125000000  0.000000000   0.0      13  r09
    266  0.500000000  0.125000000  0.125000000   0.0      14  r02
    267  0.500000000  0.125000000  0.250000000   0.0      85  r02
    268  0.500000000  0.125000000  0.375000000   0.0      93  r02
    269  0.500000000  0.125000000  0.500000000   0.0      29  r02
    270  0.500000000  0.125000000  0.625000000   0.0     102  r10
    271  0.500000000  0.125000000  0.750000000   0.0      94  r09
    272  0.500000000  0.125000000  0.875000000   0.0      86  r09
    273  0.500000000  0.250000000  0.000000000   0.0      21  r09
    274  0.500000000  0.250000000  0.125000000   0.0      85  r02
    275  0.500000000  0.250000000  0.250000000   0.0      23  r02
    276  0.500000000  0.250000000  0.375000000   0.0      85  r02
    277  0.500000000  0.250000000  0.500000000   0.0      21  r02
    278  0.500000000  0.250000000  0.625000000   0.0      94  r04
    279  0.500000000  0.250000000  0.750000000   0.0     167  r10
    280  0.500000000  0.250000000  0.875000000   0.0      94  r05
    281  0.500000000  0.375000000  0.000000000   0.0      29  r05
    282  0.500000000  0.375000000  0.125000000   0.0      93  r02
    283  0.500000000  0.375000000  0.250000000   0.0      85  r02
    284  0.500000000  0.375000000  0.375000000   0.0      14  r02
    285  0.500000000  0.375000000  0.500000000   0.0      13  r02
    286  0.500000000  0.375000000  0.625000000   0.0      86  r04
    287  0.500000000  0.375000000  0.750000000   0.0      94  r04
    288  0.500000000  0.375000000  0.875000000   0.0     102  r05
    289  0.500000000  0.500000000  0.000000000   0.0      37  r05
    290  0.500000000  0.500000000  0.125000000   0.0      29  r02
    291  0.500000000  0.500000000  0.250000000   0.0      21  r02
    292  0.500000000  0.500000000  0.375000000   0.0      13  r02
    293  0.500000000  0.500000000  0.500000000   0.0       5  r02
    294  0.500000000  0.500000000  0.625000000   0.0      13  r03
    295  0.500000000  0.500000000  0.750000000   0.0      21  r03
    296  0.500000000  0.500000000  0.875000000   0.0      29  r03
    297  0.500000000  0.625000000  0.000000000   0.0      29  r03
    298  0.500000000  0.625000000  0.125000000   0.0     102  r02
    299  0.500000000  0.625000000  0.250000000   0.0      94  r02
    300  0.500000000  0.625000000  0.375000000   0.0      86  r02
    301  0.500000000  0.625000000  0.500000000   0.0      13  r02
    302  0.500000000  0.625000000  0.625000000   0.0      14  r03
    303  0.500000000  0.625000000  0.750000000   0.0      85  r03
    304  0.500000000  0.625000000  0.875000000   0.0      93  r03
    305  0.500000000  0.750000000  0.000000000   0.0      21  r03
    306  0.500000000  0.750000000  0.125000000   0.0      94  r02
    307  0.500000000  0.750000000  0.250000000   0.0     167  r02
    308  0.500000000  0.750000000  0.375000000   0.0      94  r02
    309  0.500000000  0.750000000  0.500000000   0.0      21  r02
    310  0.500000000  0.750000000  0.625000000   0.0      85  r03
    311  0.500000000  0.750000000  0.750000000   0.0      23  r03
    312  0.500000000  0.750000000  0.875000000   0.0      85  r03
    313  0.500000000  0.875000000  0.000000000   0.0      13  r03
    314  0.500000000  0.875000000  0.125000000   0.0      86  r02
    315  0.500000000  0.875000000  0.250000000   0.0      94  r02
    316  0.500000000  0.875000000  0.375000000   0.0     102  r02
    317  0.500000000  0.875000000  0.500000000   0.0      29  r02
    318  0.500000000  0.875000000  0.625000000   0.0      93  r03
    319  0.500000000  0.875000000  0.750000000   0.0      85  r03
    320  0.500000000  0.875000000  0.875000000   0.0      14  r03
    321  0.625000000  0.000000000  0.000000000   0.0       4  r03
    322  0.625000000  0.000000000  0.125000000   0.0      14  r02
    323  0.625000000  0.000000000  0.250000000   0.0      22  r02
    324  0.625000000  0.000000000  0.375000000   0.0      30  r02
    325  0.625000000  0.000000000  0.500000000   0.0      29  r02
    326  0.625000000  0.000000000  0.625000000   0.0      28  r02
    327  0.625000000  0.000000000  0.750000000   0.0      20  r03
    328  0.625000000  0.000000000  0.875000000   0.0      12  r03
    329  0.625000000  0.125000000  0.000000000   0.0      14  r09
    330  0.625000000  0.125000000  0.125000000   0.0      13  r02
    331  0.625000000  0.125000000  0.250000000   0.0      86  r02
    332  0.625000000  0.125000000  0.375000000   0.0      94  r02
    333  0.625000000  0.125000000  0.500000000   0.0     102  r02
    334  0.625000000  0.125000000  0.625000000   0.0      29  r02
    335  0.625000000  0.125000000  0.750000000   0.0      93  r09
    336  0.625000000  0.125000000  0.875000000   0.0      85  r09
    337  0.625000000  0.250000000  0.000000000   0.0      22  r09
    338  0.625000000  0.250000000  0.125000000   0.0      86  r02
    339  0.625000000  0.250000000  0.250000000   0.0      22  r02
    340  0.625000000  0.250000000  0.375000000   0.0      95  r02
    341  0.625000000  0.250000000  0.500000000   0.0      94  r02
    342  0.625000000  0.250000000  0.625000000   0.0      30  r02
    343  0.625000000  0.250000000  0.750000000   0.0      94  r04
    344  0.625000000  0.250000000  0.875000000   0.0      95  r09
    345  0.625000000  0.375000000  0.000000000   0.0      30  r05
    346  0.625000000  0.375000000  0.125000000   0.0      94  r02
    347  0.625000000  0.375000000  0.250000000   0.0      95  r02
    348  0.625000000  0.375000000  0.375000000   0.0      22  r02
    349  0.625000000  0.375000000  0.500000000   0.0      86  r02
    350  0.625000000  0.375000000  0.625000000   0.0      22  r02
    351  0.625000000  0.375000000  0.750000000   0.0      95  r03
    352  0.625000000  0.375000000  0.875000000   0.0      94  r03
    353  0.625000000  0.500000000  0.000000000   0.0      29  r03
    354  0.625000000  0.500000000  0.125000000   0.0     102  r02
    355  0.625000000  0.500000000  0.250000000   0.0      94  r02
    356  0.625000000  0.500000000  0.375000000   0.0      86  r02
    357  0.625000000  0.500000000  0.500000000   0.0      13  r02
    358  0.625000000  0.500000000  0.625000000   0.0      14  r02
    359  0.625000000  0.500000000  0.750000000   0.0      85  r03
    360  0.625000000  0.500000000  0.875000000   0.0      93  r03
    361  0.625000000  0.625000000  0.000000000   0.0      28  r03
    362  0.625000000  0.625000000  0.125000000   0.0      29  r02
    363  0.625000000  0.625000000  0.250000000   0.0      30  r02
    364  0.625000000  0.625000000  0.375000000   0.0      22  r02
    365  0.625000000  0.625000000  0.500000000   0.0      14  r02
    366  0.625000000  0.625000000  0.625000000   0.0       4  r02
    367  0.625000000  0.625000000  0.750000000   0.0      12  r03
    368  0.625000000  0.625000000  0.875000000   0.0      20  r03
    369  0.625000000  0.750000000  0.000000000   0.0      20  r03
    370  0.625000000  0.750000000  0.125000000   0.0      93  r02
    371  0.625000000  0.750000000  0.250000000   0.0      94  r02
    372  0.625000000  0.750000000  0.375000000   0.0      95  r02
    373  0.625000000  0.750000000  0.500000000   0.0      85  r02
    374  0.625000000  0.750000000  0.625000000   0.0      12  r02
    375  0.625000000  0.750000000  0.750000000   0.0      15  r03
    376  0.625000000  0.750000000  0.875000000   0.0      84  r03
    377  0.625000000  0.875000000  0.000000000   0.0      12  r03
    378  0.625000000  0.875000000  0.125000000   0.0      85  r02
    379  0.625000000  0.875000000  0.250000000   0.0      95  r02
    380  0.625000000  0.875000000  0.375000000   0.0      94  r02
    381  0.625000000  0.875000000  0.500000000   0.0      93  r02
    382  0.625000000  0.875000000  0.625000000   0.0      20  r02
    383  0.625000000  0.875000000  0.750000000   0.0      84  r03
    384  0.625000000  0.875000000  0.875000000   0.0      15  r03
    385  0.750000000  0.000000000  0.000000000   0.0       3  r03
    386  0.750000000  0.000000000  0.125000000   0.0      15  r02
    387  0.750000000  0.000000000  0.250000000   0.0      23  r02
    388  0.750000000  0.000000000  0.375000000   0.0      22  r02
    389  0.750000000  0.000000000  0.500000000   0.0      21  r02
    390  0.750000000  0.000000000  0.625000000   0.0      20  r02
    391  0.750000000  0.000000000  0.750000000   0.0      19  r02
    392  0.750000000  0.000000000  0.875000000   0.0      11  r03
    393  0.750000000  0.125000000  0.000000000   0.0      15  r09
    394  0.750000000  0.125000000  0.125000000   0.0      12  r02
    395  0.750000000  0.125000000  0.250000000   0.0      85  r02
    396  0.750000000  0.125000000  0.375000000   0.0      95  r02
    397  0.750000000  0.125000000  0.500000000   0.0      94  r02
    398  0.750000000  0.125000000  0.625000000   0.0      93  r02
    399  0.750000000  0.125000000  0.750000000   0.0      20  r02
    400  0.750000000  0.125000000  0.875000000   0.0      84  r09
    401  0.750000000  0.250000000  0.000000000   0.0      23  r09
    402  0.750000000  0.250000000  0.125000000   0.0      85  r02
    403  0.750000000  0.250000000  0.250000000   0.0      21  r02
    404  0.750000000  0.250000000  0.375000000   0.0      94  r02
    405  0.750000000  0.250000000  0.500000000   0.0     167  r02
    406  0.750000000  0.250000000  0.625000000   0.0      94  r02
    407  0.750000000  0.250000000  0.750000000   0.0      21  r02
    408  0.750000000  0.250000000  0.875000000   0.0      85  r03
    409  0.750000000  0.375000000  0.000000000   0.0      22  r03
    410  0.750000000  0.375000000  0.125000000   0.0      95  r02
    411  0.750000000  0.375000000  0.250000000   0.0      94  r02
    412  0.750000000  0.375000000  0.375000000   0.0      30  r02
    413  0.750000000  0.375000000  0.500000000   0.0      94  r02
    414  0.750000000  0.375000000  0.625000000   0.0      95  r02
    415  0.750000000  0.375000000  0.750000000   0.0      22  r02
    416  0.750000000  0.375000000  0.875000000   0.0      86  r03
    417  0.750000000  0.500000000  0.000000000   0.0      21  r03
    418  0.750000000  0.500000000  0.125000000   0.0      94  r02
    419  0.750000000  0.500000000  0.250000000   0.0     167  r02
    420  0.750000000  0.500000000  0.375000000   0.0      94  r02
    421  0.750000000  0.500000000  0.500000000   0.0      21  r02
    422  0.750000000  0.500000000  0.625000000   0.0      85  r02
    423  0.750000000  0.500000000  0.750000000   0.0      23  r02
    424  0.750000000  0.500000000  0.875000000   0.0      85  r03
    425  0.750000000  0.625000000  0.000000000   0.0      20  r03
    426  0.750000000  0.625000000  0.125000000   0.0      93  r02
    427  0.750000000  0.625000000  0.250000000   0.0      94  r02
    428  0.750000000  0.625000000  0.375000000   0.0      95  r02
    429  0.750000000  0.625000000  0.500000000   0.0      85  r02
    430  0.750000000  0.625000000  0.625000000   0.0      12  r02
    431  0.750000000  0.625000000  0.750000000   0.0      15  r02
    432  0.750000000  0.625000000  0.875000000   0.0      84  r03
    433  0.750000000  0.750000000  0.000000000   0.0      19  r03
    434  0.750000000  0.750000000  0.125000000   0.0      20  r02
    435  0.750000000  0.750000000  0.250000000   0.0      21  r02
    436  0.750000000  0.750000000  0.375000000   0.0      22  r02
    437  0.750000000  0.750000000  0.500000000   0.0      23  r02
    438  0.750000000  0.750000000  0.625000000   0.0      15  r02
    439  0.750000000  0.750000000  0.750000000   0.0       3  r02
    440  0.750000000  0.750000000  0.875000000   0.0      11  r03
    441  0.750000000  0.875000000  0.000000000   0.0      11  r03
    442  0.750000000  0.875000000  0.125000000   0.0      84  r02
    443  0.750000000  0.875000000  0.250000000   0.0      85  r02
    444  0.750000000  0.875000000  0.375000000   0.0      86  r02
    445  0.750000000  0.875000000  0.500000000   0.0      85  r02
    446  0.750000000  0.875000000  0.625000000   0.0      84  r02
    447  0.750000000  0.875000000  0.750000000   0.0      11  r02
    448  0.750000000  0.875000000  0.875000000   0.0      16  r03
    449  0.875000000  0.000000000  0.000000000   0.0       2  r03
    450  0.875000000  0.000000000  0.125000000   0.0      16  r02
    451  0.875000000  0.000000000  0.250000000   0.0      15  r02
    452  0.875000000  0.000000000  0.375000000   0.0      14  r02
    453  0.875000000  0.000000000  0.500000000   0.0      13  r02
    454  0.875000000  0.000000000  0.625000000   0.0      12  r02
    455  0.875000000  0.000000000  0.750000000   0.0      11  r02
    456  0.875000000  0.000000000  0.875000000   0.0      10  r02
    457  0.875000000  0.125000000  0.000000000   0.0      16  r09
    458  0.875000000  0.125000000  0.125000000   0.0      11  r02
    459  0.875000000  0.125000000  0.250000000   0.0      84  r02
    460  0.875000000  0.125000000  0.375000000   0.0      85  r02
    461  0.875000000  0.125000000  0.500000000   0.0      86  r02
    462  0.875000000  0.125000000  0.625000000   0.0      85  r02
    463  0.875000000  0.125000000  0.750000000   0.0      84  r02
    464  0.875000000  0.125000000  0.875000000   0.0      11  r02
    465  0.875000000  0.250000000  0.000000000   0.0      15  r03
    466  0.875000000  0.250000000  0.125000000   0.0      84  r02
    467  0.875000000  0.250000000  0.250000000   0.0      20  r02
    468  0.875000000  0.250000000  0.375000000   0.0      93  r02
    469  0.875000000  0.250000000  0.500000000   0.0      94  r02
    470  0.875000000  0.250000000  0.625000000   0.0      95  r02
    471  0.875000000  0.250000000  0.750000000   0.0      85  r02
    472  0.875000000  0.250000000  0.875000000   0.0      12  r02
    473  0.875000000  0.375000000  0.000000000   0.0      14  r03
    474  0.875000000  0.375000000  0.125000000   0.0      85  r02
    475  0.875000000  0.375000000  0.250000000   0.0      93  r02
    476  0.875000000  0.375000000  0.375000000   0.0      29  r02
    477  0.875000000  0.375000000  0.500000000   0.0     102  r02
    478  0.875000000  0.375000000  0.625000000   0.0      94  r02
    479  0.875000000  0.375000000  0.750000000   0.0      86  r02
    480  0.875000000  0.375000000  0.875000000   0.0      13  r02
    481  0.875000000  0.500000000  0.000000000   0.0      13  r03
    482  0.875000000  0.500000000  0.125000000   0.0      86  r02
    483  0.875000000  0.500000000  0.250000000   0.0      94  r02
    484  0.875000000  0.500000000  0.375000000   0.0     102  r02
    485  0.875000000  0.500000000  0.500000000   0.0      29  r02
    486  0.875000000  0.500000000  0.625000000   0.0      93  r02
    487  0.875000000  0.500000000  0.750000000   0.0      85  r02
    488  0.875000000  0.500000000  0.875000000   0.0      14  r02
    489  0.875000000  0.625000000  0.000000000   0.0      12  r03
    490  0.875000000  0.625000000  0.125000000   0.0      85  r02
    491  0.875000000  0.625000000  0.250000000   0.0      95  r02
    492  0.875000000  0.625000000  0.375000000   0.0      94  r02
    493  0.875000000  0.625000000  0.500000000   0.0      93  r02
    494  0.875000000  0.625000000  0.625000000   0.0      20  r02
    495  0.875000000  0.625000000  0.750000000   0.0      84  r02
    496  0.875000000  0.625000000  0.875000000   0.0      15  r02
    497  0.875000000  0.750000000  0.000000000   0.0      11  r03
    498  0.875000000  0.750000000  0.125000000   0.0      84  r02
    499  0.875000000  0.750000000  0.250000000   0.0      85  r02
    500  0.875000000  0.750000000  0.375000000   0.0      86  r02
    501  0.875000000  0.750000000  0.500000000   0.0      85  r02
    502  0.875000000  0.750000000  0.625000000   0.0      84  r02
    503  0.875000000  0.750000000  0.750000000   0.0      11  r02
    504  0.875000000  0.750000000  0.875000000   0.0      16  r02
    505  0.875000000  0.875000000  0.000000000   0.0      10  r03
    506  0.875000000  0.875000000  0.125000000   0.0      11  r02
    507  0.875000000  0.875000000  0.250000000   0.0      12  r02
    508  0.875000000  0.875000000  0.375000000   0.0      13  r02
    509  0.875000000  0.875000000  0.500000000   0.0      14  r02
    510  0.875000000  0.875000000  0.625000000   0.0      15  r02
    511  0.875000000  0.875000000  0.750000000   0.0      16  r02
    512  0.875000000  0.875000000  0.875000000   0.0       2  r02

k-points in the irreducible wedge
     29
      1  0.000000000  0.000000000  0.000000000   1.0       1
      2  0.000000000  0.000000000  0.125000000   8.0       2
      3  0.000000000  0.000000000  0.250000000   8.0       3
      4  0.000000000  0.000000000  0.375000000   8.0       4
      5  0.000000000  0.000000000  0.500000000   4.0       5
      6  0.000000000  0.125000000  0.125000000   6.0      10
      7  0.000000000  0.125000000  0.250000000  24.0      11
      8  0.000000000  0.125000000  0.375000000  24.0      12
      9  0.000000000  0.125000000  0.500000000  24.0      13
     10  0.000000000  0.125000000  0.625000000  24.0      14
     11  0.000000000  0.125000000  0.750000000  24.0      15
     12  0.000000000  0.125000000  0.875000000  12.0      16
     13  0.000000000  0.250000000  0.250000000   6.0      19
     14  0.000000000  0.250000000  0.375000000  24.0      20
     15  0.000000000  0.250000000  0.500000000  24.0      21
     16  0.000000000  0.250000000  0.625000000  24.0      22
     17  0.000000000  0.250000000  0.750000000  12.0      23
     18  0.000000000  0.375000000  0.375000000   6.0      28
     19  0.000000000  0.375000000  0.500000000  24.0      29
     20  0.000000000  0.375000000  0.625000000  12.0      30
     21  0.000000000  0.500000000  0.500000000   3.0      37
     22  0.125000000  0.250000000  0.375000000  24.0      84
     23  0.125000000  0.250000000  0.500000000  48.0      85
     24  0.125000000  0.250000000  0.625000000  24.0      86
     25  0.125000000  0.375000000  0.500000000  24.0      93
     26  0.125000000  0.375000000  0.625000000  48.0      94
     27  0.125000000  0.375000000  0.750000000  24.0      95
     28  0.125000000  0.500000000  0.625000000  12.0     102
     29  0.250000000  0.500000000  0.750000000   6.0     167

