     Program EFERMI_ELEC_EEH starting on  7 Oct 2021 at  8:55:15   

     This program is part of Michigan Auger Code (MAC).

        Version: 1.5-beta
        Compiled on:  7 Oct 2021
        From branch: 'indirect' with git hash: 1d43a7
        By: Kyle Bushick

     We are running in parallel with    68 processors.

     Material Parameters
     -------------------
        prefix            =           Si
        alat              =      10.1645 bohr
        Vcell             =     262.5448 bohr^3
        epsilon infty     =      11.7000
        nbnd              =           34
        ivbm              =            4
        icbm              =            5
        vbm_band_deg      =            3
        cbm_band_deg      =            1
        vbm_valley_deg    =            1
        cbm_valley_deg    =            6
        read CBM energy?  =            T
        input CBM energy  =       6.4786
        read VBM energy?  =            T
        input VBM energy  =       5.2084
        nphonon           =            6
        valence electrons =       8.0000

        crystal axes: (in units of alat)
           -0.50000000,   0.00000000,  -0.50000000, 
            0.00000000,   0.50000000,   0.50000000, 
            0.50000000,   0.50000000,   0.00000000, 
        cartesian axes: (in units of 2*pi/a)
           -1.00000000,   1.00000000,  -1.00000000, 
           -1.00000000,   1.00000000,   1.00000000, 
            1.00000000,   1.00000000,  -1.00000000, 

     Calculation Parameters
     -------------------
        calculation            =   pre_direct
        scratch dir            =            .
        temperature            =     300.0000 Kelvin
        density                =   0.1000E+20 cm^-3
        nkint_elec             =   60  60  60
        nkint_hole             =   60  60  60
        nq                     =    0   0   0

     Pre Direct Parameters
     -------------------
        cutoff_method          =   density   
        density_conv_thr       =       0.0100
        nkT_thr                =           20

     Wannier Parameters
     -------------------
        nwan                   =           26
        wannier grid           =    8   8   8
        wannier bands          =           34

 electron grid is commensurate with hole grid
 BROADCASTING VARIABLES...
 BROADCASTING ARRAYS...
 SCATTERING klist...
 Reading interpolated eigenvalues from: interpolations/elec.dat
 Reading from interpolated eigenvalues. These are already  referenced to the conduction band with energy    6.4785953999999997       eV
 STARTING: 
  -20.000000000000000        0.0000000000000000        20.000000000000000     
   0.0000000000000000        1.8555475001320497E+019   7.1542934400891115E+023
  
  -10.000000000000000       -5.0000000000000000        0.0000000000000000     
   2.3260592056792718E-149   2.3036304004565365E-065   1.8555475001320497E+019
  
  -5.0000000000000000       -2.5000000000000000        0.0000000000000000     
   2.3036304004565365E-065   2.2924972290124450E-023   1.8555475001320497E+019
  
  -2.5000000000000000       -1.2500000000000000        0.0000000000000000     
   2.2924972290124450E-023   2.2869508365565925E-002   1.8555475001320497E+019
  
  -1.2500000000000000      -0.62500000000000000        0.0000000000000000     
   2.2869508365565925E-002   722321984.29220307        1.8555475001320497E+019
  
 -0.62500000000000000      -0.31250000000000000        0.0000000000000000     
   722321984.29220307        128371082273919.19        1.8555475001320497E+019
  
 -0.31250000000000000      -0.15625000000000000        0.0000000000000000     
   128371082273919.19        54084124331012992.        1.8555475001320497E+019
  
 -0.15625000000000000       -7.8125000000000000E-002   0.0000000000000000     
   54084124331012992.        1.0974102658095437E+018   1.8555475001320497E+019
  
 -0.11718749999999999       -9.7656249999999986E-002  -7.8125000000000000E-002
   2.4453926947423814E+017   5.1892678215938432E+017   1.0974102658095437E+018
  
 -0.10742187499999999      -0.10253906250000000       -9.7656249999999986E-002
   3.5632995084233414E+017   4.3004756401678374E+017   5.1892678215938432E+017
  
 -0.10253906250000000      -0.10009765625000000       -9.7656249999999986E-002
   4.3004756401678374E+017   4.7241261942462989E+017   5.1892678215938432E+017
  
 -0.10009765625000000       -9.8876953124999986E-002  -9.7656249999999986E-002
   4.7241261942462989E+017   4.9512682613308973E+017   5.1892678215938432E+017
  
  -9.8876953124999986E-002  -9.8266601562499986E-002  -9.7656249999999986E-002
   4.9512682613308973E+017   5.0688793488178963E+017   5.1892678215938432E+017
  
  -9.8876953124999986E-002  -9.8571777343749986E-002  -9.8266601562499986E-002
   4.9512682613308973E+017   5.0097306257313542E+017   5.0688793488178963E+017
  
  -9.8724365234374986E-002  -9.8648071289062486E-002  -9.8571777343749986E-002
   4.9804141430134035E+017   4.9950509976708218E+017   5.0097306257313542E+017
  
  -9.8648071289062486E-002  -9.8609924316406236E-002  -9.8571777343749986E-002
   4.9950509976708218E+017   5.0023854573101907E+017   5.0097306257313542E+017
  
  -9.8628997802734361E-002  -9.8619461059570299E-002  -9.8609924316406236E-002
   4.9987168898580710E+017   5.0005508390553747E+017   5.0023854573101907E+017
  
  -9.8624229431152330E-002  -9.8621845245361300E-002  -9.8619461059570299E-002
   4.9996337808396365E+017   5.0000922890413395E+017   5.0005508390553747E+017
  
  -9.8623037338256808E-002  -9.8622441291809054E-002  -9.8621845245361300E-002
   4.9998630297141894E+017   4.9999776580711834E+017   5.0000922890413395E+017
  
  -9.8622441291809054E-002  -9.8622143268585177E-002  -9.8621845245361300E-002
   4.9999776580711834E+017   5.0000349732295578E+017   5.0000922890413395E+017
  
  -9.8622441291809054E-002  -9.8622292280197116E-002  -9.8622143268585177E-002
   4.9999776580711834E+017   5.0000063155687226E+017   5.0000349732295578E+017
  
  -9.8622366786003085E-002  -9.8622329533100100E-002  -9.8622292280197116E-002
   4.9999919867995238E+017   4.9999991511789926E+017   5.0000063155687226E+017
  
 Now finding cutoff for    99.000000000000000      % of charge
  
           0 kT, density =    0.0000000000000000     
           1 kT, density =    0.0000000000000000     
           2 kT, density =    0.0000000000000000     
           3 kT, density =    0.0000000000000000     
           4 kT, density =    4411771370607919.0     
           5 kT, density =    1.7325614208877792E+017
           6 kT, density =    3.3016908934965594E+017
           7 kT, density =    4.2675175793602931E+017
           8 kT, density =    4.6897634914553766E+017
           9 kT, density =    4.8490361921814822E+017
          10 kT, density =    4.9453257712225958E+017
          11 kT, density =    4.9738606700867757E+017
  
 Finished calculating efermi and nkT cutoff:
   efermi =   -3.6243024450277020E-003
   nkT cutoff =           11
 Filename for density:density_efermi_elec.dat                                                                             
 Filename for nkT cutoff:nkT_cutoff_elec.dat                                                                                 
======================================================================
======================================================================
     Program EFERMI_ELEC_EEH ending on  7 Oct 2021 at  8:56:27   
     Elapsed time:  0: 1:11:706 hr
     JOB FINISHED.
======================================================================
======================================================================
