     Program EFERMI_ELEC_EEH starting on  6 Oct 2021 at 13:10:58   

     This program is part of Michigan Auger Code (MAC).

        Version: 1.5-beta
        Compiled on:  6 Oct 2021
        From branch: 'indirect' with git hash: 1d43a7
        By: Kyle Bushick

     We are running in parallel with    68 processors.

     Material Parameters
     -------------------
        prefix            =           Si
        alat              =      10.1645 bohr
        Vcell             =     262.5448 bohr^3
        epsilon infty     =      11.7000
        nbnd              =           34
        ivbm              =            4
        icbm              =            5
        vbm_band_deg      =            3
        cbm_band_deg      =            1
        vbm_valley_deg    =            1
        cbm_valley_deg    =            6
        read CBM energy?  =            T
        input CBM energy  =       6.4786
        read VBM energy?  =            T
        input VBM energy  =       5.2084
        nphonon           =            6
        valence electrons =       8.0000

        crystal axes: (in units of alat)
           -0.50000000,   0.00000000,  -0.50000000, 
            0.00000000,   0.50000000,   0.50000000, 
            0.50000000,   0.50000000,   0.00000000, 
        cartesian axes: (in units of 2*pi/a)
           -1.00000000,   1.00000000,  -1.00000000, 
           -1.00000000,   1.00000000,   1.00000000, 
            1.00000000,   1.00000000,  -1.00000000, 

     Calculation Parameters
     -------------------
        calculation            =   pre_direct
        scratch dir            =            .
        temperature            =     400.0000 Kelvin
        density                =   0.1000E+20 cm^-3
        nkint_elec             =   60  60  60
        nkint_hole             =   60  60  60
        nq                     =    0   0   0

     Pre Direct Parameters
     -------------------
        cutoff_method          =   density   
        density_conv_thr       =       0.0100
        nkT_thr                =           20

     Wannier Parameters
     -------------------
        nwan                   =           26
        wannier grid           =    8   8   8
        wannier bands          =           34

 electron grid is commensurate with hole grid
 BROADCASTING VARIABLES...
 BROADCASTING ARRAYS...
 SCATTERING klist...
 First pass of BZ. Finding equivalent R-points
 First pass complete
 Second pass: equivalent R-points
 Second pass complete
 Allocating for wannier...
 Reading u matrix opt file: Si_u_dis.mat
 Reading u matrix file: Si_u.mat
 Reading .eig file: Si.eig
 Rotating for local wannier functions...
 Done rotating!
 FFTing...
 Done FFTing!
 Printing hamiltonian...
 Done printing hamiltonian!
 BROADCASTING ndegen, map...
 NKTOT:        3177  on proc 0
 Interpolating...
     300  of     3177 on proc 0
     600  of     3177 on proc 0
     900  of     3177 on proc 0
    1200  of     3177 on proc 0
    1500  of     3177 on proc 0
    1800  of     3177 on proc 0
    2100  of     3177 on proc 0
    2400  of     3177 on proc 0
    2700  of     3177 on proc 0
    3000  of     3177 on proc 0
 Done interpolating (rank 0)!
 GATHERING elda_out after interpolation...
 REFERENCE ENERGY:    6.4785953999999997       eV, read from input
 Writing interpolate eigenvalues to: interpolations/elec.dat
 STARTING: 
  -20.000000000000000        0.0000000000000000        20.000000000000000     
   3.9886892296798892E-233   3.1256005553987834E+019   7.1541711129484956E+023
  
  -10.000000000000000       -5.0000000000000000        0.0000000000000000     
   3.9311376873412509E-107   3.9026740665092891E-044   3.1256005553987834E+019
  
  -5.0000000000000000       -2.5000000000000000        0.0000000000000000     
   3.9026740665092891E-044   1.2296578770584305E-012   3.1256005553987834E+019
  
  -2.5000000000000000       -1.2500000000000000        0.0000000000000000     
   1.2296578770584305E-012   6902.3233878793217        3.1256005553987834E+019
  
  -1.2500000000000000      -0.62500000000000000        0.0000000000000000     
   6902.3233878793217        517131276283.32312        3.1256005553987834E+019
  
 -0.62500000000000000      -0.31250000000000000        0.0000000000000000     
   517131276283.32312        4475998185905272.5        3.1256005553987834E+019
  
 -0.31250000000000000      -0.15625000000000000        0.0000000000000000     
   4475998185905272.5        4.1522974358605466E+017   3.1256005553987834E+019
  
 -0.15625000000000000       -7.8125000000000000E-002   0.0000000000000000     
   4.1522974358605466E+017   3.9083261556238674E+018   3.1256005553987834E+019
  
 -0.15625000000000000      -0.11718749999999999       -7.8125000000000000E-002
   4.1522974358605466E+017   1.2817721001688532E+018   3.9083261556238674E+018
  
 -0.13671874999999997      -0.12695312499999997      -0.11718749999999999     
   7.3014629292929472E+017   9.6766900118294950E+017   1.2817721001688532E+018
  
 -0.12695312499999997      -0.12207031249999997      -0.11718749999999999     
   9.6766900118294950E+017   1.1137868062936401E+018   1.2817721001688532E+018
  
 -0.12695312499999997      -0.12451171874999997      -0.12207031249999997     
   9.6766900118294950E+017   1.0381789090552594E+018   1.1137868062936401E+018
  
 -0.12695312499999997      -0.12573242187499997      -0.12451171874999997     
   9.6766900118294950E+017   1.0023084406147351E+018   1.0381789090552594E+018
  
 -0.12634277343749997      -0.12603759765624994      -0.12573242187499997     
   9.8483748028937638E+017   9.9353482399207987E+017   1.0023084406147351E+018
  
 -0.12603759765624994      -0.12588500976562494      -0.12573242187499997     
   9.9353482399207987E+017   9.9791205710069363E+017   1.0023084406147351E+018
  
 -0.12588500976562494      -0.12580871582031244      -0.12573242187499997     
   9.9791205710069363E+017   1.0001078499022714E+018   1.0023084406147351E+018
  
 -0.12584686279296869      -0.12582778930664060      -0.12580871582031244     
   9.9900935440780544E+017   9.9955845230102733E+017   1.0001078499022714E+018
  
 -0.12582778930664060      -0.12581825256347651      -0.12580871582031244     
   9.9955845230102733E+017   9.9983311362805709E+017   1.0001078499022714E+018
  
 -0.12581825256347651      -0.12581348419189448      -0.12580871582031244     
   9.9983311362805709E+017   9.9997047239550285E+017   1.0001078499022714E+018
  
 -0.12581348419189448      -0.12581110000610346      -0.12580871582031244     
   9.9997047239550285E+017   1.0000391588063071E+018   1.0001078499022714E+018
  
 -0.12581348419189448      -0.12581229209899897      -0.12581110000610346     
   9.9997047239550285E+017   1.0000048150152797E+018   1.0000391588063071E+018
  
 -0.12581288814544672      -0.12581259012222284      -0.12581229209899897     
   9.9998764355899162E+017   9.9999622925052224E+017   1.0000048150152797E+018
  
 -0.12581259012222284      -0.12581244111061093      -0.12581229209899897     
   9.9999622925052224E+017   1.0000005221237555E+018   1.0000048150152797E+018
  
 Now finding cutoff for    99.000000000000000      % of charge
  
           0 kT, density =    0.0000000000000000     
           1 kT, density =    0.0000000000000000     
           2 kT, density =    0.0000000000000000     
           3 kT, density =    0.0000000000000000     
           4 kT, density =    42386663527097496.     
           5 kT, density =    4.8414143485100410E+017
           6 kT, density =    7.2446954559059686E+017
           7 kT, density =    8.7155262427317952E+017
           8 kT, density =    9.4811283445515712E+017
           9 kT, density =    9.7435647442976013E+017
          10 kT, density =    9.9119735067791654E+017
  
 Finished calculating efermi and nkT cutoff:
   efermi =   -4.6235202523689321E-003
   nkT cutoff =           10
 Filename for density:density_efermi_elec.dat                                                                             
 Filename for nkT cutoff:nkT_cutoff_elec.dat                                                                                 
======================================================================
======================================================================
     Program EFERMI_ELEC_EEH ending on  6 Oct 2021 at 13:23:34   
     Elapsed time:  0:12:35:620 hr
     JOB FINISHED.
======================================================================
======================================================================
