     Program EFERMI_ELEC_EEH starting on 11 Nov 2021 at 14:11:29   

     This program is part of Michigan Auger Code (MAC).

        Version: 2.0
        Compiled on: 11 Nov 2021
        From branch: 'parallel_read_direct' with git hash: 47c98f
        By: Kyle Bushick

     We are running in parallel with   272 processors.

     Material Parameters
     -------------------
        prefix            =           Si
        alat              =      10.1645 bohr
        Vcell             =     262.5448 bohr^3
        epsilon infty     =      11.7000
        nbnd              =           34
        ivbm              =            4
        icbm              =            5
        vbm_band_deg      =            3
        cbm_band_deg      =            1
        vbm_valley_deg    =            1
        cbm_valley_deg    =            6
        read CBM energy?  =            T
        input CBM energy  =       6.4786
        read VBM energy?  =            T
        input VBM energy  =       5.2084
        nphonon           =            6
        valence electrons =       8.0000

        crystal axes: (in units of alat)
           -0.50000000,   0.00000000,  -0.50000000, 
            0.00000000,   0.50000000,   0.50000000, 
            0.50000000,   0.50000000,   0.00000000, 
        cartesian axes: (in units of 2*pi/a)
           -1.00000000,   1.00000000,  -1.00000000, 
           -1.00000000,   1.00000000,   1.00000000, 
            1.00000000,   1.00000000,  -1.00000000, 

     Calculation Parameters
     -------------------
        calculation            =   pre_direct
        scratch dir            =            .
        use_interp_eig?        =            T
        verbosity level        =            0
        temperature            =     300.0000 Kelvin
        density                =   0.1000E+20 cm^-3
        nkint_elec             =   96  96  96
        nkint_hole             =   96  96  96
        nq                     =    0   0   0

     Pre Direct Parameters
     -------------------
        cutoff_method          =   density   
        density_conv_thr       =       0.0100
        nkT_thr                =           20

     Wannier Parameters
     -------------------
        nwan                   =           26
        wannier grid           =    8   8   8
        wannier bands          =           34

 electron grid is commensurate with hole grid
 BROADCASTING VARIABLES...
 BROADCASTING ARRAYS...
 SCATTERING klist...
 First pass of BZ. Finding equivalent R-points
 First pass complete
 Second pass: equivalent R-points
 Second pass complete
 Allocating for wannier...
 Reading u matrix opt file: Si_u_dis.mat
 Reading u matrix file: Si_u.mat
 Reading .eig file: Si.eig
 Rotating for local wannier functions...
 Done rotating!
 FFTing...
 Done FFTing!
 Printing hamiltonian...
 Done printing hamiltonian!
 BROADCASTING ndegen, map...
 NKTOT:        3253  on proc 0
 Interpolating...
     300  of     3253 on proc 0
     600  of     3253 on proc 0
     900  of     3253 on proc 0
    1200  of     3253 on proc 0
    1500  of     3253 on proc 0
    1800  of     3253 on proc 0
    2100  of     3253 on proc 0
    2400  of     3253 on proc 0
    2700  of     3253 on proc 0
    3000  of     3253 on proc 0
 Done interpolating (rank 0)!
 GATHERING elda_out after interpolation...
 REFERENCE ENERGY:    6.4785953999999997       eV, read from input
 Writing interpolate eigenvalues to: interpolations/elec.dat
 STARTING: 
  -20.000000000000000        0.0000000000000000        20.000000000000000     
   0.0000000000000000        1.8554408641759642E+019   7.1539179170562212E+023
  
   0.0000000000000000        10.000000000000000        20.000000000000000     
   1.8554408641759642E+019   2.9735550881159079E+023   7.1539179170562212E+023
  
   0.0000000000000000        5.0000000000000000        10.000000000000000     
   1.8554408641759642E+019   1.4177875219205084E+023   2.9735550881159079E+023
  
   0.0000000000000000        2.5000000000000000        5.0000000000000000     
   1.8554408641759642E+019   5.4336954789690148E+022   1.4177875219205084E+023
  
   0.0000000000000000        1.2500000000000000        2.5000000000000000     
   1.8554408641759642E+019   1.4597461329795095E+022   5.4336954789690148E+022
  
   0.0000000000000000       0.62500000000000000        1.2500000000000000     
   1.8554408641759642E+019   4.3352856736800325E+021   1.4597461329795095E+022
  
   0.0000000000000000       0.31250000000000000       0.62500000000000000     
   1.8554408641759642E+019   1.3051906849339214E+021   4.3352856736800325E+021
  
   0.0000000000000000       0.15625000000000000       0.31250000000000000     
   1.8554408641759642E+019   3.7712938721411957E+020   1.3051906849339214E+021
  
   0.0000000000000000        7.8125000000000000E-002  0.15625000000000000     
   1.8554408641759642E+019   1.2757699534707068E+020   3.7712938721411957E+020
  
   0.0000000000000000        3.9062500000000000E-002   7.8125000000000000E-002
   1.8554408641759642E+019   5.6319712432169402E+019   1.2757699534707068E+020
  
   0.0000000000000000        1.9531250000000000E-002   3.9062500000000000E-002
   1.8554408641759642E+019   3.3575903300841001E+019   5.6319712432169402E+019
  
   0.0000000000000000        9.7656250000000000E-003   1.9531250000000000E-002
   1.8554408641759642E+019   2.5185179183836979E+019   3.3575903300841001E+019
  
   0.0000000000000000        4.8828125000000000E-003   9.7656250000000000E-003
   1.8554408641759642E+019   2.1663420374999384E+019   2.5185179183836979E+019
  
   0.0000000000000000        2.4414062500000000E-003   4.8828125000000000E-003
   1.8554408641759642E+019   2.0059172263991685E+019   2.1663420374999384E+019
  
   1.2207031250000000E-003   1.8310546874999998E-003   2.4414062500000000E-003
   1.9294593784135164E+019   1.9673803699433665E+019   2.0059172263991685E+019
  
   1.8310546874999998E-003   2.1362304687499996E-003   2.4414062500000000E-003
   1.9673803699433665E+019   1.9865714405543412E+019   2.0059172263991685E+019
  
   2.1362304687499996E-003   2.2888183593750000E-003   2.4414062500000000E-003
   1.9865714405543412E+019   1.9962249474204705E+019   2.0059172263991685E+019
  
   2.2888183593750000E-003   2.3651123046875000E-003   2.4414062500000000E-003
   1.9962249474204705E+019   2.0010662345744667E+019   2.0059172263991685E+019
  
   2.3269653320312500E-003   2.3460388183593746E-003   2.3651123046875000E-003
   1.9986443786408632E+019   1.9998550034275635E+019   2.0010662345744667E+019
  
   2.3460388183593746E-003   2.3555755615234375E-003   2.3651123046875000E-003
   1.9998550034275635E+019   2.0004605431946736E+019   2.0010662345744667E+019
  
   2.3460388183593746E-003   2.3508071899414058E-003   2.3555755615234375E-003
   1.9998550034275635E+019   2.0001577543609283E+019   2.0004605431946736E+019
  
   2.3460388183593746E-003   2.3484230041503902E-003   2.3508071899414058E-003
   1.9998550034275635E+019   2.0000063741569221E+019   2.0001577543609283E+019
  
   2.3472309112548824E-003   2.3478269577026363E-003   2.3484230041503902E-003
   1.9999306876079092E+019   1.9999685305863250E+019   2.0000063741569221E+019
  
   2.3478269577026363E-003   2.3481249809265132E-003   2.3484230041503902E-003
   1.9999685305863250E+019   1.9999874522975949E+019   2.0000063741569221E+019
  
   2.3481249809265132E-003   2.3482739925384517E-003   2.3484230041503902E-003
   1.9999874522975949E+019   1.9999969132087378E+019   2.0000063741569221E+019
  
   2.3482739925384517E-003   2.3483484983444210E-003   2.3484230041503902E-003
   1.9999969132087378E+019   2.0000016436781920E+019   2.0000063741569221E+019
  
 Now finding cutoff for    99.000000000000000      % of charge
  
           0 kT, density =    0.0000000000000000     
           1 kT, density =    5.2248300624512338E+018
           2 kT, density =    1.2118309057835512E+019
           3 kT, density =    1.6264901907660163E+019
           4 kT, density =    1.8353601629388020E+019
           5 kT, density =    1.9265978014489850E+019
           6 kT, density =    1.9683254943207952E+019
           7 kT, density =    1.9868624292150227E+019
  
 Finished calculating efermi and nkT cutoff:
   efermi =    8.6300184193786184E-005
   nkT cutoff =            7
 Filename for density:density_efermi_elec.dat                                                                             
 Filename for nkT cutoff:nkT_cutoff_elec.dat                                                                                 
======================================================================
======================================================================
     Program EFERMI_ELEC_EEH ending on 11 Nov 2021 at 14:29:53   
     Elapsed time:  0:18:23:826 hr
     JOB FINISHED.
======================================================================
======================================================================
