k-points are in crystal coordinates
nk(3) =     8    8    8
dk(3) =   0.500000000  0.500000000  0.500000000

direct lattice vectors
a1 =  -5.082270948  0.000000000  5.082270948
a2 =   0.000000000  5.082270948  5.082270948
a3 =  -5.082270948  5.082270948  0.000000000

unit cell volume =  0.262544811E+03

reciprocal lattice vectors
b1 =  -0.618147416 -0.618147416  0.618147416
b2 =   0.618147416  0.618147416  0.618147416
b3 =  -0.618147416  0.618147416 -0.618147416

symmetries of the Bravais lattice
 48
Space group 225, symbol Fm-3m                
r01 =     1   0   0     0   1   0     0   0   1      0.000000    0.000000    0.000000
r02 =     1   0   0     0   1   0    -1  -1  -1      0.000000    0.000000    0.000000
r03 =     0  -1   0    -1   0   0     0   0  -1      0.000000    0.000000    0.000000
r04 =     0  -1   0    -1   0   0     1   1   1      0.000000    0.000000    0.000000
r05 =     1   1   1     0  -1   0     0   0  -1      0.000000    0.000000    0.000000
r06 =     0   1   0    -1  -1  -1     1   0   0      0.000000    0.000000    0.000000
r07 =     1   1   1     0  -1   0    -1   0   0      0.000000    0.000000    0.000000
r08 =     0   1   0    -1  -1  -1     0   0   1      0.000000    0.000000    0.000000
r09 =     0   0  -1     1   1   1    -1   0   0      0.000000    0.000000    0.000000
r10 =     0   0  -1     1   1   1     0  -1   0      0.000000    0.000000    0.000000
r11 =    -1  -1  -1     0   0   1     1   0   0      0.000000    0.000000    0.000000
r12 =    -1  -1  -1     0   0   1     0   1   0      0.000000    0.000000    0.000000
r13 =    -1   0   0     0  -1   0     0   0  -1      0.000000    0.000000    0.000000
r14 =     0   1   0     1   0   0     0   0   1      0.000000    0.000000    0.000000
r15 =    -1   0   0     0  -1   0     1   1   1      0.000000    0.000000    0.000000
r16 =     0   1   0     1   0   0    -1  -1  -1      0.000000    0.000000    0.000000
r17 =    -1  -1  -1     0   1   0     0   0   1      0.000000    0.000000    0.000000
r18 =     0  -1   0     1   1   1    -1   0   0      0.000000    0.000000    0.000000
r19 =    -1  -1  -1     0   1   0     1   0   0      0.000000    0.000000    0.000000
r20 =     0  -1   0     1   1   1     0   0  -1      0.000000    0.000000    0.000000
r21 =     0   0   1    -1  -1  -1     1   0   0      0.000000    0.000000    0.000000
r22 =     1   1   1     0   0  -1    -1   0   0      0.000000    0.000000    0.000000
r23 =     0   0   1    -1  -1  -1     0   1   0      0.000000    0.000000    0.000000
r24 =     1   1   1     0   0  -1     0  -1   0      0.000000    0.000000    0.000000
r25 =     0   0  -1     0  -1   0     1   1   1      0.000000    0.000000    0.000000
r26 =     0   0  -1     0  -1   0    -1   0   0      0.000000    0.000000    0.000000
r27 =     0   1   0     0   0   1     1   0   0      0.000000    0.000000    0.000000
r28 =     0   1   0     0   0   1    -1  -1  -1      0.000000    0.000000    0.000000
r29 =     1   0   0    -1  -1  -1     0   1   0      0.000000    0.000000    0.000000
r30 =     1   1   1    -1   0   0     0   0  -1      0.000000    0.000000    0.000000
r31 =     1   0   0    -1  -1  -1     0   0   1      0.000000    0.000000    0.000000
r32 =     1   1   1    -1   0   0     0  -1   0      0.000000    0.000000    0.000000
r33 =     0   0   1     0   1   0     1   0   0      0.000000    0.000000    0.000000
r34 =     0  -1   0     0   0  -1    -1   0   0      0.000000    0.000000    0.000000
r35 =     0   0   1     0   1   0    -1  -1  -1      0.000000    0.000000    0.000000
r36 =     0  -1   0     0   0  -1     1   1   1      0.000000    0.000000    0.000000
r37 =    -1  -1  -1     1   0   0     0   0   1      0.000000    0.000000    0.000000
r38 =    -1   0   0     1   1   1     0   0  -1      0.000000    0.000000    0.000000
r39 =    -1   0   0     1   1   1     0  -1   0      0.000000    0.000000    0.000000
r40 =    -1  -1  -1     1   0   0     0   1   0      0.000000    0.000000    0.000000
r41 =     0   0  -1    -1   0   0     1   1   1      0.000000    0.000000    0.000000
r42 =     1   0   0     0   0   1     0   1   0      0.000000    0.000000    0.000000
r43 =     1   0   0     0   0   1    -1  -1  -1      0.000000    0.000000    0.000000
r44 =     0   0  -1    -1   0   0     0  -1   0      0.000000    0.000000    0.000000
r45 =     0   0   1     1   0   0    -1  -1  -1      0.000000    0.000000    0.000000
r46 =    -1   0   0     0   0  -1     0  -1   0      0.000000    0.000000    0.000000
r47 =    -1   0   0     0   0  -1     1   1   1      0.000000    0.000000    0.000000
r48 =     0   0   1     1   0   0     0   1   0      0.000000    0.000000    0.000000

symmetries of the crystal without FFT grid
 48
Space group 227, symbol Fd-3m                
r01 =     1   0   0     0   1   0     0   0   1      0.000000    0.000000    0.000000
r02 =     1   0   0     0   1   0    -1  -1  -1      0.000000    0.000000    3.141593
r03 =     0  -1   0    -1   0   0     0   0  -1      0.000000    0.000000    0.000000
r04 =     0  -1   0    -1   0   0     1   1   1      0.000000    0.000000    3.141593
r05 =     1   1   1     0  -1   0     0   0  -1      3.141593    0.000000    0.000000
r06 =     0   1   0    -1  -1  -1     1   0   0      0.000000    0.000000    3.141593
r07 =     1   1   1     0  -1   0    -1   0   0      0.000000    0.000000    3.141593
r08 =     0   1   0    -1  -1  -1     0   0   1      3.141593    0.000000    0.000000
r09 =     0   0  -1     1   1   1    -1   0   0      0.000000    3.141593    0.000000
r10 =     0   0  -1     1   1   1     0  -1   0      3.141593    0.000000    0.000000
r11 =    -1  -1  -1     0   0   1     1   0   0      0.000000    3.141593    0.000000
r12 =    -1  -1  -1     0   0   1     0   1   0      3.141593    0.000000    0.000000
r13 =    -1   0   0     0  -1   0     0   0  -1      0.000000    0.000000    0.000000
r14 =     0   1   0     1   0   0     0   0   1      0.000000    0.000000    0.000000
r15 =    -1   0   0     0  -1   0     1   1   1      0.000000    0.000000    3.141593
r16 =     0   1   0     1   0   0    -1  -1  -1      0.000000    0.000000    3.141593
r17 =    -1  -1  -1     0   1   0     0   0   1      3.141593    0.000000    0.000000
r18 =     0  -1   0     1   1   1    -1   0   0      0.000000    0.000000    3.141593
r19 =    -1  -1  -1     0   1   0     1   0   0      0.000000    0.000000    3.141593
r20 =     0  -1   0     1   1   1     0   0  -1      3.141593    0.000000    0.000000
r21 =     0   0   1    -1  -1  -1     1   0   0      0.000000    3.141593    0.000000
r22 =     1   1   1     0   0  -1    -1   0   0      0.000000    3.141593    0.000000
r23 =     0   0   1    -1  -1  -1     0   1   0      3.141593    0.000000    0.000000
r24 =     1   1   1     0   0  -1     0  -1   0      3.141593    0.000000    0.000000
r25 =     0   0  -1     0  -1   0     1   1   1      3.141593    0.000000    0.000000
r26 =     0   0  -1     0  -1   0    -1   0   0      0.000000    0.000000    0.000000
r27 =     0   1   0     0   0   1     1   0   0      0.000000    0.000000    0.000000
r28 =     0   1   0     0   0   1    -1  -1  -1      3.141593    0.000000    0.000000
r29 =     1   0   0    -1  -1  -1     0   1   0      0.000000    0.000000    3.141593
r30 =     1   1   1    -1   0   0     0   0  -1      0.000000    3.141593    0.000000
r31 =     1   0   0    -1  -1  -1     0   0   1      0.000000    3.141593    0.000000
r32 =     1   1   1    -1   0   0     0  -1   0      0.000000    0.000000    3.141593
r33 =     0   0   1     0   1   0     1   0   0      0.000000    0.000000    0.000000
r34 =     0  -1   0     0   0  -1    -1   0   0      0.000000    0.000000    0.000000
r35 =     0   0   1     0   1   0    -1  -1  -1      3.141593    0.000000    0.000000
r36 =     0  -1   0     0   0  -1     1   1   1      3.141593    0.000000    0.000000
r37 =    -1  -1  -1     1   0   0     0   0   1      0.000000    3.141593    0.000000
r38 =    -1   0   0     1   1   1     0   0  -1      0.000000    3.141593    0.000000
r39 =    -1   0   0     1   1   1     0  -1   0      0.000000    0.000000    3.141593
r40 =    -1  -1  -1     1   0   0     0   1   0      0.000000    0.000000    3.141593
r41 =     0   0  -1    -1   0   0     1   1   1      0.000000    3.141593    0.000000
r42 =     1   0   0     0   0   1     0   1   0      0.000000    0.000000    0.000000
r43 =     1   0   0     0   0   1    -1  -1  -1      0.000000    3.141593    0.000000
r44 =     0   0  -1    -1   0   0     0  -1   0      0.000000    0.000000    0.000000
r45 =     0   0   1     1   0   0    -1  -1  -1      0.000000    3.141593    0.000000
r46 =    -1   0   0     0   0  -1     0  -1   0      0.000000    0.000000    0.000000
r47 =    -1   0   0     0   0  -1     1   1   1      0.000000    3.141593    0.000000
r48 =     0   0   1     1   0   0     0   1   0      0.000000    0.000000    0.000000

FFT grid:     30    30    30

symmetries of the crystal with FFT grid
 48
Space group 227, symbol Fd-3m                
r01 =     1   0   0     0   1   0     0   0   1      0.000000    0.000000    0.000000
r02 =     1   0   0     0   1   0    -1  -1  -1      0.000000    0.000000    3.141593
r03 =     0  -1   0    -1   0   0     0   0  -1      0.000000    0.000000    0.000000
r04 =     0  -1   0    -1   0   0     1   1   1      0.000000    0.000000    3.141593
r05 =     1   1   1     0  -1   0     0   0  -1      3.141593    0.000000    0.000000
r06 =     0   1   0    -1  -1  -1     1   0   0      0.000000    0.000000    3.141593
r07 =     1   1   1     0  -1   0    -1   0   0      0.000000    0.000000    3.141593
r08 =     0   1   0    -1  -1  -1     0   0   1      3.141593    0.000000    0.000000
r09 =     0   0  -1     1   1   1    -1   0   0      0.000000    3.141593    0.000000
r10 =     0   0  -1     1   1   1     0  -1   0      3.141593    0.000000    0.000000
r11 =    -1  -1  -1     0   0   1     1   0   0      0.000000    3.141593    0.000000
r12 =    -1  -1  -1     0   0   1     0   1   0      3.141593    0.000000    0.000000
r13 =    -1   0   0     0  -1   0     0   0  -1      0.000000    0.000000    0.000000
r14 =     0   1   0     1   0   0     0   0   1      0.000000    0.000000    0.000000
r15 =    -1   0   0     0  -1   0     1   1   1      0.000000    0.000000    3.141593
r16 =     0   1   0     1   0   0    -1  -1  -1      0.000000    0.000000    3.141593
r17 =    -1  -1  -1     0   1   0     0   0   1      3.141593    0.000000    0.000000
r18 =     0  -1   0     1   1   1    -1   0   0      0.000000    0.000000    3.141593
r19 =    -1  -1  -1     0   1   0     1   0   0      0.000000    0.000000    3.141593
r20 =     0  -1   0     1   1   1     0   0  -1      3.141593    0.000000    0.000000
r21 =     0   0   1    -1  -1  -1     1   0   0      0.000000    3.141593    0.000000
r22 =     1   1   1     0   0  -1    -1   0   0      0.000000    3.141593    0.000000
r23 =     0   0   1    -1  -1  -1     0   1   0      3.141593    0.000000    0.000000
r24 =     1   1   1     0   0  -1     0  -1   0      3.141593    0.000000    0.000000
r25 =     0   0  -1     0  -1   0     1   1   1      3.141593    0.000000    0.000000
r26 =     0   0  -1     0  -1   0    -1   0   0      0.000000    0.000000    0.000000
r27 =     0   1   0     0   0   1     1   0   0      0.000000    0.000000    0.000000
r28 =     0   1   0     0   0   1    -1  -1  -1      3.141593    0.000000    0.000000
r29 =     1   0   0    -1  -1  -1     0   1   0      0.000000    0.000000    3.141593
r30 =     1   1   1    -1   0   0     0   0  -1      0.000000    3.141593    0.000000
r31 =     1   0   0    -1  -1  -1     0   0   1      0.000000    3.141593    0.000000
r32 =     1   1   1    -1   0   0     0  -1   0      0.000000    0.000000    3.141593
r33 =     0   0   1     0   1   0     1   0   0      0.000000    0.000000    0.000000
r34 =     0  -1   0     0   0  -1    -1   0   0      0.000000    0.000000    0.000000
r35 =     0   0   1     0   1   0    -1  -1  -1      3.141593    0.000000    0.000000
r36 =     0  -1   0     0   0  -1     1   1   1      3.141593    0.000000    0.000000
r37 =    -1  -1  -1     1   0   0     0   0   1      0.000000    3.141593    0.000000
r38 =    -1   0   0     1   1   1     0   0  -1      0.000000    3.141593    0.000000
r39 =    -1   0   0     1   1   1     0  -1   0      0.000000    0.000000    3.141593
r40 =    -1  -1  -1     1   0   0     0   1   0      0.000000    0.000000    3.141593
r41 =     0   0  -1    -1   0   0     1   1   1      0.000000    3.141593    0.000000
r42 =     1   0   0     0   0   1     0   1   0      0.000000    0.000000    0.000000
r43 =     1   0   0     0   0   1    -1  -1  -1      0.000000    3.141593    0.000000
r44 =     0   0  -1    -1   0   0     0  -1   0      0.000000    0.000000    0.000000
r45 =     0   0   1     1   0   0    -1  -1  -1      0.000000    3.141593    0.000000
r46 =    -1   0   0     0   0  -1     0  -1   0      0.000000    0.000000    0.000000
r47 =    -1   0   0     0   0  -1     1   1   1      0.000000    3.141593    0.000000
r48 =     0   0   1     1   0   0     0   1   0      0.000000    0.000000    0.000000

symmetries that reduce the k-points
r03 =     0  -1   0    -1   0   0     0   0  -1
r13 =    -1   0   0     0  -1   0     0   0  -1
r14 =     0   1   0     1   0   0     0   0   1
r26 =     0   0  -1     0  -1   0    -1   0   0
r27 =     0   1   0     0   0   1     1   0   0
r42 =     1   0   0     0   0   1     0   1   0

k-points in the original uniform grid
    512
      1  0.062500000  0.062500000  0.062500000   2.0       0  ---
      2  0.062500000  0.062500000  0.187500000   6.0       0  ---
      3  0.062500000  0.062500000  0.312500000   6.0       0  ---
      4  0.062500000  0.062500000  0.437500000   6.0       0  ---
      5  0.062500000  0.062500000  0.562500000   6.0       0  ---
      6  0.062500000  0.062500000  0.687500000   6.0       0  ---
      7  0.062500000  0.062500000  0.812500000   6.0       0  ---
      8  0.062500000  0.062500000  0.937500000   6.0       0  ---
      9  0.062500000  0.187500000  0.062500000   0.0       2  r27
     10  0.062500000  0.187500000  0.187500000   6.0       0  ---
     11  0.062500000  0.187500000  0.312500000  12.0       0  ---
     12  0.062500000  0.187500000  0.437500000  12.0       0  ---
     13  0.062500000  0.187500000  0.562500000  12.0       0  ---
     14  0.062500000  0.187500000  0.687500000  12.0       0  ---
     15  0.062500000  0.187500000  0.812500000  12.0       0  ---
     16  0.062500000  0.187500000  0.937500000  12.0       0  ---
     17  0.062500000  0.312500000  0.062500000   0.0       3  r27
     18  0.062500000  0.312500000  0.187500000   0.0      11  r42
     19  0.062500000  0.312500000  0.312500000   6.0       0  ---
     20  0.062500000  0.312500000  0.437500000  12.0       0  ---
     21  0.062500000  0.312500000  0.562500000  12.0       0  ---
     22  0.062500000  0.312500000  0.687500000  12.0       0  ---
     23  0.062500000  0.312500000  0.812500000  12.0       0  ---
     24  0.062500000  0.312500000  0.937500000  12.0       0  ---
     25  0.062500000  0.437500000  0.062500000   0.0       4  r27
     26  0.062500000  0.437500000  0.187500000   0.0      12  r42
     27  0.062500000  0.437500000  0.312500000   0.0      20  r42
     28  0.062500000  0.437500000  0.437500000   6.0       0  ---
     29  0.062500000  0.437500000  0.562500000  12.0       0  ---
     30  0.062500000  0.437500000  0.687500000  12.0       0  ---
     31  0.062500000  0.437500000  0.812500000  12.0       0  ---
     32  0.062500000  0.437500000  0.937500000  12.0       0  ---
     33  0.062500000  0.562500000  0.062500000   0.0       5  r27
     34  0.062500000  0.562500000  0.187500000   0.0      13  r42
     35  0.062500000  0.562500000  0.312500000   0.0      21  r42
     36  0.062500000  0.562500000  0.437500000   0.0      29  r42
     37  0.062500000  0.562500000  0.562500000   6.0       0  ---
     38  0.062500000  0.562500000  0.687500000  12.0       0  ---
     39  0.062500000  0.562500000  0.812500000  12.0       0  ---
     40  0.062500000  0.562500000  0.937500000   0.0      32  r26
     41  0.062500000  0.687500000  0.062500000   0.0       6  r27
     42  0.062500000  0.687500000  0.187500000   0.0      14  r42
     43  0.062500000  0.687500000  0.312500000   0.0      22  r42
     44  0.062500000  0.687500000  0.437500000   0.0      30  r42
     45  0.062500000  0.687500000  0.562500000   0.0      38  r42
     46  0.062500000  0.687500000  0.687500000   6.0       0  ---
     47  0.062500000  0.687500000  0.812500000  12.0       0  ---
     48  0.062500000  0.687500000  0.937500000   0.0      24  r26
     49  0.062500000  0.812500000  0.062500000   0.0       7  r27
     50  0.062500000  0.812500000  0.187500000   0.0      15  r42
     51  0.062500000  0.812500000  0.312500000   0.0      23  r42
     52  0.062500000  0.812500000  0.437500000   0.0      31  r42
     53  0.062500000  0.812500000  0.562500000   0.0      39  r42
     54  0.062500000  0.812500000  0.687500000   0.0      47  r42
     55  0.062500000  0.812500000  0.812500000   6.0       0  ---
     56  0.062500000  0.812500000  0.937500000   0.0      16  r26
     57  0.062500000  0.937500000  0.062500000   0.0       8  r27
     58  0.062500000  0.937500000  0.187500000   0.0      16  r42
     59  0.062500000  0.937500000  0.312500000   0.0      24  r42
     60  0.062500000  0.937500000  0.437500000   0.0      32  r42
     61  0.062500000  0.937500000  0.562500000   0.0      32  r03
     62  0.062500000  0.937500000  0.687500000   0.0      24  r03
     63  0.062500000  0.937500000  0.812500000   0.0      16  r03
     64  0.062500000  0.937500000  0.937500000   0.0       8  r03
     65  0.187500000  0.062500000  0.062500000   0.0       2  r14
     66  0.187500000  0.062500000  0.187500000   0.0      10  r14
     67  0.187500000  0.062500000  0.312500000   0.0      11  r14
     68  0.187500000  0.062500000  0.437500000   0.0      12  r14
     69  0.187500000  0.062500000  0.562500000   0.0      13  r14
     70  0.187500000  0.062500000  0.687500000   0.0      14  r14
     71  0.187500000  0.062500000  0.812500000   0.0      15  r14
     72  0.187500000  0.062500000  0.937500000   0.0      16  r14
     73  0.187500000  0.187500000  0.062500000   0.0      10  r27
     74  0.187500000  0.187500000  0.187500000   2.0       0  ---
     75  0.187500000  0.187500000  0.312500000   6.0       0  ---
     76  0.187500000  0.187500000  0.437500000   6.0       0  ---
     77  0.187500000  0.187500000  0.562500000   6.0       0  ---
     78  0.187500000  0.187500000  0.687500000   6.0       0  ---
     79  0.187500000  0.187500000  0.812500000   6.0       0  ---
     80  0.187500000  0.187500000  0.937500000   0.0      55  r26
     81  0.187500000  0.312500000  0.062500000   0.0      11  r27
     82  0.187500000  0.312500000  0.187500000   0.0      75  r27
     83  0.187500000  0.312500000  0.312500000   6.0       0  ---
     84  0.187500000  0.312500000  0.437500000  12.0       0  ---
     85  0.187500000  0.312500000  0.562500000  12.0       0  ---
     86  0.187500000  0.312500000  0.687500000  12.0       0  ---
     87  0.187500000  0.312500000  0.812500000  12.0       0  ---
     88  0.187500000  0.312500000  0.937500000   0.0      47  r26
     89  0.187500000  0.437500000  0.062500000   0.0      12  r27
     90  0.187500000  0.437500000  0.187500000   0.0      76  r27
     91  0.187500000  0.437500000  0.312500000   0.0      84  r42
     92  0.187500000  0.437500000  0.437500000   6.0       0  ---
     93  0.187500000  0.437500000  0.562500000  12.0       0  ---
     94  0.187500000  0.437500000  0.687500000  12.0       0  ---
     95  0.187500000  0.437500000  0.812500000  12.0       0  ---
     96  0.187500000  0.437500000  0.937500000   0.0      39  r26
     97  0.187500000  0.562500000  0.062500000   0.0      13  r27
     98  0.187500000  0.562500000  0.187500000   0.0      77  r27
     99  0.187500000  0.562500000  0.312500000   0.0      85  r42
    100  0.187500000  0.562500000  0.437500000   0.0      93  r42
    101  0.187500000  0.562500000  0.562500000   6.0       0  ---
    102  0.187500000  0.562500000  0.687500000  12.0       0  ---
    103  0.187500000  0.562500000  0.812500000   0.0      95  r26
    104  0.187500000  0.562500000  0.937500000   0.0      31  r26
    105  0.187500000  0.687500000  0.062500000   0.0      14  r27
    106  0.187500000  0.687500000  0.187500000   0.0      78  r27
    107  0.187500000  0.687500000  0.312500000   0.0      86  r42
    108  0.187500000  0.687500000  0.437500000   0.0      94  r42
    109  0.187500000  0.687500000  0.562500000   0.0     102  r42
    110  0.187500000  0.687500000  0.687500000   6.0       0  ---
    111  0.187500000  0.687500000  0.812500000   0.0      87  r26
    112  0.187500000  0.687500000  0.937500000   0.0      23  r26
    113  0.187500000  0.812500000  0.062500000   0.0      15  r27
    114  0.187500000  0.812500000  0.187500000   0.0      79  r27
    115  0.187500000  0.812500000  0.312500000   0.0      87  r42
    116  0.187500000  0.812500000  0.437500000   0.0      95  r42
    117  0.187500000  0.812500000  0.562500000   0.0      95  r03
    118  0.187500000  0.812500000  0.687500000   0.0      87  r03
    119  0.187500000  0.812500000  0.812500000   0.0      79  r03
    120  0.187500000  0.812500000  0.937500000   0.0      15  r03
    121  0.187500000  0.937500000  0.062500000   0.0      16  r03
    122  0.187500000  0.937500000  0.187500000   0.0      55  r03
    123  0.187500000  0.937500000  0.312500000   0.0      47  r03
    124  0.187500000  0.937500000  0.437500000   0.0      39  r03
    125  0.187500000  0.937500000  0.562500000   0.0      31  r03
    126  0.187500000  0.937500000  0.687500000   0.0      23  r03
    127  0.187500000  0.937500000  0.812500000   0.0      15  r03
    128  0.187500000  0.937500000  0.937500000   0.0       7  r03
    129  0.312500000  0.062500000  0.062500000   0.0       3  r14
    130  0.312500000  0.062500000  0.187500000   0.0      11  r14
    131  0.312500000  0.062500000  0.312500000   0.0      19  r14
    132  0.312500000  0.062500000  0.437500000   0.0      20  r14
    133  0.312500000  0.062500000  0.562500000   0.0      21  r14
    134  0.312500000  0.062500000  0.687500000   0.0      22  r14
    135  0.312500000  0.062500000  0.812500000   0.0      23  r14
    136  0.312500000  0.062500000  0.937500000   0.0      24  r14
    137  0.312500000  0.187500000  0.062500000   0.0      11  r14
    138  0.312500000  0.187500000  0.187500000   0.0      75  r14
    139  0.312500000  0.187500000  0.312500000   0.0      83  r14
    140  0.312500000  0.187500000  0.437500000   0.0      84  r14
    141  0.312500000  0.187500000  0.562500000   0.0      85  r14
    142  0.312500000  0.187500000  0.687500000   0.0      86  r14
    143  0.312500000  0.187500000  0.812500000   0.0      87  r14
    144  0.312500000  0.187500000  0.937500000   0.0      47  r14
    145  0.312500000  0.312500000  0.062500000   0.0      19  r27
    146  0.312500000  0.312500000  0.187500000   0.0      83  r27
    147  0.312500000  0.312500000  0.312500000   2.0       0  ---
    148  0.312500000  0.312500000  0.437500000   6.0       0  ---
    149  0.312500000  0.312500000  0.562500000   6.0       0  ---
    150  0.312500000  0.312500000  0.687500000   6.0       0  ---
    151  0.312500000  0.312500000  0.812500000   0.0     110  r26
    152  0.312500000  0.312500000  0.937500000   0.0      46  r26
    153  0.312500000  0.437500000  0.062500000   0.0      20  r27
    154  0.312500000  0.437500000  0.187500000   0.0      84  r27
    155  0.312500000  0.437500000  0.312500000   0.0     148  r27
    156  0.312500000  0.437500000  0.437500000   6.0       0  ---
    157  0.312500000  0.437500000  0.562500000  12.0       0  ---
    158  0.312500000  0.437500000  0.687500000  12.0       0  ---
    159  0.312500000  0.437500000  0.812500000   0.0     102  r26
    160  0.312500000  0.437500000  0.937500000   0.0      38  r26
    161  0.312500000  0.562500000  0.062500000   0.0      21  r27
    162  0.312500000  0.562500000  0.187500000   0.0      85  r27
    163  0.312500000  0.562500000  0.312500000   0.0     149  r27
    164  0.312500000  0.562500000  0.437500000   0.0     157  r42
    165  0.312500000  0.562500000  0.562500000   6.0       0  ---
    166  0.312500000  0.562500000  0.687500000   0.0     158  r26
    167  0.312500000  0.562500000  0.812500000   0.0      94  r26
    168  0.312500000  0.562500000  0.937500000   0.0      30  r26
    169  0.312500000  0.687500000  0.062500000   0.0      22  r27
    170  0.312500000  0.687500000  0.187500000   0.0      86  r27
    171  0.312500000  0.687500000  0.312500000   0.0     150  r27
    172  0.312500000  0.687500000  0.437500000   0.0     158  r42
    173  0.312500000  0.687500000  0.562500000   0.0     158  r03
    174  0.312500000  0.687500000  0.687500000   0.0     150  r03
    175  0.312500000  0.687500000  0.812500000   0.0      86  r03
    176  0.312500000  0.687500000  0.937500000   0.0      22  r03
    177  0.312500000  0.812500000  0.062500000   0.0      23  r03
    178  0.312500000  0.812500000  0.187500000   0.0      87  r03
    179  0.312500000  0.812500000  0.312500000   0.0     110  r03
    180  0.312500000  0.812500000  0.437500000   0.0     102  r03
    181  0.312500000  0.812500000  0.562500000   0.0      94  r03
    182  0.312500000  0.812500000  0.687500000   0.0      86  r03
    183  0.312500000  0.812500000  0.812500000   0.0      78  r03
    184  0.312500000  0.812500000  0.937500000   0.0      14  r03
    185  0.312500000  0.937500000  0.062500000   0.0      24  r03
    186  0.312500000  0.937500000  0.187500000   0.0      47  r03
    187  0.312500000  0.937500000  0.312500000   0.0      46  r03
    188  0.312500000  0.937500000  0.437500000   0.0      38  r03
    189  0.312500000  0.937500000  0.562500000   0.0      30  r03
    190  0.312500000  0.937500000  0.687500000   0.0      22  r03
    191  0.312500000  0.937500000  0.812500000   0.0      14  r03
    192  0.312500000  0.937500000  0.937500000   0.0       6  r03
    193  0.437500000  0.062500000  0.062500000   0.0       4  r14
    194  0.437500000  0.062500000  0.187500000   0.0      12  r14
    195  0.437500000  0.062500000  0.312500000   0.0      20  r14
    196  0.437500000  0.062500000  0.437500000   0.0      28  r14
    197  0.437500000  0.062500000  0.562500000   0.0      29  r14
    198  0.437500000  0.062500000  0.687500000   0.0      30  r14
    199  0.437500000  0.062500000  0.812500000   0.0      31  r14
    200  0.437500000  0.062500000  0.937500000   0.0      32  r14
    201  0.437500000  0.187500000  0.062500000   0.0      12  r14
    202  0.437500000  0.187500000  0.187500000   0.0      76  r14
    203  0.437500000  0.187500000  0.312500000   0.0      84  r14
    204  0.437500000  0.187500000  0.437500000   0.0      92  r14
    205  0.437500000  0.187500000  0.562500000   0.0      93  r14
    206  0.437500000  0.187500000  0.687500000   0.0      94  r14
    207  0.437500000  0.187500000  0.812500000   0.0      95  r14
    208  0.437500000  0.187500000  0.937500000   0.0      39  r14
    209  0.437500000  0.312500000  0.062500000   0.0      20  r14
    210  0.437500000  0.312500000  0.187500000   0.0      84  r14
    211  0.437500000  0.312500000  0.312500000   0.0     148  r14
    212  0.437500000  0.312500000  0.437500000   0.0     156  r14
    213  0.437500000  0.312500000  0.562500000   0.0     157  r14
    214  0.437500000  0.312500000  0.687500000   0.0     158  r14
    215  0.437500000  0.312500000  0.812500000   0.0     102  r14
    216  0.437500000  0.312500000  0.937500000   0.0      38  r14
    217  0.437500000  0.437500000  0.062500000   0.0      28  r27
    218  0.437500000  0.437500000  0.187500000   0.0      92  r27
    219  0.437500000  0.437500000  0.312500000   0.0     156  r27
    220  0.437500000  0.437500000  0.437500000   2.0       0  ---
    221  0.437500000  0.437500000  0.562500000   6.0       0  ---
    222  0.437500000  0.437500000  0.687500000   0.0     165  r26
    223  0.437500000  0.437500000  0.812500000   0.0     101  r26
    224  0.437500000  0.437500000  0.937500000   0.0      37  r26
    225  0.437500000  0.562500000  0.062500000   0.0      29  r27
    226  0.437500000  0.562500000  0.187500000   0.0      93  r27
    227  0.437500000  0.562500000  0.312500000   0.0     157  r27
    228  0.437500000  0.562500000  0.437500000   0.0     221  r27
    229  0.437500000  0.562500000  0.562500000   0.0     221  r03
    230  0.437500000  0.562500000  0.687500000   0.0     157  r03
    231  0.437500000  0.562500000  0.812500000   0.0      93  r03
    232  0.437500000  0.562500000  0.937500000   0.0      29  r03
    233  0.437500000  0.687500000  0.062500000   0.0      30  r03
    234  0.437500000  0.687500000  0.187500000   0.0      94  r03
    235  0.437500000  0.687500000  0.312500000   0.0     158  r03
    236  0.437500000  0.687500000  0.437500000   0.0     165  r03
    237  0.437500000  0.687500000  0.562500000   0.0     157  r03
    238  0.437500000  0.687500000  0.687500000   0.0     149  r03
    239  0.437500000  0.687500000  0.812500000   0.0      85  r03
    240  0.437500000  0.687500000  0.937500000   0.0      21  r03
    241  0.437500000  0.812500000  0.062500000   0.0      31  r03
    242  0.437500000  0.812500000  0.187500000   0.0      95  r03
    243  0.437500000  0.812500000  0.312500000   0.0     102  r03
    244  0.437500000  0.812500000  0.437500000   0.0     101  r03
    245  0.437500000  0.812500000  0.562500000   0.0      93  r03
    246  0.437500000  0.812500000  0.687500000   0.0      85  r03
    247  0.437500000  0.812500000  0.812500000   0.0      77  r03
    248  0.437500000  0.812500000  0.937500000   0.0      13  r03
    249  0.437500000  0.937500000  0.062500000   0.0      32  r03
    250  0.437500000  0.937500000  0.187500000   0.0      39  r03
    251  0.437500000  0.937500000  0.312500000   0.0      38  r03
    252  0.437500000  0.937500000  0.437500000   0.0      37  r03
    253  0.437500000  0.937500000  0.562500000   0.0      29  r03
    254  0.437500000  0.937500000  0.687500000   0.0      21  r03
    255  0.437500000  0.937500000  0.812500000   0.0      13  r03
    256  0.437500000  0.937500000  0.937500000   0.0       5  r03
    257  0.562500000  0.062500000  0.062500000   0.0       5  r13
    258  0.562500000  0.062500000  0.187500000   0.0      13  r13
    259  0.562500000  0.062500000  0.312500000   0.0      21  r13
    260  0.562500000  0.062500000  0.437500000   0.0      29  r13
    261  0.562500000  0.062500000  0.562500000   0.0      37  r13
    262  0.562500000  0.062500000  0.687500000   0.0      38  r13
    263  0.562500000  0.062500000  0.812500000   0.0      39  r13
    264  0.562500000  0.062500000  0.937500000   0.0      32  r13
    265  0.562500000  0.187500000  0.062500000   0.0      13  r13
    266  0.562500000  0.187500000  0.187500000   0.0      77  r13
    267  0.562500000  0.187500000  0.312500000   0.0      85  r13
    268  0.562500000  0.187500000  0.437500000   0.0      93  r13
    269  0.562500000  0.187500000  0.562500000   0.0     101  r13
    270  0.562500000  0.187500000  0.687500000   0.0     102  r13
    271  0.562500000  0.187500000  0.812500000   0.0      95  r13
    272  0.562500000  0.187500000  0.937500000   0.0      31  r13
    273  0.562500000  0.312500000  0.062500000   0.0      21  r13
    274  0.562500000  0.312500000  0.187500000   0.0      85  r13
    275  0.562500000  0.312500000  0.312500000   0.0     149  r13
    276  0.562500000  0.312500000  0.437500000   0.0     157  r13
    277  0.562500000  0.312500000  0.562500000   0.0     165  r13
    278  0.562500000  0.312500000  0.687500000   0.0     158  r13
    279  0.562500000  0.312500000  0.812500000   0.0      94  r13
    280  0.562500000  0.312500000  0.937500000   0.0      30  r13
    281  0.562500000  0.437500000  0.062500000   0.0      29  r13
    282  0.562500000  0.437500000  0.187500000   0.0      93  r13
    283  0.562500000  0.437500000  0.312500000   0.0     157  r13
    284  0.562500000  0.437500000  0.437500000   0.0     221  r13
    285  0.562500000  0.437500000  0.562500000   0.0     221  r03
    286  0.562500000  0.437500000  0.687500000   0.0     157  r03
    287  0.562500000  0.437500000  0.812500000   0.0      93  r03
    288  0.562500000  0.437500000  0.937500000   0.0      29  r03
    289  0.562500000  0.562500000  0.062500000   0.0      37  r03
    290  0.562500000  0.562500000  0.187500000   0.0     101  r03
    291  0.562500000  0.562500000  0.312500000   0.0     165  r03
    292  0.562500000  0.562500000  0.437500000   0.0     221  r03
    293  0.562500000  0.562500000  0.562500000   0.0     220  r03
    294  0.562500000  0.562500000  0.687500000   0.0     156  r03
    295  0.562500000  0.562500000  0.812500000   0.0      92  r03
    296  0.562500000  0.562500000  0.937500000   0.0      28  r03
    297  0.562500000  0.687500000  0.062500000   0.0      38  r03
    298  0.562500000  0.687500000  0.187500000   0.0     102  r03
    299  0.562500000  0.687500000  0.312500000   0.0     158  r03
    300  0.562500000  0.687500000  0.437500000   0.0     157  r03
    301  0.562500000  0.687500000  0.562500000   0.0     156  r03
    302  0.562500000  0.687500000  0.687500000   0.0     148  r03
    303  0.562500000  0.687500000  0.812500000   0.0      84  r03
    304  0.562500000  0.687500000  0.937500000   0.0      20  r03
    305  0.562500000  0.812500000  0.062500000   0.0      39  r03
    306  0.562500000  0.812500000  0.187500000   0.0      95  r03
    307  0.562500000  0.812500000  0.312500000   0.0      94  r03
    308  0.562500000  0.812500000  0.437500000   0.0      93  r03
    309  0.562500000  0.812500000  0.562500000   0.0      92  r03
    310  0.562500000  0.812500000  0.687500000   0.0      84  r03
    311  0.562500000  0.812500000  0.812500000   0.0      76  r03
    312  0.562500000  0.812500000  0.937500000   0.0      12  r03
    313  0.562500000  0.937500000  0.062500000   0.0      32  r03
    314  0.562500000  0.937500000  0.187500000   0.0      31  r03
    315  0.562500000  0.937500000  0.312500000   0.0      30  r03
    316  0.562500000  0.937500000  0.437500000   0.0      29  r03
    317  0.562500000  0.937500000  0.562500000   0.0      28  r03
    318  0.562500000  0.937500000  0.687500000   0.0      20  r03
    319  0.562500000  0.937500000  0.812500000   0.0      12  r03
    320  0.562500000  0.937500000  0.937500000   0.0       4  r03
    321  0.687500000  0.062500000  0.062500000   0.0       6  r13
    322  0.687500000  0.062500000  0.187500000   0.0      14  r13
    323  0.687500000  0.062500000  0.312500000   0.0      22  r13
    324  0.687500000  0.062500000  0.437500000   0.0      30  r13
    325  0.687500000  0.062500000  0.562500000   0.0      38  r13
    326  0.687500000  0.062500000  0.687500000   0.0      46  r13
    327  0.687500000  0.062500000  0.812500000   0.0      47  r13
    328  0.687500000  0.062500000  0.937500000   0.0      24  r13
    329  0.687500000  0.187500000  0.062500000   0.0      14  r13
    330  0.687500000  0.187500000  0.187500000   0.0      78  r13
    331  0.687500000  0.187500000  0.312500000   0.0      86  r13
    332  0.687500000  0.187500000  0.437500000   0.0      94  r13
    333  0.687500000  0.187500000  0.562500000   0.0     102  r13
    334  0.687500000  0.187500000  0.687500000   0.0     110  r13
    335  0.687500000  0.187500000  0.812500000   0.0      87  r13
    336  0.687500000  0.187500000  0.937500000   0.0      23  r13
    337  0.687500000  0.312500000  0.062500000   0.0      22  r13
    338  0.687500000  0.312500000  0.187500000   0.0      86  r13
    339  0.687500000  0.312500000  0.312500000   0.0     150  r13
    340  0.687500000  0.312500000  0.437500000   0.0     158  r13
    341  0.687500000  0.312500000  0.562500000   0.0     158  r03
    342  0.687500000  0.312500000  0.687500000   0.0     150  r03
    343  0.687500000  0.312500000  0.812500000   0.0      86  r03
    344  0.687500000  0.312500000  0.937500000   0.0      22  r03
    345  0.687500000  0.437500000  0.062500000   0.0      30  r03
    346  0.687500000  0.437500000  0.187500000   0.0      94  r03
    347  0.687500000  0.437500000  0.312500000   0.0     158  r03
    348  0.687500000  0.437500000  0.437500000   0.0     165  r03
    349  0.687500000  0.437500000  0.562500000   0.0     157  r03
    350  0.687500000  0.437500000  0.687500000   0.0     149  r03
    351  0.687500000  0.437500000  0.812500000   0.0      85  r03
    352  0.687500000  0.437500000  0.937500000   0.0      21  r03
    353  0.687500000  0.562500000  0.062500000   0.0      38  r03
    354  0.687500000  0.562500000  0.187500000   0.0     102  r03
    355  0.687500000  0.562500000  0.312500000   0.0     158  r03
    356  0.687500000  0.562500000  0.437500000   0.0     157  r03
    357  0.687500000  0.562500000  0.562500000   0.0     156  r03
    358  0.687500000  0.562500000  0.687500000   0.0     148  r03
    359  0.687500000  0.562500000  0.812500000   0.0      84  r03
    360  0.687500000  0.562500000  0.937500000   0.0      20  r03
    361  0.687500000  0.687500000  0.062500000   0.0      46  r03
    362  0.687500000  0.687500000  0.187500000   0.0     110  r03
    363  0.687500000  0.687500000  0.312500000   0.0     150  r03
    364  0.687500000  0.687500000  0.437500000   0.0     149  r03
    365  0.687500000  0.687500000  0.562500000   0.0     148  r03
    366  0.687500000  0.687500000  0.687500000   0.0     147  r03
    367  0.687500000  0.687500000  0.812500000   0.0      83  r03
    368  0.687500000  0.687500000  0.937500000   0.0      19  r03
    369  0.687500000  0.812500000  0.062500000   0.0      47  r03
    370  0.687500000  0.812500000  0.187500000   0.0      87  r03
    371  0.687500000  0.812500000  0.312500000   0.0      86  r03
    372  0.687500000  0.812500000  0.437500000   0.0      85  r03
    373  0.687500000  0.812500000  0.562500000   0.0      84  r03
    374  0.687500000  0.812500000  0.687500000   0.0      83  r03
    375  0.687500000  0.812500000  0.812500000   0.0      75  r03
    376  0.687500000  0.812500000  0.937500000   0.0      11  r03
    377  0.687500000  0.937500000  0.062500000   0.0      24  r03
    378  0.687500000  0.937500000  0.187500000   0.0      23  r03
    379  0.687500000  0.937500000  0.312500000   0.0      22  r03
    380  0.687500000  0.937500000  0.437500000   0.0      21  r03
    381  0.687500000  0.937500000  0.562500000   0.0      20  r03
    382  0.687500000  0.937500000  0.687500000   0.0      19  r03
    383  0.687500000  0.937500000  0.812500000   0.0      11  r03
    384  0.687500000  0.937500000  0.937500000   0.0       3  r03
    385  0.812500000  0.062500000  0.062500000   0.0       7  r13
    386  0.812500000  0.062500000  0.187500000   0.0      15  r13
    387  0.812500000  0.062500000  0.312500000   0.0      23  r13
    388  0.812500000  0.062500000  0.437500000   0.0      31  r13
    389  0.812500000  0.062500000  0.562500000   0.0      39  r13
    390  0.812500000  0.062500000  0.687500000   0.0      47  r13
    391  0.812500000  0.062500000  0.812500000   0.0      55  r13
    392  0.812500000  0.062500000  0.937500000   0.0      16  r13
    393  0.812500000  0.187500000  0.062500000   0.0      15  r13
    394  0.812500000  0.187500000  0.187500000   0.0      79  r13
    395  0.812500000  0.187500000  0.312500000   0.0      87  r13
    396  0.812500000  0.187500000  0.437500000   0.0      95  r13
    397  0.812500000  0.187500000  0.562500000   0.0      95  r03
    398  0.812500000  0.187500000  0.687500000   0.0      87  r03
    399  0.812500000  0.187500000  0.812500000   0.0      79  r03
    400  0.812500000  0.187500000  0.937500000   0.0      15  r03
    401  0.812500000  0.312500000  0.062500000   0.0      23  r03
    402  0.812500000  0.312500000  0.187500000   0.0      87  r03
    403  0.812500000  0.312500000  0.312500000   0.0     110  r03
    404  0.812500000  0.312500000  0.437500000   0.0     102  r03
    405  0.812500000  0.312500000  0.562500000   0.0      94  r03
    406  0.812500000  0.312500000  0.687500000   0.0      86  r03
    407  0.812500000  0.312500000  0.812500000   0.0      78  r03
    408  0.812500000  0.312500000  0.937500000   0.0      14  r03
    409  0.812500000  0.437500000  0.062500000   0.0      31  r03
    410  0.812500000  0.437500000  0.187500000   0.0      95  r03
    411  0.812500000  0.437500000  0.312500000   0.0     102  r03
    412  0.812500000  0.437500000  0.437500000   0.0     101  r03
    413  0.812500000  0.437500000  0.562500000   0.0      93  r03
    414  0.812500000  0.437500000  0.687500000   0.0      85  r03
    415  0.812500000  0.437500000  0.812500000   0.0      77  r03
    416  0.812500000  0.437500000  0.937500000   0.0      13  r03
    417  0.812500000  0.562500000  0.062500000   0.0      39  r03
    418  0.812500000  0.562500000  0.187500000   0.0      95  r03
    419  0.812500000  0.562500000  0.312500000   0.0      94  r03
    420  0.812500000  0.562500000  0.437500000   0.0      93  r03
    421  0.812500000  0.562500000  0.562500000   0.0      92  r03
    422  0.812500000  0.562500000  0.687500000   0.0      84  r03
    423  0.812500000  0.562500000  0.812500000   0.0      76  r03
    424  0.812500000  0.562500000  0.937500000   0.0      12  r03
    425  0.812500000  0.687500000  0.062500000   0.0      47  r03
    426  0.812500000  0.687500000  0.187500000   0.0      87  r03
    427  0.812500000  0.687500000  0.312500000   0.0      86  r03
    428  0.812500000  0.687500000  0.437500000   0.0      85  r03
    429  0.812500000  0.687500000  0.562500000   0.0      84  r03
    430  0.812500000  0.687500000  0.687500000   0.0      83  r03
    431  0.812500000  0.687500000  0.812500000   0.0      75  r03
    432  0.812500000  0.687500000  0.937500000   0.0      11  r03
    433  0.812500000  0.812500000  0.062500000   0.0      55  r03
    434  0.812500000  0.812500000  0.187500000   0.0      79  r03
    435  0.812500000  0.812500000  0.312500000   0.0      78  r03
    436  0.812500000  0.812500000  0.437500000   0.0      77  r03
    437  0.812500000  0.812500000  0.562500000   0.0      76  r03
    438  0.812500000  0.812500000  0.687500000   0.0      75  r03
    439  0.812500000  0.812500000  0.812500000   0.0      74  r03
    440  0.812500000  0.812500000  0.937500000   0.0      10  r03
    441  0.812500000  0.937500000  0.062500000   0.0      16  r03
    442  0.812500000  0.937500000  0.187500000   0.0      15  r03
    443  0.812500000  0.937500000  0.312500000   0.0      14  r03
    444  0.812500000  0.937500000  0.437500000   0.0      13  r03
    445  0.812500000  0.937500000  0.562500000   0.0      12  r03
    446  0.812500000  0.937500000  0.687500000   0.0      11  r03
    447  0.812500000  0.937500000  0.812500000   0.0      10  r03
    448  0.812500000  0.937500000  0.937500000   0.0       2  r03
    449  0.937500000  0.062500000  0.062500000   0.0       8  r13
    450  0.937500000  0.062500000  0.187500000   0.0      16  r13
    451  0.937500000  0.062500000  0.312500000   0.0      24  r13
    452  0.937500000  0.062500000  0.437500000   0.0      32  r13
    453  0.937500000  0.062500000  0.562500000   0.0      32  r03
    454  0.937500000  0.062500000  0.687500000   0.0      24  r03
    455  0.937500000  0.062500000  0.812500000   0.0      16  r03
    456  0.937500000  0.062500000  0.937500000   0.0       8  r03
    457  0.937500000  0.187500000  0.062500000   0.0      16  r03
    458  0.937500000  0.187500000  0.187500000   0.0      55  r03
    459  0.937500000  0.187500000  0.312500000   0.0      47  r03
    460  0.937500000  0.187500000  0.437500000   0.0      39  r03
    461  0.937500000  0.187500000  0.562500000   0.0      31  r03
    462  0.937500000  0.187500000  0.687500000   0.0      23  r03
    463  0.937500000  0.187500000  0.812500000   0.0      15  r03
    464  0.937500000  0.187500000  0.937500000   0.0       7  r03
    465  0.937500000  0.312500000  0.062500000   0.0      24  r03
    466  0.937500000  0.312500000  0.187500000   0.0      47  r03
    467  0.937500000  0.312500000  0.312500000   0.0      46  r03
    468  0.937500000  0.312500000  0.437500000   0.0      38  r03
    469  0.937500000  0.312500000  0.562500000   0.0      30  r03
    470  0.937500000  0.312500000  0.687500000   0.0      22  r03
    471  0.937500000  0.312500000  0.812500000   0.0      14  r03
    472  0.937500000  0.312500000  0.937500000   0.0       6  r03
    473  0.937500000  0.437500000  0.062500000   0.0      32  r03
    474  0.937500000  0.437500000  0.187500000   0.0      39  r03
    475  0.937500000  0.437500000  0.312500000   0.0      38  r03
    476  0.937500000  0.437500000  0.437500000   0.0      37  r03
    477  0.937500000  0.437500000  0.562500000   0.0      29  r03
    478  0.937500000  0.437500000  0.687500000   0.0      21  r03
    479  0.937500000  0.437500000  0.812500000   0.0      13  r03
    480  0.937500000  0.437500000  0.937500000   0.0       5  r03
    481  0.937500000  0.562500000  0.062500000   0.0      32  r03
    482  0.937500000  0.562500000  0.187500000   0.0      31  r03
    483  0.937500000  0.562500000  0.312500000   0.0      30  r03
    484  0.937500000  0.562500000  0.437500000   0.0      29  r03
    485  0.937500000  0.562500000  0.562500000   0.0      28  r03
    486  0.937500000  0.562500000  0.687500000   0.0      20  r03
    487  0.937500000  0.562500000  0.812500000   0.0      12  r03
    488  0.937500000  0.562500000  0.937500000   0.0       4  r03
    489  0.937500000  0.687500000  0.062500000   0.0      24  r03
    490  0.937500000  0.687500000  0.187500000   0.0      23  r03
    491  0.937500000  0.687500000  0.312500000   0.0      22  r03
    492  0.937500000  0.687500000  0.437500000   0.0      21  r03
    493  0.937500000  0.687500000  0.562500000   0.0      20  r03
    494  0.937500000  0.687500000  0.687500000   0.0      19  r03
    495  0.937500000  0.687500000  0.812500000   0.0      11  r03
    496  0.937500000  0.687500000  0.937500000   0.0       3  r03
    497  0.937500000  0.812500000  0.062500000   0.0      16  r03
    498  0.937500000  0.812500000  0.187500000   0.0      15  r03
    499  0.937500000  0.812500000  0.312500000   0.0      14  r03
    500  0.937500000  0.812500000  0.437500000   0.0      13  r03
    501  0.937500000  0.812500000  0.562500000   0.0      12  r03
    502  0.937500000  0.812500000  0.687500000   0.0      11  r03
    503  0.937500000  0.812500000  0.812500000   0.0      10  r03
    504  0.937500000  0.812500000  0.937500000   0.0       2  r03
    505  0.937500000  0.937500000  0.062500000   0.0       8  r03
    506  0.937500000  0.937500000  0.187500000   0.0       7  r03
    507  0.937500000  0.937500000  0.312500000   0.0       6  r03
    508  0.937500000  0.937500000  0.437500000   0.0       5  r03
    509  0.937500000  0.937500000  0.562500000   0.0       4  r03
    510  0.937500000  0.937500000  0.687500000   0.0       3  r03
    511  0.937500000  0.937500000  0.812500000   0.0       2  r03
    512  0.937500000  0.937500000  0.937500000   0.0       1  r03

k-points in the irreducible wedge
     60
      1  0.062500000  0.062500000  0.062500000   2.0       1
      2  0.062500000  0.062500000  0.187500000   6.0       2
      3  0.062500000  0.062500000  0.312500000   6.0       3
      4  0.062500000  0.062500000  0.437500000   6.0       4
      5  0.062500000  0.062500000  0.562500000   6.0       5
      6  0.062500000  0.062500000  0.687500000   6.0       6
      7  0.062500000  0.062500000  0.812500000   6.0       7
      8  0.062500000  0.062500000  0.937500000   6.0       8
      9  0.062500000  0.187500000  0.187500000   6.0      10
     10  0.062500000  0.187500000  0.312500000  12.0      11
     11  0.062500000  0.187500000  0.437500000  12.0      12
     12  0.062500000  0.187500000  0.562500000  12.0      13
     13  0.062500000  0.187500000  0.687500000  12.0      14
     14  0.062500000  0.187500000  0.812500000  12.0      15
     15  0.062500000  0.187500000  0.937500000  12.0      16
     16  0.062500000  0.312500000  0.312500000   6.0      19
     17  0.062500000  0.312500000  0.437500000  12.0      20
     18  0.062500000  0.312500000  0.562500000  12.0      21
     19  0.062500000  0.312500000  0.687500000  12.0      22
     20  0.062500000  0.312500000  0.812500000  12.0      23
     21  0.062500000  0.312500000  0.937500000  12.0      24
     22  0.062500000  0.437500000  0.437500000   6.0      28
     23  0.062500000  0.437500000  0.562500000  12.0      29
     24  0.062500000  0.437500000  0.687500000  12.0      30
     25  0.062500000  0.437500000  0.812500000  12.0      31
     26  0.062500000  0.437500000  0.937500000  12.0      32
     27  0.062500000  0.562500000  0.562500000   6.0      37
     28  0.062500000  0.562500000  0.687500000  12.0      38
     29  0.062500000  0.562500000  0.812500000  12.0      39
     30  0.062500000  0.687500000  0.687500000   6.0      46
     31  0.062500000  0.687500000  0.812500000  12.0      47
     32  0.062500000  0.812500000  0.812500000   6.0      55
     33  0.187500000  0.187500000  0.187500000   2.0      74
     34  0.187500000  0.187500000  0.312500000   6.0      75
     35  0.187500000  0.187500000  0.437500000   6.0      76
     36  0.187500000  0.187500000  0.562500000   6.0      77
     37  0.187500000  0.187500000  0.687500000   6.0      78
     38  0.187500000  0.187500000  0.812500000   6.0      79
     39  0.187500000  0.312500000  0.312500000   6.0      83
     40  0.187500000  0.312500000  0.437500000  12.0      84
     41  0.187500000  0.312500000  0.562500000  12.0      85
     42  0.187500000  0.312500000  0.687500000  12.0      86
     43  0.187500000  0.312500000  0.812500000  12.0      87
     44  0.187500000  0.437500000  0.437500000   6.0      92
     45  0.187500000  0.437500000  0.562500000  12.0      93
     46  0.187500000  0.437500000  0.687500000  12.0      94
     47  0.187500000  0.437500000  0.812500000  12.0      95
     48  0.187500000  0.562500000  0.562500000   6.0     101
     49  0.187500000  0.562500000  0.687500000  12.0     102
     50  0.187500000  0.687500000  0.687500000   6.0     110
     51  0.312500000  0.312500000  0.312500000   2.0     147
     52  0.312500000  0.312500000  0.437500000   6.0     148
     53  0.312500000  0.312500000  0.562500000   6.0     149
     54  0.312500000  0.312500000  0.687500000   6.0     150
     55  0.312500000  0.437500000  0.437500000   6.0     156
     56  0.312500000  0.437500000  0.562500000  12.0     157
     57  0.312500000  0.437500000  0.687500000  12.0     158
     58  0.312500000  0.562500000  0.562500000   6.0     165
     59  0.437500000  0.437500000  0.437500000   2.0     220
     60  0.437500000  0.437500000  0.562500000   6.0     221

